NEIS0213_1_pglA	Chromosome	77.273	44	9	1	880	922	4393756	4393713	0.22	34.6
NEIS0213_1_pglA	Chromosome	86.667	30	4	0	1088	1117	5073508	5073537	0.22	34.6
NEIS0213_1_pglA	Chromosome	74.545	55	11	3	646	697	1485125	1485179	0.62	33.2
NEIS0213_1_pglA	Chromosome	70.000	50	15	0	201	250	658965	658916	1.7	31.7
NEIS0213_1_pglA	Chromosome	79.070	43	6	2	383	422	2746978	2747020	1.7	31.7
NEIS0213_1_pglA	Chromosome	88.462	26	3	0	781	806	5144197	5144172	1.7	31.7
NEIS0213_1_pglA	Chromosome	91.304	23	2	0	486	508	274043	274021	4.7	30.2
NEIS0213_1_pglA	Chromosome	91.304	23	2	0	386	408	912957	912979	4.7	30.2
NEIS0213_1_pglA	Chromosome	72.093	43	12	0	761	803	1957266	1957224	4.7	30.2
NEIS0213_1_pglA	Chromosome	91.304	23	2	0	551	573	2040916	2040894	4.7	30.2
NEIS0213_1_pglA	Chromosome	66.197	71	22	2	275	344	3213069	3213138	4.7	30.2
NEIS0213_1_pglA	Chromosome	82.759	29	5	0	927	955	3908306	3908278	4.7	30.2
NEIS2839_1_pglB2a	Chromosome	61.048	439	141	16	142	550	2515746	2515308	1.66e-14	77.3
NEIS2839_1_pglB2a	Chromosome	77.778	36	8	0	503	538	1043251	1043216	0.90	31.7
NEIS2839_1_pglB2a	Chromosome	81.250	32	6	0	235	266	1429120	1429151	0.90	31.7
NEIS2839_1_pglB2a	Chromosome	65.823	79	24	3	174	251	82255	82179	2.5	30.2
NEIS2839_1_pglB2a	Chromosome	95.238	21	1	0	341	361	3997935	3997955	2.5	30.2
NEIS2839_1_pglB2a	Chromosome	73.171	41	11	0	505	545	4002038	4002078	2.5	30.2
NEIS2839_1_pglB2a	Chromosome	84.615	26	4	0	387	412	33635	33660	6.9	28.7
NEIS2839_1_pglB2a	Chromosome	90.909	22	2	0	31	52	118383	118362	6.9	28.7
NEIS2839_1_pglB2a	Chromosome	75.000	36	9	0	50	85	232753	232788	6.9	28.7
NEIS2839_1_pglB2a	Chromosome	87.500	24	3	0	171	194	252290	252313	6.9	28.7
NEIS2839_1_pglB2a	Chromosome	80.000	30	6	0	223	252	691984	691955	6.9	28.7
NEIS2839_1_pglB2a	Chromosome	87.500	24	3	0	249	272	1320365	1320388	6.9	28.7
NEIS2839_1_pglB2a	Chromosome	87.500	24	3	0	593	616	1682675	1682652	6.9	28.7
NEIS2839_1_pglB2a	Chromosome	80.000	30	6	0	140	169	1928650	1928679	6.9	28.7
NEIS2839_1_pglB2a	Chromosome	87.500	24	3	0	506	529	2530364	2530387	6.9	28.7
NEIS2839_1_pglB2a	Chromosome	61.538	78	30	0	384	461	2920988	2920911	6.9	28.7
NEIS2839_1_pglB2a	Chromosome	80.000	30	6	0	70	99	3262358	3262329	6.9	28.7
NEIS2839_1_pglB2a	Chromosome	78.125	32	7	0	192	223	4072934	4072903	6.9	28.7
NEIS2839_1_pglB2a	Chromosome	87.500	24	3	0	208	231	4191815	4191792	6.9	28.7
NEIS2839_1_pglB2a	Chromosome	71.429	42	12	0	163	204	4934198	4934157	6.9	28.7
NEIS2840_1_pglB2b	Chromosome	77.273	44	9	1	89	132	1109541	1109499	0.19	34.6
NEIS2840_1_pglB2b	Chromosome	75.610	41	10	0	650	690	5067756	5067796	0.53	33.2
NEIS2840_1_pglB2b	Chromosome	91.667	24	2	0	565	588	744612	744589	1.5	31.7
NEIS2840_1_pglB2b	Chromosome	77.778	36	8	0	385	420	1869067	1869102	1.5	31.7
NEIS2840_1_pglB2b	Chromosome	76.190	42	9	1	777	817	2646101	2646142	1.5	31.7
NEIS2840_1_pglB2b	Chromosome	77.778	36	8	0	437	472	3370978	3371013	1.5	31.7
NEIS2840_1_pglB2b	Chromosome	72.917	48	12	1	740	786	3941542	3941589	1.5	31.7
NEIS2840_1_pglB2b	Chromosome	75.000	44	10	1	348	391	4004923	4004881	1.5	31.7
NEIS2840_1_pglB2b	Chromosome	74.419	43	10	1	647	689	801401	801442	4.0	30.2
NEIS2840_1_pglB2b	Chromosome	75.676	37	9	0	69	105	1352630	1352666	4.0	30.2
NEIS2840_1_pglB2b	Chromosome	91.304	23	2	0	769	791	2100243	2100265	4.0	30.2
NEIS2840_1_pglB2b	Chromosome	80.645	31	6	0	692	722	3454464	3454494	4.0	30.2
NEIS2840_1_pglB2b	Chromosome	85.185	27	4	0	233	259	5186805	5186831	4.0	30.2
NEIS2840_1_pglB2b	Chromosome	77.143	35	8	0	683	717	5257127	5257161	4.0	30.2
NEIS2838_1_pglB2	Chromosome	60.364	439	144	16	142	550	2515746	2515308	2.03e-11	68.5
NEIS2838_1_pglB2	Chromosome	77.273	44	9	1	692	735	1109541	1109499	0.31	34.6
NEIS2838_1_pglB2	Chromosome	75.610	41	10	0	1253	1293	5067756	5067796	0.87	33.2
NEIS2838_1_pglB2	Chromosome	77.778	36	8	0	50	85	232753	232788	2.4	31.7
NEIS2838_1_pglB2	Chromosome	91.667	24	2	0	1168	1191	744612	744589	2.4	31.7
NEIS2838_1_pglB2	Chromosome	77.778	36	8	0	988	1023	1869067	1869102	2.4	31.7
NEIS2838_1_pglB2	Chromosome	76.190	42	9	1	1380	1420	2646101	2646142	2.4	31.7
NEIS2838_1_pglB2	Chromosome	78.947	38	7	1	16	52	3266984	3267021	2.4	31.7
NEIS2838_1_pglB2	Chromosome	77.778	36	8	0	1040	1075	3370978	3371013	2.4	31.7
NEIS2838_1_pglB2	Chromosome	72.917	48	12	1	1343	1389	3941542	3941589	2.4	31.7
NEIS2838_1_pglB2	Chromosome	75.000	44	10	1	951	994	4004923	4004881	2.4	31.7
NEIS2838_1_pglB2	Chromosome	74.419	43	10	1	1250	1292	801401	801442	6.7	30.2
NEIS2838_1_pglB2	Chromosome	88.000	25	3	0	291	315	1209028	1209052	6.7	30.2
NEIS2838_1_pglB2	Chromosome	75.676	37	9	0	672	708	1352630	1352666	6.7	30.2
NEIS2838_1_pglB2	Chromosome	91.304	23	2	0	1372	1394	2100243	2100265	6.7	30.2
NEIS2838_1_pglB2	Chromosome	80.645	31	6	0	1295	1325	3454464	3454494	6.7	30.2
NEIS2838_1_pglB2	Chromosome	95.238	21	1	0	341	361	3997935	3997955	6.7	30.2
NEIS2838_1_pglB2	Chromosome	83.871	31	4	1	244	273	4699220	4699190	6.7	30.2
NEIS2838_1_pglB2	Chromosome	85.185	27	4	0	836	862	5186805	5186831	6.7	30.2
NEIS2838_1_pglB2	Chromosome	77.143	35	8	0	1286	1320	5257127	5257161	6.7	30.2
NEIS0399_1	Chromosome	65.761	184	48	7	382	550	2515491	2515308	1.54e-07	55.2
NEIS0399_1	Chromosome	58.416	202	78	3	142	337	2515746	2515545	0.011	39.0
NEIS0399_1	Chromosome	64.078	103	33	3	632	732	503663	503763	0.24	34.6
NEIS0399_1	Chromosome	83.871	31	5	0	777	807	186716	186686	0.68	33.2
NEIS0399_1	Chromosome	83.871	31	5	0	999	1029	4783469	4783439	0.68	33.2
NEIS0399_1	Chromosome	69.355	62	16	2	612	672	1621	1562	5.2	30.2
NEIS0399_1	Chromosome	66.154	65	21	1	195	258	522509	522573	5.2	30.2
NEIS0399_1	Chromosome	75.610	41	9	1	839	879	2553998	2553959	5.2	30.2
NEIS0399_1	Chromosome	85.185	27	4	0	600	626	2698756	2698730	5.2	30.2
NEIS0399_1	Chromosome	68.966	58	16	1	307	362	2946526	2946583	5.2	30.2
NEIS0399_1	Chromosome	67.188	64	19	1	598	659	4375097	4375160	5.2	30.2
NEIS0399_1	Chromosome	86.667	30	2	1	209	236	4703930	4703901	5.2	30.2
NEIS0379_1_pglC	Chromosome	68.551	1097	335	9	1	1092	1455402	1454311	1.58e-163	573
NEIS0379_1_pglC	Chromosome	76.744	43	10	0	18	60	3095814	3095772	0.077	36.1
NEIS0379_1_pglC	Chromosome	77.083	48	9	2	635	681	3896648	3896602	0.21	34.6
NEIS0379_1_pglC	Chromosome	80.556	36	7	0	31	66	4458893	4458928	0.21	34.6
NEIS0379_1_pglC	Chromosome	74.468	47	11	1	318	364	1934021	1934066	0.59	33.2
NEIS0379_1_pglC	Chromosome	78.378	37	8	0	166	202	3493824	3493860	0.59	33.2
NEIS0379_1_pglC	Chromosome	83.871	31	5	0	36	66	5020524	5020494	0.59	33.2
NEIS0379_1_pglC	Chromosome	75.000	40	10	0	496	535	897868	897907	1.6	31.7
NEIS0379_1_pglC	Chromosome	64.286	70	25	0	740	809	4721741	4721672	1.6	31.7
NEIS0379_1_pglC	Chromosome	82.759	29	5	0	589	617	822867	822895	4.6	30.2
NEIS0379_1_pglC	Chromosome	80.645	31	6	0	889	919	1563645	1563615	4.6	30.2
NEIS0379_1_pglC	Chromosome	74.359	39	10	0	195	233	2145944	2145906	4.6	30.2
NEIS0379_1_pglC	Chromosome	84.375	32	3	1	697	728	2734348	2734319	4.6	30.2
NEIS0379_1_pglC	Chromosome	78.788	33	7	0	362	394	4246088	4246056	4.6	30.2
NEIS0379_1_pglC	Chromosome	95.238	21	1	0	835	855	4662548	4662528	4.6	30.2
NEIS0379_1_pglC	Chromosome	95.238	21	1	0	274	294	4890879	4890859	4.6	30.2
NEIS0397_1_pglC	Chromosome	60.109	366	132	10	223	581	4551882	4552240	9.12e-14	75.8
NEIS0397_1_pglC	Chromosome	90.000	30	2	1	1106	1134	490309	490338	0.23	34.6
NEIS0397_1_pglC	Chromosome	95.833	24	1	0	1104	1127	976461	976438	0.23	34.6
NEIS0397_1_pglC	Chromosome	81.081	37	6	1	717	753	2760753	2760718	0.64	33.2
NEIS0397_1_pglC	Chromosome	81.818	33	6	0	840	872	4906934	4906902	0.64	33.2
NEIS0397_1_pglC	Chromosome	74.468	47	11	1	797	842	5218344	5218298	0.64	33.2
NEIS0397_1_pglC	Chromosome	88.462	26	3	0	332	357	996698	996723	1.8	31.7
NEIS0397_1_pglC	Chromosome	72.917	48	12	1	395	441	1282599	1282552	1.8	31.7
NEIS0397_1_pglC	Chromosome	73.913	46	11	1	724	769	1504130	1504086	1.8	31.7
NEIS0397_1_pglC	Chromosome	76.316	38	9	0	1035	1072	1574578	1574615	1.8	31.7
NEIS0397_1_pglC	Chromosome	67.901	81	21	4	153	232	2105845	2105769	1.8	31.7
NEIS0397_1_pglC	Chromosome	88.462	26	3	0	1064	1089	2420469	2420494	1.8	31.7
NEIS0397_1_pglC	Chromosome	79.412	34	7	0	376	409	3039509	3039476	1.8	31.7
NEIS0397_1_pglC	Chromosome	83.333	30	5	0	728	757	3392357	3392386	1.8	31.7
NEIS0397_1_pglC	Chromosome	71.739	46	13	0	875	920	4457157	4457202	1.8	31.7
NEIS0397_1_pglC	Chromosome	71.698	53	13	2	114	165	3322482	3322533	4.9	30.2
NEIS0397_1_pglC	Chromosome	76.744	43	8	2	146	187	3678695	3678654	4.9	30.2
NEIS0397_1_pglC	Chromosome	82.759	29	5	0	770	798	4516652	4516680	4.9	30.2
NEIS0397_1_pglC	Chromosome	81.081	37	5	2	665	701	4965525	4965491	4.9	30.2
NEIS0396_1_pglD	Chromosome	80.000	45	8	1	739	782	2685729	2685773	0.018	39.0
NEIS0396_1_pglD	Chromosome	76.923	39	9	0	1676	1714	101310	101272	1.1	33.2
NEIS0396_1_pglD	Chromosome	88.462	26	3	0	943	968	723943	723918	2.9	31.7
NEIS0396_1_pglD	Chromosome	91.667	24	2	0	944	967	2143368	2143391	2.9	31.7
NEIS0396_1_pglD	Chromosome	79.412	34	7	0	727	760	2755806	2755773	2.9	31.7
NEIS0396_1_pglD	Chromosome	85.714	28	4	0	343	370	4690710	4690737	2.9	31.7
NEIS0396_1_pglD	Chromosome	91.667	24	2	0	1175	1198	4780086	4780109	2.9	31.7
NEIS0396_1_pglD	Chromosome	100.000	19	0	0	1290	1308	905523	905505	8.1	30.2
NEIS0396_1_pglD	Chromosome	82.759	29	5	0	637	665	3900022	3899994	8.1	30.2
NEIS0396_1_pglD	Chromosome	83.871	31	4	1	418	447	4238818	4238788	8.1	30.2
NEIS0396_1_pglD	Chromosome	88.000	25	3	0	244	268	4309553	4309529	8.1	30.2
NEIS0396_1_pglD	Chromosome	83.871	31	4	1	612	642	4463204	4463233	8.1	30.2
NEIS0568_1_pglE	Chromosome	88.462	26	3	0	96	121	4542915	4542890	1.5	31.7
NEIS0568_1_pglE	Chromosome	80.000	35	6	1	194	227	260945	260911	4.1	30.2
NEIS0568_1_pglE	Chromosome	80.645	31	6	0	259	289	561280	561310	4.1	30.2
NEIS0568_1_pglE	Chromosome	85.185	27	4	0	286	312	724501	724527	4.1	30.2
NEIS0568_1_pglE	Chromosome	75.676	37	9	0	814	850	1898336	1898300	4.1	30.2
NEIS0568_1_pglE	Chromosome	82.759	29	5	0	321	349	2232413	2232385	4.1	30.2
NEIS0568_1_pglE	Chromosome	88.000	25	3	0	544	568	2399136	2399112	4.1	30.2
NEIS0568_1_pglE	Chromosome	78.788	33	7	0	861	893	3402263	3402295	4.1	30.2
NEIS0402_1_pglF	Chromosome	75.862	58	11	3	448	504	175600	175655	0.037	37.6
NEIS0402_1_pglF	Chromosome	83.333	36	5	1	826	860	158781	158746	0.28	34.6
NEIS0402_1_pglF	Chromosome	74.138	58	12	3	875	931	3720002	3720057	0.28	34.6
NEIS0402_1_pglF	Chromosome	90.000	30	2	1	321	349	4365813	4365842	0.28	34.6
NEIS0402_1_pglF	Chromosome	84.848	33	4	1	1307	1338	2049434	2049466	0.78	33.2
NEIS0402_1_pglF	Chromosome	80.556	36	6	1	119	153	1543358	1543393	2.2	31.7
NEIS0402_1_pglF	Chromosome	78.947	38	7	1	329	365	2370163	2370200	2.2	31.7
NEIS0402_1_pglF	Chromosome	67.188	64	20	1	1091	1154	2939665	2939603	2.2	31.7
NEIS0402_1_pglF	Chromosome	82.353	34	5	1	1082	1114	4175225	4175258	2.2	31.7
NEIS0402_1_pglF	Chromosome	65.152	66	23	0	923	988	4723172	4723107	2.2	31.7
NEIS0402_1_pglF	Chromosome	84.375	32	4	1	903	933	5143678	5143647	2.2	31.7
NEIS0402_1_pglF	Chromosome	82.759	29	5	0	652	680	313251	313223	6.0	30.2
NEIS0402_1_pglF	Chromosome	71.111	45	13	0	1091	1135	420075	420119	6.0	30.2
NEIS0402_1_pglF	Chromosome	78.378	37	7	1	118	153	855638	855674	6.0	30.2
NEIS0402_1_pglF	Chromosome	76.923	39	8	1	522	560	1626320	1626357	6.0	30.2
NEIS0402_1_pglF	Chromosome	71.429	56	13	2	743	798	1713765	1713713	6.0	30.2
NEIS0402_1_pglF	Chromosome	82.759	29	5	0	60	88	2077350	2077378	6.0	30.2
NEIS0402_1_pglF	Chromosome	76.923	39	8	1	1257	1295	2656218	2656255	6.0	30.2
NEIS0402_1_pglF	Chromosome	78.788	33	7	0	24	56	3841150	3841118	6.0	30.2
NEIS0402_1_pglF	Chromosome	80.645	31	6	0	333	363	3875214	3875244	6.0	30.2
NEIS0402_1_pglF	Chromosome	74.419	43	10	1	751	792	4264314	4264356	6.0	30.2
NEIS0402_1_pglF	Chromosome	75.676	37	9	0	343	379	4668314	4668278	6.0	30.2
NEIS0402_1_pglF	Chromosome	78.788	33	7	0	36	68	5050920	5050952	6.0	30.2
NEIS0402_1_pglF	Chromosome	68.421	57	17	1	1068	1124	5062262	5062317	6.0	30.2
NEIS0402_1_pglF	Chromosome	72.093	43	12	0	1093	1135	5239629	5239587	6.0	30.2
NEIS0402_1_pglF	pHUSEC2011-1	91.304	23	2	0	1350	1372	31609	31587	6.0	30.2
NEIS0401_1_pglG	Chromosome	95.652	23	1	0	673	695	4885038	4885016	0.58	33.2
NEIS0401_1_pglG	Chromosome	88.462	26	3	0	389	414	1186503	1186478	1.6	31.7
NEIS0401_1_pglG	Chromosome	83.333	36	4	2	401	436	2838435	2838402	1.6	31.7
NEIS0401_1_pglG	Chromosome	82.759	29	5	0	270	298	2414590	2414618	4.4	30.2
NEIS0401_1_pglG	Chromosome	75.676	37	9	0	915	951	3428976	3428940	4.4	30.2
NEIS0401_1_pglG	Chromosome	82.759	29	5	0	730	758	4606197	4606225	4.4	30.2
NEIS0401_1_pglG	Chromosome	86.207	29	3	1	371	398	5238042	5238070	4.4	30.2
NEIS0400_1_pglH	Chromosome	85.714	28	4	0	96	123	31824	31851	1.8	31.7
NEIS0400_1_pglH	Chromosome	81.579	38	5	2	190	226	2539603	2539567	1.8	31.7
NEIS0400_1_pglH	Chromosome	88.000	25	3	0	592	616	357304	357280	4.9	30.2
NEIS0400_1_pglH	Chromosome	82.759	29	5	0	329	357	3753032	3753060	4.9	30.2
NEIS0400_1_pglH	Chromosome	80.645	31	6	0	992	1022	3824076	3824046	4.9	30.2
NEIS0400_1_pglH	Chromosome	72.093	43	12	0	249	291	3844046	3844088	4.9	30.2
NEIS0400_1_pglH	Chromosome	75.676	37	9	0	267	303	4299588	4299624	4.9	30.2
NEIS0400_1_pglH	Chromosome	78.049	41	7	2	302	341	4802284	4802323	4.9	30.2
NEIS0380_1_pglI	Chromosome	76.923	39	9	0	1208	1246	666351	666313	1.0	33.2
NEIS0380_1_pglI	Chromosome	70.833	48	14	0	624	671	5014666	5014619	2.9	31.7
NEIS0380_1_pglI	Chromosome	78.788	33	7	0	1435	1467	498024	498056	8.0	30.2
NEIS0380_1_pglI	Chromosome	91.304	23	2	0	279	301	1658964	1658986	8.0	30.2
NEIS0380_1_pglI	Chromosome	78.378	37	7	1	1191	1227	1680003	1680038	8.0	30.2
NEIS0380_1_pglI	Chromosome	85.185	27	4	0	1822	1848	1923914	1923940	8.0	30.2
NEIS0380_1_pglI	Chromosome	79.487	39	6	2	276	314	2492594	2492558	8.0	30.2
NEIS0380_1_pglI	Chromosome	68.627	51	16	0	20	70	3231222	3231172	8.0	30.2
NEIS0380_1_pglI	Chromosome	91.304	23	2	0	246	268	3694153	3694131	8.0	30.2
NEIS0380_1_pglI	Chromosome	73.171	41	11	0	225	265	3705919	3705959	8.0	30.2
NEIS0380_1_pglI	Chromosome	75.556	45	9	2	1097	1140	4089258	4089301	8.0	30.2
NEIS0380_1_pglI	Chromosome	74.359	39	10	0	758	796	4920609	4920571	8.0	30.2
NEIS0380_1_pglI	pHUSEC2011-2	69.863	73	16	4	1129	1199	4950	5018	8.0	30.2
NEIS0539_1_pglL	Chromosome	73.770	61	12	4	426	484	574260	574202	1.0	33.2
NEIS0539_1_pglL	Chromosome	78.378	37	8	0	438	474	2294849	2294885	1.0	33.2
NEIS0539_1_pglL	Chromosome	95.652	23	1	0	1118	1140	2413047	2413069	1.0	33.2
NEIS0539_1_pglL	Chromosome	79.412	34	7	0	1747	1780	81033	81000	2.8	31.7
NEIS0539_1_pglL	Chromosome	68.966	58	17	1	1319	1375	1023166	1023109	2.8	31.7
NEIS0539_1_pglL	Chromosome	65.333	75	24	1	138	212	1972854	1972926	2.8	31.7
NEIS0539_1_pglL	Chromosome	89.286	28	2	1	942	969	2242305	2242279	2.8	31.7
NEIS0539_1_pglL	Chromosome	68.657	67	18	2	1708	1774	5201176	5201113	2.8	31.7
NEIS0539_1_pglL	Chromosome	70.213	47	14	0	671	717	2609	2563	7.7	30.2
NEIS0539_1_pglL	Chromosome	81.818	33	5	1	19	50	159009	159041	7.7	30.2
NEIS0539_1_pglL	Chromosome	80.645	31	6	0	91	121	189771	189801	7.7	30.2
NEIS0539_1_pglL	Chromosome	82.759	29	5	0	977	1005	432951	432979	7.7	30.2
NEIS0539_1_pglL	Chromosome	73.469	49	11	2	1403	1449	963892	963844	7.7	30.2
NEIS0539_1_pglL	Chromosome	70.213	47	14	0	1583	1629	1360737	1360691	7.7	30.2
NEIS0539_1_pglL	Chromosome	85.185	27	4	0	1099	1125	1404913	1404887	7.7	30.2
NEIS0539_1_pglL	Chromosome	80.000	35	6	1	600	634	1430208	1430241	7.7	30.2
NEIS0539_1_pglL	Chromosome	75.000	48	8	1	1459	1506	1868905	1868862	7.7	30.2
NEIS0539_1_pglL	Chromosome	74.419	43	10	1	832	874	2426464	2426505	7.7	30.2
NEIS0539_1_pglL	Chromosome	88.000	25	3	0	444	468	2717838	2717862	7.7	30.2
NEIS0539_1_pglL	Chromosome	88.000	25	3	0	1119	1143	2771509	2771485	7.7	30.2
NEIS0539_1_pglL	Chromosome	78.788	33	7	0	1410	1442	2874087	2874055	7.7	30.2
NEIS0539_1_pglL	Chromosome	88.000	25	3	0	139	163	4792109	4792085	7.7	30.2
NEIS0539_1_pglL	pHUSEC2011-2	100.000	19	0	0	1120	1138	12765	12747	7.7	30.2
NEIS2846_1_pglN2	Chromosome	70.312	64	17	1	896	959	5257298	5257359	0.086	36.1
NEIS2846_1_pglN2	Chromosome	76.744	43	8	2	171	212	168263	168304	5.1	30.2
NEIS2846_1_pglN2	Chromosome	91.304	23	2	0	187	209	236108	236086	5.1	30.2
NEIS2846_1_pglN2	Chromosome	82.759	29	5	0	452	480	510111	510083	5.1	30.2
NEIS2846_1_pglN2	Chromosome	82.759	29	5	0	1120	1148	2913781	2913753	5.1	30.2
NEIS2841_1_pglN	Chromosome	76.471	51	9	2	1084	1131	4632017	4632067	0.23	34.6
NEIS2841_1_pglN	Chromosome	68.852	61	18	1	919	979	2959866	2959807	0.64	33.2
NEIS2841_1_pglN	Chromosome	70.968	62	15	2	472	530	4104551	4104490	0.64	33.2
NEIS2841_1_pglN	Chromosome	65.823	79	24	2	3	79	3833489	3833566	1.8	31.7
NEIS2841_1_pglN	Chromosome	78.788	33	7	0	808	840	18030	18062	4.9	30.2
NEIS2841_1_pglN	Chromosome	77.143	35	8	0	331	365	588011	588045	4.9	30.2
NEIS2841_1_pglN	Chromosome	78.788	33	7	0	810	842	641109	641141	4.9	30.2
NEIS2841_1_pglN	Chromosome	74.359	39	10	0	345	383	3728649	3728611	4.9	30.2
NEIS2841_1_pglN	Chromosome	85.185	27	4	0	1128	1154	3777320	3777294	4.9	30.2
NEIS2841_1_pglN	Chromosome	73.333	45	11	1	830	873	4008355	4008311	4.9	30.2
NEIS2841_1_pglN	Chromosome	74.419	43	10	1	650	691	4220182	4220140	4.9	30.2
NEIS2841_1_pglN	Chromosome	100.000	19	0	0	228	246	4430231	4430213	4.9	30.2
NEIS2841_1_pglN	Chromosome	88.000	25	3	0	166	190	4628903	4628879	4.9	30.2
NEIS2841_1_pglN	Chromosome	73.770	61	11	5	802	860	5230144	5230201	4.9	30.2
