NEIS0213_1_pglA	contig00007	97.171	1131	29	1	1	1131	11727	12854	0.0	1566
NEIS0213_1_pglA	contig00031	76.923	39	9	0	939	977	2724	2762	0.24	33.2
NEIS0213_1_pglA	contig00005	71.429	49	14	0	395	443	51890	51842	0.24	33.2
NEIS0213_1_pglA	contig00005	73.171	41	11	0	1067	1107	72250	72210	1.9	30.2
NEIS0213_1_pglA	contig00004	79.412	34	7	0	702	735	52196	52229	0.67	31.7
NEIS0213_1_pglA	contig00028	70.213	47	14	0	53	99	10351	10397	1.9	30.2
NEIS0213_1_pglA	contig00027	82.759	29	5	0	676	704	17730	17702	1.9	30.2
NEIS0213_1_pglA	contig00018	91.304	23	2	0	1001	1023	17610	17632	1.9	30.2
NEIS0213_1_pglA	contig00019	82.759	29	5	0	518	546	16153	16181	1.9	30.2
NEIS0213_1_pglA	contig00009	78.788	33	7	0	573	605	25002	25034	1.9	30.2
NEIS0213_1_pglA	contig00009	71.154	52	13	1	461	512	28441	28490	1.9	30.2
NEIS0213_1_pglA	contig00009	78.125	32	7	0	304	335	17228	17197	5.2	28.7
NEIS0213_1_pglA	contig00009	79.412	34	6	1	65	98	21250	21218	5.2	28.7
NEIS0213_1_pglA	contig00009	84.615	26	4	0	692	717	29412	29437	5.2	28.7
NEIS0213_1_pglA	contig00060	82.143	28	5	0	632	659	3001	2974	5.2	28.7
NEIS0213_1_pglA	contig00052	90.909	22	2	0	357	378	4986	4965	5.2	28.7
NEIS0213_1_pglA	contig00047	84.615	26	4	0	682	707	6128	6103	5.2	28.7
NEIS0213_1_pglA	contig00046	71.429	42	12	0	1062	1103	6125	6166	5.2	28.7
NEIS0213_1_pglA	contig00038	87.500	24	3	0	385	408	3378	3355	5.2	28.7
NEIS0213_1_pglA	contig00035	82.353	34	4	2	650	682	11267	11235	5.2	28.7
NEIS0213_1_pglA	contig00034	80.000	30	6	0	1080	1109	9225	9254	5.2	28.7
NEIS0213_1_pglA	contig00034	84.615	26	4	0	1020	1045	21331	21356	5.2	28.7
NEIS0213_1_pglA	contig00017	78.125	32	7	0	534	565	24454	24485	5.2	28.7
NEIS0213_1_pglA	contig00014	78.125	32	7	0	759	790	18041	18010	5.2	28.7
NEIS0213_1_pglA	contig00010	70.833	48	13	1	64	110	7600	7553	5.2	28.7
NEIS0213_1_pglA	contig00002	82.143	28	5	0	655	682	83253	83226	5.2	28.7
NEIS0213_1_pglA	contig00001	69.841	63	15	3	859	920	78354	78295	5.2	28.7
NEIS2839_1_pglB2a	contig00005	84.087	597	95	0	1	597	14682	14086	1.31e-172	601
NEIS2839_1_pglB2a	contig00005	84.000	25	4	0	227	251	9967	9991	7.6	27.3
NEIS2839_1_pglB2a	contig00001	67.647	68	22	0	211	278	90439	90506	0.006	37.6
NEIS2839_1_pglB2a	contig00039	82.353	34	6	0	507	540	17617	17584	0.046	34.6
NEIS2839_1_pglB2a	contig00044	86.207	29	4	0	434	462	6515	6543	0.13	33.2
NEIS2839_1_pglB2a	contig00003	78.378	37	8	0	176	212	63975	63939	0.13	33.2
NEIS2839_1_pglB2a	contig00055	75.000	44	10	1	6	48	6912	6955	0.36	31.7
NEIS2839_1_pglB2a	contig00055	82.143	28	5	0	505	532	1833	1860	2.7	28.7
NEIS2839_1_pglB2a	contig00025	95.455	22	1	0	350	371	18334	18355	0.36	31.7
NEIS2839_1_pglB2a	contig00011	91.667	24	2	0	550	573	51142	51165	0.36	31.7
NEIS2839_1_pglB2a	contig00011	95.000	20	1	0	205	224	11136	11117	2.7	28.7
NEIS2839_1_pglB2a	contig00014	74.359	39	10	0	350	388	6074	6036	0.99	30.2
NEIS2839_1_pglB2a	contig00004	88.000	25	3	0	233	257	58681	58657	0.99	30.2
NEIS2839_1_pglB2a	contig00023	72.500	40	11	0	423	462	3224	3185	2.7	28.7
NEIS2839_1_pglB2a	contig00021	76.471	34	8	0	398	431	34300	34333	2.7	28.7
NEIS2839_1_pglB2a	contig00002	76.471	34	8	0	172	205	57005	56972	2.7	28.7
NEIS2839_1_pglB2a	contig00002	63.768	69	24	1	199	266	40832	40900	7.6	27.3
NEIS2839_1_pglB2a	contig00076	84.000	25	4	0	502	526	410	434	7.6	27.3
NEIS2839_1_pglB2a	contig00019	94.737	19	1	0	94	112	3215	3197	7.6	27.3
NEIS2839_1_pglB2a	contig00015	86.957	23	3	0	198	220	44009	43987	7.6	27.3
NEIS2839_1_pglB2a	contig00007	75.758	33	8	0	523	555	25999	26031	7.6	27.3
NEIS2840_1_pglB2b	contig00031	66.265	83	26	2	73	155	22538	22458	0.027	36.1
NEIS2840_1_pglB2b	contig00031	78.378	37	7	1	345	380	22815	22779	1.6	30.2
NEIS2840_1_pglB2b	contig00014	79.592	49	7	3	603	650	47846	47800	0.027	36.1
NEIS2840_1_pglB2b	contig00014	76.471	34	8	0	62	95	28413	28446	4.4	28.7
NEIS2840_1_pglB2b	contig00007	71.429	63	16	2	81	142	35408	35347	0.027	36.1
NEIS2840_1_pglB2b	contig00007	85.185	27	4	0	70	96	50215	50189	1.6	30.2
NEIS2840_1_pglB2b	contig00007	84.615	26	4	0	424	449	11982	12007	4.4	28.7
NEIS2840_1_pglB2b	contig00007	83.333	30	4	1	601	630	33631	33603	4.4	28.7
NEIS2840_1_pglB2b	contig00007	73.684	38	10	0	73	110	36941	36978	4.4	28.7
NEIS2840_1_pglB2b	contig00007	100.000	18	0	0	79	96	43376	43393	4.4	28.7
NEIS2840_1_pglB2b	contig00007	78.125	32	7	0	74	105	63340	63371	4.4	28.7
NEIS2840_1_pglB2b	contig00003	82.353	34	6	0	809	842	35499	35466	0.075	34.6
NEIS2840_1_pglB2b	contig00003	75.610	41	9	1	257	297	5607	5568	1.6	30.2
NEIS2840_1_pglB2b	contig00003	67.692	65	19	2	600	663	54362	54299	1.6	30.2
NEIS2840_1_pglB2b	contig00003	87.500	24	3	0	598	621	51414	51437	4.4	28.7
NEIS2840_1_pglB2b	contig00015	81.818	33	6	0	262	294	31569	31601	0.21	33.2
NEIS2840_1_pglB2b	contig00015	91.304	23	2	0	81	103	5886	5908	1.6	30.2
NEIS2840_1_pglB2b	contig00015	91.304	23	2	0	73	95	21842	21820	1.6	30.2
NEIS2840_1_pglB2b	contig00015	90.909	22	2	0	605	626	31662	31683	4.4	28.7
NEIS2840_1_pglB2b	contig00015	84.615	26	4	0	84	109	34741	34716	4.4	28.7
NEIS2840_1_pglB2b	contig00009	79.487	39	7	1	60	97	11922	11960	0.21	33.2
NEIS2840_1_pglB2b	contig00009	72.340	47	13	0	764	810	24665	24711	0.21	33.2
NEIS2840_1_pglB2b	contig00009	84.375	32	4	1	74	105	37282	37252	0.58	31.7
NEIS2840_1_pglB2b	contig00009	100.000	19	0	0	603	621	29280	29262	1.6	30.2
NEIS2840_1_pglB2b	contig00009	90.909	22	2	0	279	300	5247	5226	4.4	28.7
NEIS2840_1_pglB2b	contig00009	90.909	22	2	0	54	75	45535	45514	4.4	28.7
NEIS2840_1_pglB2b	contig00009	84.615	26	4	0	593	618	60054	60029	4.4	28.7
NEIS2840_1_pglB2b	contig00056	66.216	74	23	2	557	629	6244	6172	0.58	31.7
NEIS2840_1_pglB2b	contig00028	84.375	32	4	1	65	95	21506	21475	0.58	31.7
NEIS2840_1_pglB2b	contig00028	85.185	27	4	0	79	105	24084	24110	1.6	30.2
NEIS2840_1_pglB2b	contig00026	95.455	22	1	0	74	95	849	870	0.58	31.7
NEIS2840_1_pglB2b	contig00026	82.143	28	5	0	68	95	8288	8261	4.4	28.7
NEIS2840_1_pglB2b	contig00023	75.000	40	10	0	598	637	36793	36754	0.58	31.7
NEIS2840_1_pglB2b	contig00023	91.667	24	1	1	73	96	34082	34104	4.4	28.7
NEIS2840_1_pglB2b	contig00021	82.353	34	5	1	591	623	13360	13327	0.58	31.7
NEIS2840_1_pglB2b	contig00021	90.909	22	2	0	773	794	4308	4287	4.4	28.7
NEIS2840_1_pglB2b	contig00021	87.500	24	3	0	599	622	14440	14417	4.4	28.7
NEIS2840_1_pglB2b	contig00011	79.412	34	7	0	930	963	19174	19207	0.58	31.7
NEIS2840_1_pglB2b	contig00010	95.455	22	1	0	75	96	34083	34104	0.58	31.7
NEIS2840_1_pglB2b	contig00010	82.759	29	5	0	600	628	51888	51916	1.6	30.2
NEIS2840_1_pglB2b	contig00010	84.615	26	4	0	257	282	7935	7910	4.4	28.7
NEIS2840_1_pglB2b	contig00010	91.667	24	1	1	80	103	8987	8965	4.4	28.7
NEIS2840_1_pglB2b	contig00008	89.286	28	2	1	596	623	50982	50956	0.58	31.7
NEIS2840_1_pglB2b	contig00008	84.615	26	4	0	78	103	26783	26758	4.4	28.7
NEIS2840_1_pglB2b	contig00008	87.500	24	3	0	82	105	46852	46875	4.4	28.7
NEIS2840_1_pglB2b	contig00006	67.143	70	21	2	117	185	23276	23344	0.58	31.7
NEIS2840_1_pglB2b	contig00006	100.000	18	0	0	81	98	48385	48368	4.4	28.7
NEIS2840_1_pglB2b	contig00006	91.667	24	1	1	74	97	55127	55105	4.4	28.7
NEIS2840_1_pglB2b	contig00004	79.412	34	7	0	82	115	46381	46414	0.58	31.7
NEIS2840_1_pglB2b	contig00004	84.615	26	4	0	899	924	27431	27456	4.4	28.7
NEIS2840_1_pglB2b	contig00004	69.565	46	14	0	739	784	33872	33917	4.4	28.7
NEIS2840_1_pglB2b	contig00004	84.615	26	4	0	371	396	36270	36295	4.4	28.7
NEIS2840_1_pglB2b	contig00002	84.375	32	4	1	71	101	98819	98788	0.58	31.7
NEIS2840_1_pglB2b	contig00002	88.000	25	3	0	888	912	80366	80390	1.6	30.2
NEIS2840_1_pglB2b	contig00002	95.000	20	1	0	267	286	52807	52826	4.4	28.7
NEIS2840_1_pglB2b	contig00043	86.207	29	3	1	70	97	82	54	1.6	30.2
NEIS2840_1_pglB2b	contig00032	100.000	19	0	0	83	101	17800	17818	1.6	30.2
NEIS2840_1_pglB2b	contig00032	73.810	42	10	1	591	632	19325	19285	4.4	28.7
NEIS2840_1_pglB2b	contig00032	68.750	48	15	0	768	815	23076	23029	4.4	28.7
NEIS2840_1_pglB2b	contig00030	83.871	31	4	1	74	103	2815	2785	1.6	30.2
NEIS2840_1_pglB2b	contig00030	83.333	30	4	1	63	92	6580	6608	4.4	28.7
NEIS2840_1_pglB2b	contig00019	77.143	35	8	0	257	291	9444	9478	1.6	30.2
NEIS2840_1_pglB2b	contig00019	84.615	26	4	0	895	920	28355	28330	4.4	28.7
NEIS2840_1_pglB2b	contig00017	83.871	31	4	1	71	100	40092	40122	1.6	30.2
NEIS2840_1_pglB2b	contig00017	84.615	26	4	0	70	95	14792	14767	4.4	28.7
NEIS2840_1_pglB2b	contig00017	95.000	20	1	0	603	622	19074	19055	4.4	28.7
NEIS2840_1_pglB2b	contig00013	86.207	29	3	1	592	620	44309	44336	1.6	30.2
NEIS2840_1_pglB2b	contig00013	76.471	34	8	0	44	77	43559	43592	4.4	28.7
NEIS2840_1_pglB2b	contig00013	76.471	34	8	0	124	157	44399	44432	4.4	28.7
NEIS2840_1_pglB2b	contig00012	83.871	31	4	1	601	631	13417	13446	1.6	30.2
NEIS2840_1_pglB2b	contig00012	90.909	22	2	0	74	95	28737	28716	4.4	28.7
NEIS2840_1_pglB2b	contig00001	70.588	51	14	1	568	618	113554	113505	1.6	30.2
NEIS2840_1_pglB2b	contig00001	100.000	18	0	0	605	622	103148	103131	4.4	28.7
NEIS2840_1_pglB2b	contig00001	90.909	22	2	0	598	619	144731	144752	4.4	28.7
NEIS2840_1_pglB2b	contig00082	78.125	32	7	0	593	624	59	28	4.4	28.7
NEIS2840_1_pglB2b	contig00058	82.143	28	5	0	76	103	4118	4145	4.4	28.7
NEIS2840_1_pglB2b	contig00053	82.143	28	5	0	80	107	1390	1417	4.4	28.7
NEIS2840_1_pglB2b	contig00052	88.462	26	2	1	604	629	3951	3927	4.4	28.7
NEIS2840_1_pglB2b	contig00051	88.462	26	2	1	80	104	4142	4167	4.4	28.7
NEIS2840_1_pglB2b	contig00051	84.615	26	4	0	70	95	4531	4506	4.4	28.7
NEIS2840_1_pglB2b	contig00050	75.000	36	9	0	586	621	2419	2454	4.4	28.7
NEIS2840_1_pglB2b	contig00045	82.143	28	5	0	600	627	8844	8817	4.4	28.7
NEIS2840_1_pglB2b	contig00045	90.909	22	2	0	79	100	8822	8843	4.4	28.7
NEIS2840_1_pglB2b	contig00038	88.462	26	2	1	83	107	1558	1583	4.4	28.7
NEIS2840_1_pglB2b	contig00038	87.500	24	3	0	73	96	14531	14554	4.4	28.7
NEIS2840_1_pglB2b	contig00034	90.909	22	2	0	600	621	2233	2212	4.4	28.7
NEIS2840_1_pglB2b	contig00018	82.143	28	5	0	895	922	10095	10068	4.4	28.7
NEIS2838_1_pglB2	contig00005	86.957	598	78	0	1	598	14682	14085	0.0	652
NEIS2838_1_pglB2	contig00005	88.000	25	3	0	227	251	9967	9991	2.6	30.2
NEIS2838_1_pglB2	contig00063	72.464	69	15	3	508	572	2408	2476	0.016	37.6
NEIS2838_1_pglB2	contig00031	66.265	83	26	2	676	758	22538	22458	0.045	36.1
NEIS2838_1_pglB2	contig00031	78.378	37	7	1	948	983	22815	22779	2.6	30.2
NEIS2838_1_pglB2	contig00014	79.592	49	7	3	1206	1253	47846	47800	0.045	36.1
NEIS2838_1_pglB2	contig00014	74.359	39	10	0	350	388	6074	6036	2.6	30.2
NEIS2838_1_pglB2	contig00014	76.471	34	8	0	665	698	28413	28446	7.3	28.7
NEIS2838_1_pglB2	contig00007	71.429	63	16	2	684	745	35408	35347	0.045	36.1
NEIS2838_1_pglB2	contig00007	85.185	27	4	0	673	699	50215	50189	2.6	30.2
NEIS2838_1_pglB2	contig00007	84.615	26	4	0	1027	1052	11982	12007	7.3	28.7
NEIS2838_1_pglB2	contig00007	83.333	30	4	1	1204	1233	33631	33603	7.3	28.7
NEIS2838_1_pglB2	contig00007	73.684	38	10	0	676	713	36941	36978	7.3	28.7
NEIS2838_1_pglB2	contig00007	100.000	18	0	0	682	699	43376	43393	7.3	28.7
NEIS2838_1_pglB2	contig00007	78.125	32	7	0	677	708	63340	63371	7.3	28.7
NEIS2838_1_pglB2	contig00046	85.000	40	3	3	240	279	7048	7084	0.12	34.6
NEIS2838_1_pglB2	contig00003	82.353	34	6	0	1412	1445	35499	35466	0.12	34.6
NEIS2838_1_pglB2	contig00003	78.378	37	8	0	176	212	63975	63939	0.34	33.2
NEIS2838_1_pglB2	contig00003	75.610	41	9	1	860	900	5607	5568	2.6	30.2
NEIS2838_1_pglB2	contig00003	67.692	65	19	2	1203	1266	54362	54299	2.6	30.2
NEIS2838_1_pglB2	contig00003	87.500	24	3	0	1201	1224	51414	51437	7.3	28.7
NEIS2838_1_pglB2	contig00015	81.818	33	6	0	865	897	31569	31601	0.34	33.2
NEIS2838_1_pglB2	contig00015	91.304	23	2	0	684	706	5886	5908	2.6	30.2
NEIS2838_1_pglB2	contig00015	91.304	23	2	0	676	698	21842	21820	2.6	30.2
NEIS2838_1_pglB2	contig00015	90.909	22	2	0	1208	1229	31662	31683	7.3	28.7
NEIS2838_1_pglB2	contig00015	84.615	26	4	0	687	712	34741	34716	7.3	28.7
NEIS2838_1_pglB2	contig00009	79.487	39	7	1	663	700	11922	11960	0.34	33.2
NEIS2838_1_pglB2	contig00009	72.340	47	13	0	1367	1413	24665	24711	0.34	33.2
NEIS2838_1_pglB2	contig00009	84.375	32	4	1	677	708	37282	37252	0.95	31.7
NEIS2838_1_pglB2	contig00009	100.000	19	0	0	1206	1224	29280	29262	2.6	30.2
NEIS2838_1_pglB2	contig00009	90.909	22	2	0	882	903	5247	5226	7.3	28.7
NEIS2838_1_pglB2	contig00009	90.909	22	2	0	657	678	45535	45514	7.3	28.7
NEIS2838_1_pglB2	contig00009	84.615	26	4	0	1196	1221	60054	60029	7.3	28.7
NEIS2838_1_pglB2	contig00056	66.216	74	23	2	1160	1232	6244	6172	0.95	31.7
NEIS2838_1_pglB2	contig00028	84.375	32	4	1	668	698	21506	21475	0.95	31.7
NEIS2838_1_pglB2	contig00028	85.185	27	4	0	682	708	24084	24110	2.6	30.2
NEIS2838_1_pglB2	contig00028	88.462	26	2	1	253	277	18709	18734	7.3	28.7
NEIS2838_1_pglB2	contig00026	95.455	22	1	0	677	698	849	870	0.95	31.7
NEIS2838_1_pglB2	contig00026	70.833	48	13	1	261	308	1123	1169	7.3	28.7
NEIS2838_1_pglB2	contig00026	82.143	28	5	0	671	698	8288	8261	7.3	28.7
NEIS2838_1_pglB2	contig00025	95.455	22	1	0	350	371	18334	18355	0.95	31.7
NEIS2838_1_pglB2	contig00025	78.947	38	7	1	222	259	20544	20580	0.95	31.7
NEIS2838_1_pglB2	contig00023	75.000	40	10	0	1201	1240	36793	36754	0.95	31.7
NEIS2838_1_pglB2	contig00023	91.667	24	1	1	676	699	34082	34104	7.3	28.7
NEIS2838_1_pglB2	contig00021	82.353	34	5	1	1194	1226	13360	13327	0.95	31.7
NEIS2838_1_pglB2	contig00021	90.909	22	2	0	1376	1397	4308	4287	7.3	28.7
NEIS2838_1_pglB2	contig00021	87.500	24	3	0	1202	1225	14440	14417	7.3	28.7
NEIS2838_1_pglB2	contig00011	79.412	34	7	0	1533	1566	19174	19207	0.95	31.7
NEIS2838_1_pglB2	contig00010	95.455	22	1	0	678	699	34083	34104	0.95	31.7
NEIS2838_1_pglB2	contig00010	69.412	85	17	5	204	282	34095	34176	2.6	30.2
NEIS2838_1_pglB2	contig00010	82.759	29	5	0	1203	1231	51888	51916	2.6	30.2
NEIS2838_1_pglB2	contig00010	84.615	26	4	0	860	885	7935	7910	7.3	28.7
NEIS2838_1_pglB2	contig00010	91.667	24	1	1	683	706	8987	8965	7.3	28.7
NEIS2838_1_pglB2	contig00010	84.615	26	4	0	53	78	29997	29972	7.3	28.7
NEIS2838_1_pglB2	contig00008	89.286	28	2	1	1199	1226	50982	50956	0.95	31.7
NEIS2838_1_pglB2	contig00008	84.615	26	4	0	681	706	26783	26758	7.3	28.7
NEIS2838_1_pglB2	contig00008	87.500	24	3	0	685	708	46852	46875	7.3	28.7
NEIS2838_1_pglB2	contig00006	67.143	70	21	2	720	788	23276	23344	0.95	31.7
NEIS2838_1_pglB2	contig00006	74.359	39	10	0	600	638	47502	47540	2.6	30.2
NEIS2838_1_pglB2	contig00006	100.000	18	0	0	684	701	48385	48368	7.3	28.7
NEIS2838_1_pglB2	contig00006	91.667	24	1	1	677	700	55127	55105	7.3	28.7
NEIS2838_1_pglB2	contig00004	79.412	34	7	0	685	718	46381	46414	0.95	31.7
NEIS2838_1_pglB2	contig00004	84.615	26	4	0	1502	1527	27431	27456	7.3	28.7
NEIS2838_1_pglB2	contig00004	69.565	46	14	0	1342	1387	33872	33917	7.3	28.7
NEIS2838_1_pglB2	contig00004	84.615	26	4	0	974	999	36270	36295	7.3	28.7
NEIS2838_1_pglB2	contig00004	72.500	40	11	0	240	279	71900	71939	7.3	28.7
NEIS2838_1_pglB2	contig00002	84.375	32	4	1	674	704	98819	98788	0.95	31.7
NEIS2838_1_pglB2	contig00002	75.676	37	9	0	251	287	67446	67410	2.6	30.2
NEIS2838_1_pglB2	contig00002	88.000	25	3	0	1491	1515	80366	80390	2.6	30.2
NEIS2838_1_pglB2	contig00002	95.000	20	1	0	870	889	52807	52826	7.3	28.7
NEIS2838_1_pglB2	contig00002	76.471	34	8	0	172	205	57005	56972	7.3	28.7
NEIS2838_1_pglB2	contig00043	86.207	29	3	1	673	700	82	54	2.6	30.2
NEIS2838_1_pglB2	contig00032	100.000	19	0	0	686	704	17800	17818	2.6	30.2
NEIS2838_1_pglB2	contig00032	73.810	42	10	1	1194	1235	19325	19285	7.3	28.7
NEIS2838_1_pglB2	contig00032	68.750	48	15	0	1371	1418	23076	23029	7.3	28.7
NEIS2838_1_pglB2	contig00030	83.871	31	4	1	677	706	2815	2785	2.6	30.2
NEIS2838_1_pglB2	contig00030	83.333	30	4	1	666	695	6580	6608	7.3	28.7
NEIS2838_1_pglB2	contig00024	82.759	29	5	0	249	277	18558	18530	2.6	30.2
NEIS2838_1_pglB2	contig00019	77.143	35	8	0	860	894	9444	9478	2.6	30.2
NEIS2838_1_pglB2	contig00019	84.615	26	4	0	1498	1523	28355	28330	7.3	28.7
NEIS2838_1_pglB2	contig00019	66.071	56	19	0	204	259	31076	31131	7.3	28.7
NEIS2838_1_pglB2	contig00017	83.871	31	4	1	674	703	40092	40122	2.6	30.2
NEIS2838_1_pglB2	contig00017	84.615	26	4	0	673	698	14792	14767	7.3	28.7
NEIS2838_1_pglB2	contig00017	95.000	20	1	0	1206	1225	19074	19055	7.3	28.7
NEIS2838_1_pglB2	contig00013	86.207	29	3	1	1195	1223	44309	44336	2.6	30.2
NEIS2838_1_pglB2	contig00013	76.471	34	8	0	647	680	43559	43592	7.3	28.7
NEIS2838_1_pglB2	contig00013	76.471	34	8	0	727	760	44399	44432	7.3	28.7
NEIS2838_1_pglB2	contig00012	83.871	31	4	1	1204	1234	13417	13446	2.6	30.2
NEIS2838_1_pglB2	contig00012	90.909	22	2	0	677	698	28737	28716	7.3	28.7
NEIS2838_1_pglB2	contig00001	70.588	51	14	1	1171	1221	113554	113505	2.6	30.2
NEIS2838_1_pglB2	contig00001	100.000	18	0	0	1208	1225	103148	103131	7.3	28.7
NEIS2838_1_pglB2	contig00001	90.909	22	2	0	1201	1222	144731	144752	7.3	28.7
NEIS2838_1_pglB2	contig00082	78.125	32	7	0	1196	1227	59	28	7.3	28.7
NEIS2838_1_pglB2	contig00058	82.143	28	5	0	679	706	4118	4145	7.3	28.7
NEIS2838_1_pglB2	contig00053	82.143	28	5	0	683	710	1390	1417	7.3	28.7
NEIS2838_1_pglB2	contig00052	88.462	26	2	1	1207	1232	3951	3927	7.3	28.7
NEIS2838_1_pglB2	contig00051	88.462	26	2	1	683	707	4142	4167	7.3	28.7
NEIS2838_1_pglB2	contig00051	84.615	26	4	0	673	698	4531	4506	7.3	28.7
NEIS2838_1_pglB2	contig00050	75.000	36	9	0	1189	1224	2419	2454	7.3	28.7
NEIS2838_1_pglB2	contig00045	82.143	28	5	0	1203	1230	8844	8817	7.3	28.7
NEIS2838_1_pglB2	contig00045	90.909	22	2	0	682	703	8822	8843	7.3	28.7
NEIS2838_1_pglB2	contig00038	88.462	26	2	1	686	710	1558	1583	7.3	28.7
NEIS2838_1_pglB2	contig00038	87.500	24	3	0	676	699	14531	14554	7.3	28.7
NEIS2838_1_pglB2	contig00034	90.909	22	2	0	1203	1224	2233	2212	7.3	28.7
NEIS2838_1_pglB2	contig00018	82.143	28	5	0	1498	1525	10095	10068	7.3	28.7
NEIS0399_1	contig00005	98.631	1242	17	0	1	1242	14682	13441	0.0	1779
NEIS0399_1	contig00005	73.810	42	11	0	599	640	52773	52732	0.74	31.7
NEIS0399_1	contig00005	85.714	28	3	1	606	633	8468	8494	5.7	28.7
NEIS0399_1	contig00005	71.154	52	13	2	768	817	17507	17456	5.7	28.7
NEIS0399_1	contig00005	95.455	22	0	1	788	808	64507	64486	5.7	28.7
NEIS0399_1	contig00005	95.000	20	1	0	8	27	69256	69237	5.7	28.7
NEIS0399_1	contig00005	84.615	26	4	0	782	807	74325	74300	5.7	28.7
NEIS0399_1	contig00017	74.000	50	13	0	777	826	1601	1650	0.013	37.6
NEIS0399_1	contig00017	70.423	71	17	2	673	742	14210	14277	0.035	36.1
NEIS0399_1	contig00017	65.079	63	22	0	785	847	1324	1386	2.1	30.2
NEIS0399_1	contig00002	69.737	76	20	3	764	838	85015	85088	0.013	37.6
NEIS0399_1	contig00002	70.588	51	15	0	758	808	7286	7236	0.27	33.2
NEIS0399_1	contig00002	73.077	52	12	2	201	250	88172	88121	0.74	31.7
NEIS0399_1	contig00002	78.788	33	7	0	623	655	38945	38977	2.1	30.2
NEIS0399_1	contig00002	62.667	75	28	0	984	1058	51167	51093	2.1	30.2
NEIS0399_1	contig00002	65.517	58	20	0	1113	1170	17115	17058	5.7	28.7
NEIS0399_1	contig00016	75.472	53	11	2	631	682	9059	9008	0.035	36.1
NEIS0399_1	contig00016	65.333	75	26	0	776	850	9568	9494	0.035	36.1
NEIS0399_1	contig00016	64.000	75	27	0	950	1024	14697	14623	0.27	33.2
NEIS0399_1	contig00016	73.913	46	11	1	511	556	24144	24188	0.74	31.7
NEIS0399_1	contig00016	75.000	40	10	0	813	852	45466	45427	0.74	31.7
NEIS0399_1	contig00016	85.185	27	4	0	613	639	30008	29982	2.1	30.2
NEIS0399_1	contig00016	87.500	24	3	0	587	610	21070	21047	5.7	28.7
NEIS0399_1	contig00046	82.500	40	5	2	193	232	4108	4071	0.097	34.6
NEIS0399_1	contig00046	76.923	39	8	1	330	367	3157	3119	2.1	30.2
NEIS0399_1	contig00046	85.185	27	4	0	766	792	5346	5372	2.1	30.2
NEIS0399_1	contig00044	64.045	89	30	1	800	888	10730	10816	0.097	34.6
NEIS0399_1	contig00036	76.923	39	9	0	177	215	19950	19912	0.27	33.2
NEIS0399_1	contig00001	88.889	27	3	0	756	782	50562	50588	0.27	33.2
NEIS0399_1	contig00001	61.386	101	36	2	214	311	90442	90542	5.7	28.7
NEIS0399_1	contig00001	75.000	36	9	0	812	847	101017	101052	5.7	28.7
NEIS0399_1	contig00001	78.125	32	7	0	834	865	148317	148348	5.7	28.7
NEIS0399_1	contig00070	79.412	34	7	0	784	817	1195	1228	0.74	31.7
NEIS0399_1	contig00051	83.333	36	4	2	175	210	1870	1837	0.74	31.7
NEIS0399_1	contig00034	82.353	34	5	1	179	212	6017	6049	0.74	31.7
NEIS0399_1	contig00021	77.778	36	8	0	201	236	18841	18876	0.74	31.7
NEIS0399_1	contig00019	75.000	40	10	0	714	753	7793	7754	0.74	31.7
NEIS0399_1	contig00019	72.093	43	12	0	170	212	15512	15470	2.1	30.2
NEIS0399_1	contig00015	62.712	118	38	4	721	836	38413	38526	0.74	31.7
NEIS0399_1	contig00015	88.889	27	2	1	810	835	3873	3847	2.1	30.2
NEIS0399_1	contig00015	88.000	25	3	0	634	658	33374	33398	2.1	30.2
NEIS0399_1	contig00014	70.833	48	14	0	688	735	42575	42622	0.74	31.7
NEIS0399_1	contig00014	80.556	36	6	1	192	227	45014	44980	0.74	31.7
NEIS0399_1	contig00012	91.667	24	2	0	778	801	5745	5768	0.74	31.7
NEIS0399_1	contig00012	70.455	44	13	0	767	810	5165	5208	5.7	28.7
NEIS0399_1	contig00010	79.412	34	7	0	618	651	22075	22042	0.74	31.7
NEIS0399_1	contig00010	72.340	47	12	1	178	224	3273	3228	2.1	30.2
NEIS0399_1	contig00010	67.925	53	17	0	769	821	42981	42929	2.1	30.2
NEIS0399_1	contig00010	84.615	26	4	0	810	835	23020	22995	5.7	28.7
NEIS0399_1	contig00010	80.000	30	6	0	600	629	40779	40808	5.7	28.7
NEIS0399_1	contig00009	72.000	50	13	1	898	947	22136	22184	0.74	31.7
NEIS0399_1	contig00009	81.081	37	4	2	823	859	45876	45843	5.7	28.7
NEIS0399_1	contig00007	71.739	46	13	0	614	659	43476	43521	0.74	31.7
NEIS0399_1	contig00007	95.238	21	1	0	245	265	1618	1598	2.1	30.2
NEIS0399_1	contig00007	75.676	37	9	0	642	678	7709	7673	2.1	30.2
NEIS0399_1	contig00007	91.304	23	2	0	822	844	30032	30054	2.1	30.2
NEIS0399_1	contig00007	84.615	26	4	0	647	672	7272	7247	5.7	28.7
NEIS0399_1	contig00007	78.125	32	7	0	1051	1082	62841	62872	5.7	28.7
NEIS0399_1	contig00006	71.930	57	13	2	912	968	36739	36792	0.74	31.7
NEIS0399_1	contig00006	80.000	30	6	0	627	656	52721	52750	5.7	28.7
NEIS0399_1	contig00004	89.286	28	2	1	201	227	79961	79934	0.74	31.7
NEIS0399_1	contig00003	85.714	28	4	0	832	859	3115	3088	0.74	31.7
NEIS0399_1	contig00003	75.000	40	10	0	820	859	38596	38557	0.74	31.7
NEIS0399_1	contig00003	72.500	40	11	0	185	224	3363	3324	5.7	28.7
NEIS0399_1	contig00003	77.778	36	7	1	811	846	51836	51870	5.7	28.7
NEIS0399_1	contig00043	91.304	23	2	0	200	222	323	301	2.1	30.2
NEIS0399_1	contig00030	75.676	37	9	0	792	828	6445	6481	2.1	30.2
NEIS0399_1	contig00027	82.759	29	5	0	134	162	18370	18398	2.1	30.2
NEIS0399_1	contig00025	80.645	31	6	0	693	723	14796	14826	2.1	30.2
NEIS0399_1	contig00024	82.759	29	5	0	773	801	369	397	2.1	30.2
NEIS0399_1	contig00024	100.000	18	0	0	197	214	31260	31277	5.7	28.7
NEIS0399_1	contig00018	80.488	41	4	2	812	848	7719	7759	2.1	30.2
NEIS0399_1	contig00022	88.889	27	2	1	560	585	13471	13497	2.1	30.2
NEIS0399_1	contig00022	85.185	27	4	0	10	36	37316	37342	2.1	30.2
NEIS0399_1	contig00022	78.125	32	7	0	727	758	18051	18020	5.7	28.7
NEIS0399_1	contig00022	65.556	90	25	4	598	682	27562	27474	5.7	28.7
NEIS0399_1	contig00013	75.610	41	9	1	803	842	14796	14756	2.1	30.2
NEIS0399_1	contig00013	84.615	26	4	0	902	927	33619	33594	5.7	28.7
NEIS0399_1	contig00011	80.645	31	6	0	191	221	48306	48276	2.1	30.2
NEIS0399_1	contig00011	85.714	28	3	1	789	816	37293	37267	5.7	28.7
NEIS0399_1	contig00069	76.471	34	8	0	826	859	2181	2148	5.7	28.7
NEIS0399_1	contig00064	90.909	22	2	0	645	666	1897	1918	5.7	28.7
NEIS0399_1	contig00040	82.143	28	5	0	826	853	10519	10546	5.7	28.7
NEIS0399_1	contig00038	76.316	38	8	1	185	221	14526	14563	5.7	28.7
NEIS0399_1	contig00031	95.000	20	1	0	827	846	22896	22877	5.7	28.7
NEIS0399_1	contig00028	88.462	26	2	1	253	277	18709	18734	5.7	28.7
NEIS0399_1	contig00026	78.125	32	7	0	812	843	19842	19811	5.7	28.7
NEIS0399_1	contig00008	70.000	50	14	1	172	221	6416	6464	5.7	28.7
NEIS0379_1_pglC	contig00046	93.498	1092	71	0	1	1092	6563	7654	0.0	1400
NEIS0379_1_pglC	contig00004	69.903	103	30	1	22	124	11060	11161	2.49e-09	59.6
NEIS0379_1_pglC	contig00004	71.429	77	17	5	563	635	9550	9625	0.030	36.1
NEIS0379_1_pglC	contig00004	73.810	42	11	0	664	705	16426	16385	0.65	31.7
NEIS0379_1_pglC	contig00004	91.304	23	2	0	1002	1024	4098	4076	1.8	30.2
NEIS0379_1_pglC	contig00004	75.676	37	9	0	725	761	7953	7989	1.8	30.2
NEIS0379_1_pglC	contig00004	74.359	39	10	0	495	533	73791	73753	1.8	30.2
NEIS0379_1_pglC	contig00004	69.231	52	15	1	897	948	65775	65725	5.0	28.7
NEIS0379_1_pglC	contig00010	64.103	117	42	0	15	131	50347	50231	1.13e-06	50.8
NEIS0379_1_pglC	contig00010	72.000	50	12	2	682	730	34411	34459	5.0	28.7
NEIS0379_1_pglC	contig00029	74.194	62	16	0	5	66	1106	1045	2.42e-05	46.4
NEIS0379_1_pglC	contig00008	90.000	30	3	0	24	53	3590	3561	0.011	37.6
NEIS0379_1_pglC	contig00008	87.500	24	3	0	442	465	19642	19619	5.0	28.7
NEIS0379_1_pglC	contig00003	80.000	40	8	0	23	62	61537	61498	0.011	37.6
NEIS0379_1_pglC	contig00003	86.667	30	4	0	31	60	62048	62019	0.084	34.6
NEIS0379_1_pglC	contig00003	78.788	33	7	0	82	114	64909	64941	1.8	30.2
NEIS0379_1_pglC	contig00047	70.175	57	17	0	5	61	3410	3354	0.030	36.1
NEIS0379_1_pglC	contig00012	65.753	73	25	0	865	937	15361	15433	0.030	36.1
NEIS0379_1_pglC	contig00012	65.432	81	25	2	690	767	806	886	0.65	31.7
NEIS0379_1_pglC	contig00012	61.321	106	38	2	338	443	13440	13338	1.8	30.2
NEIS0379_1_pglC	contig00012	81.250	32	5	1	566	597	20779	20809	5.0	28.7
NEIS0379_1_pglC	contig00012	78.125	32	7	0	527	558	43050	43019	5.0	28.7
NEIS0379_1_pglC	contig00009	78.049	41	9	0	707	747	4450	4490	0.030	36.1
NEIS0379_1_pglC	contig00009	69.412	85	20	4	471	550	47581	47498	0.030	36.1
NEIS0379_1_pglC	contig00009	86.207	29	4	0	995	1023	11067	11039	0.23	33.2
NEIS0379_1_pglC	contig00009	69.231	52	16	0	336	387	24630	24681	0.65	31.7
NEIS0379_1_pglC	contig00009	78.788	33	7	0	870	902	5656	5624	1.8	30.2
NEIS0379_1_pglC	contig00009	67.925	53	17	0	203	255	58530	58478	1.8	30.2
NEIS0379_1_pglC	contig00011	65.714	70	24	0	497	566	18624	18555	0.084	34.6
NEIS0379_1_pglC	contig00058	64.815	108	32	5	309	413	1534	1430	0.23	33.2
NEIS0379_1_pglC	contig00006	71.930	57	14	2	585	641	62837	62891	0.23	33.2
NEIS0379_1_pglC	contig00006	95.652	23	1	0	941	963	64318	64340	0.23	33.2
NEIS0379_1_pglC	contig00006	64.634	82	26	3	460	538	31787	31706	5.0	28.7
NEIS0379_1_pglC	contig00006	90.909	22	2	0	354	375	66742	66721	5.0	28.7
NEIS0379_1_pglC	contig00025	79.412	34	7	0	993	1026	31162	31195	0.65	31.7
NEIS0379_1_pglC	contig00025	71.111	45	13	0	712	756	16996	17040	1.8	30.2
NEIS0379_1_pglC	contig00019	95.455	22	1	0	234	255	21768	21747	0.65	31.7
NEIS0379_1_pglC	contig00007	76.316	38	9	0	168	205	64820	64857	0.65	31.7
NEIS0379_1_pglC	contig00007	61.111	126	44	4	897	1021	48484	48605	1.8	30.2
NEIS0379_1_pglC	contig00005	68.519	54	17	0	331	384	25718	25665	0.65	31.7
NEIS0379_1_pglC	contig00005	78.125	32	7	0	232	263	47460	47491	5.0	28.7
NEIS0379_1_pglC	contig00053	78.947	38	6	1	690	727	904	869	1.8	30.2
NEIS0379_1_pglC	contig00044	91.304	23	2	0	644	666	2047	2069	1.8	30.2
NEIS0379_1_pglC	contig00038	73.333	45	11	1	893	936	6218	6262	1.8	30.2
NEIS0379_1_pglC	contig00038	90.909	22	2	0	208	229	6667	6688	5.0	28.7
NEIS0379_1_pglC	contig00037	80.645	31	6	0	211	241	11830	11800	1.8	30.2
NEIS0379_1_pglC	contig00037	95.000	20	1	0	621	640	7817	7798	5.0	28.7
NEIS0379_1_pglC	contig00032	88.000	25	3	0	353	377	14002	13978	1.8	30.2
NEIS0379_1_pglC	contig00030	82.759	29	5	0	110	138	5209	5237	1.8	30.2
NEIS0379_1_pglC	contig00030	82.759	29	5	0	668	696	6552	6580	1.8	30.2
NEIS0379_1_pglC	contig00026	91.304	23	2	0	613	635	3544	3522	1.8	30.2
NEIS0379_1_pglC	contig00021	74.359	39	10	0	365	403	9932	9970	1.8	30.2
NEIS0379_1_pglC	contig00020	69.333	75	18	5	860	932	18814	18885	1.8	30.2
NEIS0379_1_pglC	contig00016	82.759	29	5	0	70	98	621	649	1.8	30.2
NEIS0379_1_pglC	contig00016	73.684	38	10	0	19	56	13913	13876	5.0	28.7
NEIS0379_1_pglC	contig00016	67.692	65	18	2	645	706	41455	41519	5.0	28.7
NEIS0379_1_pglC	contig00015	82.857	35	4	2	587	619	14494	14460	1.8	30.2
NEIS0379_1_pglC	contig00015	69.388	49	15	0	339	387	41504	41552	1.8	30.2
NEIS0379_1_pglC	contig00014	67.273	55	18	0	233	287	1675	1621	1.8	30.2
NEIS0379_1_pglC	contig00014	61.818	110	38	3	496	604	36484	36590	1.8	30.2
NEIS0379_1_pglC	contig00002	85.185	27	4	0	15	41	90742	90768	1.8	30.2
NEIS0379_1_pglC	contig00002	73.171	41	11	0	721	761	93615	93575	1.8	30.2
NEIS0379_1_pglC	contig00002	82.143	28	5	0	918	945	88027	88054	5.0	28.7
NEIS0379_1_pglC	contig00002	83.333	30	4	1	352	381	94520	94548	5.0	28.7
NEIS0379_1_pglC	contig00067	73.684	38	10	0	665	702	471	434	5.0	28.7
NEIS0379_1_pglC	contig00051	95.000	20	1	0	465	484	8893	8912	5.0	28.7
NEIS0379_1_pglC	contig00036	72.500	40	11	0	6	45	17865	17826	5.0	28.7
NEIS0379_1_pglC	contig00034	84.615	26	4	0	616	641	7706	7681	5.0	28.7
NEIS0379_1_pglC	contig00031	70.455	44	13	0	10	53	7424	7381	5.0	28.7
NEIS0379_1_pglC	contig00023	80.000	30	6	0	1020	1049	1023	1052	5.0	28.7
NEIS0379_1_pglC	contig00022	78.125	32	7	0	107	138	3522	3553	5.0	28.7
NEIS0379_1_pglC	contig00017	90.909	22	2	0	364	385	22025	22046	5.0	28.7
NEIS0379_1_pglC	contig00001	69.231	52	15	1	123	173	27374	27425	5.0	28.7
NEIS0379_1_pglC	contig00001	84.615	26	4	0	910	935	92404	92429	5.0	28.7
NEIS0397_1_pglC	contig00005	93.282	1176	79	0	1	1176	13310	12135	0.0	1500
NEIS0397_1_pglC	contig00005	74.000	50	12	1	389	437	40329	40280	0.091	34.6
NEIS0397_1_pglC	contig00005	95.000	20	1	0	1109	1128	9496	9477	5.4	28.7
NEIS0397_1_pglC	contig00005	87.500	24	3	0	35	58	69220	69197	5.4	28.7
NEIS0397_1_pglC	contig00049	71.429	56	15	1	911	965	8532	8587	0.091	34.6
NEIS0397_1_pglC	contig00034	72.414	58	14	2	761	817	13640	13584	0.091	34.6
NEIS0397_1_pglC	contig00002	78.723	47	7	2	1110	1153	27181	27227	0.091	34.6
NEIS0397_1_pglC	contig00002	82.857	35	4	2	787	820	40047	40080	1.9	30.2
NEIS0397_1_pglC	contig00002	80.000	30	6	0	995	1024	24732	24703	5.4	28.7
NEIS0397_1_pglC	contig00045	67.213	61	20	0	118	178	7844	7904	0.25	33.2
NEIS0397_1_pglC	contig00036	72.340	47	13	0	908	954	3870	3824	0.25	33.2
NEIS0397_1_pglC	contig00036	85.185	27	4	0	1138	1164	3892	3866	1.9	30.2
NEIS0397_1_pglC	contig00036	90.909	22	2	0	423	444	11645	11624	5.4	28.7
NEIS0397_1_pglC	contig00025	80.000	35	7	0	1103	1137	4355	4321	0.25	33.2
NEIS0397_1_pglC	contig00037	76.190	42	9	1	363	404	647	607	0.70	31.7
NEIS0397_1_pglC	contig00022	72.727	44	12	0	783	826	7643	7600	0.70	31.7
NEIS0397_1_pglC	contig00022	63.514	74	27	0	870	943	29336	29409	0.70	31.7
NEIS0397_1_pglC	contig00022	70.455	44	13	0	50	93	17730	17773	5.4	28.7
NEIS0397_1_pglC	contig00016	68.519	54	17	0	118	171	27614	27667	0.70	31.7
NEIS0397_1_pglC	contig00016	100.000	18	0	0	671	688	21267	21250	5.4	28.7
NEIS0397_1_pglC	contig00016	100.000	18	0	0	209	226	30013	29996	5.4	28.7
NEIS0397_1_pglC	contig00014	85.714	28	4	0	1045	1072	44135	44162	0.70	31.7
NEIS0397_1_pglC	contig00013	76.316	38	9	0	834	871	2222	2185	0.70	31.7
NEIS0397_1_pglC	contig00008	75.000	40	10	0	252	291	52794	52833	0.70	31.7
NEIS0397_1_pglC	contig00007	76.087	46	9	2	134	178	3991	3947	0.70	31.7
NEIS0397_1_pglC	contig00007	82.759	29	5	0	684	712	39802	39774	1.9	30.2
NEIS0397_1_pglC	contig00007	90.909	22	2	0	411	432	7169	7148	5.4	28.7
NEIS0397_1_pglC	contig00001	61.702	94	35	1	676	768	76767	76674	0.70	31.7
NEIS0397_1_pglC	contig00001	87.500	24	3	0	27	50	152376	152399	5.4	28.7
NEIS0397_1_pglC	contig00051	80.000	35	6	1	877	910	205	171	1.9	30.2
NEIS0397_1_pglC	contig00051	75.000	36	9	0	832	867	2341	2376	5.4	28.7
NEIS0397_1_pglC	contig00042	77.143	35	8	0	319	353	12274	12240	1.9	30.2
NEIS0397_1_pglC	contig00038	91.304	23	2	0	1052	1074	5419	5397	1.9	30.2
NEIS0397_1_pglC	contig00030	91.304	23	2	0	1145	1167	8070	8092	1.9	30.2
NEIS0397_1_pglC	contig00021	88.889	27	2	1	410	436	32683	32708	1.9	30.2
NEIS0397_1_pglC	contig00019	78.788	33	7	0	1135	1167	26381	26349	1.9	30.2
NEIS0397_1_pglC	contig00019	69.091	55	15	1	903	955	24511	24457	5.4	28.7
NEIS0397_1_pglC	contig00011	80.645	31	6	0	128	158	40668	40698	1.9	30.2
NEIS0397_1_pglC	contig00004	70.213	47	14	0	119	165	56994	57040	1.9	30.2
NEIS0397_1_pglC	contig00004	76.471	34	8	0	894	927	3446	3413	5.4	28.7
NEIS0397_1_pglC	contig00004	90.909	22	2	0	41	62	73060	73039	5.4	28.7
NEIS0397_1_pglC	contig00003	80.000	35	6	1	312	345	42338	42372	1.9	30.2
NEIS0397_1_pglC	contig00078	68.750	48	15	0	51	98	70	23	5.4	28.7
NEIS0397_1_pglC	contig00061	67.308	52	17	0	851	902	4059	4110	5.4	28.7
NEIS0397_1_pglC	contig00058	100.000	18	0	0	1109	1126	710	693	5.4	28.7
NEIS0397_1_pglC	contig00040	79.412	34	6	1	389	421	1875	1842	5.4	28.7
NEIS0397_1_pglC	contig00032	75.000	36	9	0	129	164	14880	14915	5.4	28.7
NEIS0397_1_pglC	contig00029	82.143	28	5	0	876	903	17100	17127	5.4	28.7
NEIS0397_1_pglC	contig00029	76.471	34	8	0	793	826	17340	17307	5.4	28.7
NEIS0397_1_pglC	contig00010	68.000	50	16	0	638	687	26798	26847	5.4	28.7
NEIS0397_1_pglC	contig00010	75.000	36	9	0	892	927	50658	50623	5.4	28.7
NEIS0396_1_pglD	contig00005	91.370	1912	163	2	1	1911	12087	10177	0.0	2324
NEIS0396_1_pglD	contig00005	75.676	37	9	0	1677	1713	74846	74810	3.2	30.2
NEIS0396_1_pglD	contig00005	76.471	34	8	0	569	602	17991	18024	8.9	28.7
NEIS0396_1_pglD	contig00005	85.714	28	3	1	1265	1292	61557	61583	8.9	28.7
NEIS0396_1_pglD	contig00002	68.919	74	22	1	835	908	48873	48801	0.003	40.5
NEIS0396_1_pglD	contig00002	95.455	22	1	0	233	254	78186	78165	1.2	31.7
NEIS0396_1_pglD	contig00032	80.000	40	8	0	828	867	12082	12121	0.020	37.6
NEIS0396_1_pglD	contig00032	88.000	25	3	0	1887	1911	8322	8298	3.2	30.2
NEIS0396_1_pglD	contig00019	77.586	58	8	4	1854	1911	19328	19276	0.054	36.1
NEIS0396_1_pglD	contig00019	81.081	37	6	1	1161	1196	36848	36812	0.42	33.2
NEIS0396_1_pglD	contig00019	85.714	28	3	1	1060	1087	25886	25860	8.9	28.7
NEIS0396_1_pglD	contig00028	74.000	50	12	1	841	890	20092	20140	0.15	34.6
NEIS0396_1_pglD	contig00007	83.333	36	5	1	1664	1698	49449	49484	0.15	34.6
NEIS0396_1_pglD	contig00007	70.833	48	14	0	1682	1729	32023	32070	1.2	31.7
NEIS0396_1_pglD	contig00007	61.165	103	38	2	541	642	30852	30953	3.2	30.2
NEIS0396_1_pglD	contig00007	82.143	28	5	0	531	558	29564	29591	8.9	28.7
NEIS0396_1_pglD	contig00007	80.000	30	6	0	1882	1911	31342	31371	8.9	28.7
NEIS0396_1_pglD	contig00007	83.333	30	4	1	770	799	55089	55061	8.9	28.7
NEIS0396_1_pglD	contig00007	76.471	34	8	0	950	983	64201	64234	8.9	28.7
NEIS0396_1_pglD	contig00071	81.081	37	6	1	711	747	1859	1894	0.42	33.2
NEIS0396_1_pglD	contig00047	73.333	45	12	0	887	931	6242	6198	0.42	33.2
NEIS0396_1_pglD	contig00044	88.889	27	3	0	575	601	8355	8381	0.42	33.2
NEIS0396_1_pglD	contig00044	77.778	36	7	1	594	629	11109	11143	8.9	28.7
NEIS0396_1_pglD	contig00016	70.588	51	15	0	543	593	14453	14403	0.42	33.2
NEIS0396_1_pglD	contig00016	75.556	45	9	2	1520	1563	31653	31610	3.2	30.2
NEIS0396_1_pglD	contig00009	70.175	57	16	1	694	750	11719	11664	0.42	33.2
NEIS0396_1_pglD	contig00009	75.000	36	9	0	492	527	24717	24752	8.9	28.7
NEIS0396_1_pglD	contig00001	69.091	55	17	0	1648	1702	83808	83754	0.42	33.2
NEIS0396_1_pglD	contig00001	88.000	25	3	0	1601	1625	5295	5319	3.2	30.2
NEIS0396_1_pglD	contig00001	75.676	37	9	0	1315	1351	127697	127733	3.2	30.2
NEIS0396_1_pglD	contig00001	73.684	38	10	0	821	858	16812	16849	8.9	28.7
NEIS0396_1_pglD	contig00001	79.412	34	6	1	1612	1645	91824	91856	8.9	28.7
NEIS0396_1_pglD	contig00001	80.000	30	6	0	1882	1911	104181	104152	8.9	28.7
NEIS0396_1_pglD	contig00001	72.500	40	11	0	543	582	107956	107917	8.9	28.7
NEIS0396_1_pglD	contig00022	79.545	44	6	3	938	978	19716	19673	1.2	31.7
NEIS0396_1_pglD	contig00022	85.185	27	4	0	1302	1328	23326	23300	3.2	30.2
NEIS0396_1_pglD	contig00014	91.667	24	2	0	1801	1824	47752	47729	1.2	31.7
NEIS0396_1_pglD	contig00010	88.462	26	3	0	992	1017	1819	1794	1.2	31.7
NEIS0396_1_pglD	contig00010	86.667	30	2	1	1286	1315	36773	36800	3.2	30.2
NEIS0396_1_pglD	contig00010	67.308	52	17	0	1093	1144	51552	51603	8.9	28.7
NEIS0396_1_pglD	contig00010	95.000	20	1	0	1892	1911	52548	52567	8.9	28.7
NEIS0396_1_pglD	contig00008	88.462	26	3	0	1886	1911	24013	24038	1.2	31.7
NEIS0396_1_pglD	contig00008	72.727	44	12	0	1449	1492	66644	66601	1.2	31.7
NEIS0396_1_pglD	contig00008	91.667	24	1	1	312	334	54702	54679	8.9	28.7
NEIS0396_1_pglD	contig00008	82.143	28	5	0	1148	1175	58256	58229	8.9	28.7
NEIS0396_1_pglD	contig00081	80.645	31	6	0	213	243	1110	1140	3.2	30.2
NEIS0396_1_pglD	contig00043	75.676	37	9	0	237	273	1062	1026	3.2	30.2
NEIS0396_1_pglD	contig00037	91.304	23	2	0	1023	1045	6146	6168	3.2	30.2
NEIS0396_1_pglD	contig00027	73.171	41	11	0	1871	1911	2724	2684	3.2	30.2
NEIS0396_1_pglD	contig00025	75.676	37	9	0	1128	1164	33200	33236	3.2	30.2
NEIS0396_1_pglD	contig00025	90.909	22	2	0	1075	1096	16482	16461	8.9	28.7
NEIS0396_1_pglD	contig00015	95.238	21	1	0	782	802	26447	26467	3.2	30.2
NEIS0396_1_pglD	contig00015	81.818	33	5	1	601	632	35859	35891	3.2	30.2
NEIS0396_1_pglD	contig00015	80.645	31	6	0	1039	1069	43517	43547	3.2	30.2
NEIS0396_1_pglD	contig00012	72.093	43	12	0	829	871	32388	32430	3.2	30.2
NEIS0396_1_pglD	contig00012	78.125	32	7	0	716	747	8162	8131	8.9	28.7
NEIS0396_1_pglD	contig00012	82.143	28	5	0	976	1003	32355	32382	8.9	28.7
NEIS0396_1_pglD	contig00006	67.273	55	18	0	918	972	2813	2867	3.2	30.2
NEIS0396_1_pglD	contig00006	85.185	27	4	0	734	760	67940	67914	3.2	30.2
NEIS0396_1_pglD	contig00003	91.304	23	2	0	400	422	59188	59166	3.2	30.2
NEIS0396_1_pglD	contig00003	100.000	18	0	0	1894	1911	10193	10176	8.9	28.7
NEIS0396_1_pglD	contig00003	90.909	22	2	0	1617	1638	24525	24504	8.9	28.7
NEIS0396_1_pglD	contig00092	95.000	20	1	0	1380	1399	42	23	8.9	28.7
NEIS0396_1_pglD	contig00092	95.000	20	1	0	1380	1399	322	303	8.9	28.7
NEIS0396_1_pglD	contig00078	71.429	42	12	0	806	847	1190	1149	8.9	28.7
NEIS0396_1_pglD	contig00078	87.500	24	3	0	617	640	1478	1455	8.9	28.7
NEIS0396_1_pglD	contig00066	87.500	24	3	0	1044	1067	3582	3605	8.9	28.7
NEIS0396_1_pglD	contig00059	78.125	32	7	0	1215	1246	4277	4246	8.9	28.7
NEIS0396_1_pglD	contig00045	78.125	32	7	0	1556	1587	4011	3980	8.9	28.7
NEIS0396_1_pglD	contig00035	84.615	26	4	0	1886	1911	5056	5081	8.9	28.7
NEIS0396_1_pglD	contig00034	79.412	34	6	1	1807	1840	13151	13183	8.9	28.7
NEIS0396_1_pglD	contig00031	84.615	26	4	0	900	925	10975	10950	8.9	28.7
NEIS0396_1_pglD	contig00031	75.000	36	9	0	824	859	16879	16844	8.9	28.7
NEIS0396_1_pglD	contig00030	68.519	54	16	1	1670	1723	19380	19328	8.9	28.7
NEIS0396_1_pglD	contig00029	87.500	24	3	0	1888	1911	21495	21518	8.9	28.7
NEIS0396_1_pglD	contig00026	90.909	22	2	0	1450	1471	1850	1871	8.9	28.7
NEIS0396_1_pglD	contig00026	90.909	22	2	0	401	422	13416	13437	8.9	28.7
NEIS0396_1_pglD	contig00024	82.143	28	5	0	266	293	9587	9560	8.9	28.7
NEIS0396_1_pglD	contig00023	73.469	49	10	2	711	756	37752	37704	8.9	28.7
NEIS0396_1_pglD	contig00021	82.143	28	5	0	1178	1205	24894	24867	8.9	28.7
NEIS0396_1_pglD	contig00020	95.000	20	1	0	1892	1911	31732	31751	8.9	28.7
NEIS0396_1_pglD	contig00017	95.000	20	1	0	822	841	9863	9882	8.9	28.7
NEIS0396_1_pglD	contig00013	90.909	22	2	0	1534	1555	28615	28594	8.9	28.7
NEIS0396_1_pglD	contig00013	95.000	20	1	0	1380	1399	36688	36669	8.9	28.7
NEIS0396_1_pglD	contig00011	82.143	28	5	0	499	526	5866	5893	8.9	28.7
NEIS0396_1_pglD	contig00004	87.500	24	3	0	1256	1279	52900	52923	8.9	28.7
NEIS0568_1_pglE	contig00016	92.054	1032	40	15	1	990	5054	6085	0.0	1195
NEIS0568_1_pglE	contig00011	85.294	34	4	1	864	897	56389	56421	0.076	34.6
NEIS0568_1_pglE	contig00011	88.462	26	2	1	512	536	56197	56172	4.5	28.7
NEIS0568_1_pglE	contig00010	88.000	25	3	0	432	456	41356	41380	1.6	30.2
NEIS0568_1_pglE	contig00001	91.304	23	2	0	352	374	144954	144932	1.6	30.2
NEIS0402_1_pglF	contig00005	96.429	1428	40	3	1	1428	18340	16924	0.0	1932
NEIS0402_1_pglF	contig00005	80.000	40	5	1	583	619	37329	37368	0.86	31.7
NEIS0402_1_pglF	contig00005	91.667	24	2	0	582	605	41620	41643	0.86	31.7
NEIS0402_1_pglF	contig00005	76.471	34	8	0	317	350	11486	11519	6.6	28.7
NEIS0402_1_pglF	contig00005	83.871	31	3	1	582	610	44930	44960	6.6	28.7
NEIS0402_1_pglF	contig00020	73.770	61	14	1	537	597	17741	17683	0.002	40.5
NEIS0402_1_pglF	contig00020	68.852	61	17	2	41	100	24583	24524	2.4	30.2
NEIS0402_1_pglF	contig00020	95.000	20	1	0	578	597	15143	15162	6.6	28.7
NEIS0402_1_pglF	contig00020	90.909	22	2	0	575	596	33033	33054	6.6	28.7
NEIS0402_1_pglF	contig00011	68.000	75	23	1	19	92	45299	45373	0.005	39.0
NEIS0402_1_pglF	contig00011	70.588	51	14	1	172	221	17066	17016	2.4	30.2
NEIS0402_1_pglF	contig00011	76.471	34	8	0	425	458	31321	31288	6.6	28.7
NEIS0402_1_pglF	contig00011	82.143	28	5	0	580	607	46424	46451	6.6	28.7
NEIS0402_1_pglF	contig00019	77.273	44	10	0	572	615	35314	35357	0.015	37.6
NEIS0402_1_pglF	contig00019	70.588	51	14	1	876	925	7858	7908	2.4	30.2
NEIS0402_1_pglF	contig00019	77.143	35	8	0	1081	1115	13441	13407	2.4	30.2
NEIS0402_1_pglF	contig00019	87.500	24	3	0	624	647	6770	6793	6.6	28.7
NEIS0402_1_pglF	contig00019	80.000	30	6	0	568	597	15453	15482	6.6	28.7
NEIS0402_1_pglF	contig00019	87.500	24	3	0	579	602	18678	18701	6.6	28.7
NEIS0402_1_pglF	contig00019	78.125	32	7	0	584	615	35692	35723	6.6	28.7
NEIS0402_1_pglF	contig00012	73.333	60	13	2	113	172	19311	19367	0.040	36.1
NEIS0402_1_pglF	contig00012	67.123	73	22	2	493	564	4000	4071	0.31	33.2
NEIS0402_1_pglF	contig00012	83.333	36	4	1	574	607	33592	33557	0.31	33.2
NEIS0402_1_pglF	contig00012	82.759	29	5	0	48	76	2223	2251	2.4	30.2
NEIS0402_1_pglF	contig00012	82.857	35	4	2	892	925	35881	35848	2.4	30.2
NEIS0402_1_pglF	contig00012	82.143	28	5	0	892	919	1230	1257	6.6	28.7
NEIS0402_1_pglF	contig00012	87.500	24	3	0	539	562	17602	17579	6.6	28.7
NEIS0402_1_pglF	contig00012	82.143	28	5	0	1088	1115	36216	36189	6.6	28.7
NEIS0402_1_pglF	contig00003	70.667	75	17	3	186	259	2736	2666	0.040	36.1
NEIS0402_1_pglF	contig00003	95.238	21	1	0	582	602	71938	71958	2.4	30.2
NEIS0402_1_pglF	contig00003	87.500	24	3	0	581	604	27548	27525	6.6	28.7
NEIS0402_1_pglF	contig00003	83.333	30	4	1	188	217	47001	46973	6.6	28.7
NEIS0402_1_pglF	contig00032	92.308	26	2	0	577	602	11626	11651	0.11	34.6
NEIS0402_1_pglF	contig00032	84.615	26	4	0	613	638	13476	13451	6.6	28.7
NEIS0402_1_pglF	contig00017	71.014	69	16	3	1041	1106	25674	25607	0.11	34.6
NEIS0402_1_pglF	contig00017	78.125	32	7	0	200	231	7857	7888	6.6	28.7
NEIS0402_1_pglF	contig00017	84.615	26	4	0	329	354	15178	15153	6.6	28.7
NEIS0402_1_pglF	contig00008	90.000	30	2	1	574	602	26754	26783	0.11	34.6
NEIS0402_1_pglF	contig00008	83.871	31	4	1	582	612	39776	39805	2.4	30.2
NEIS0402_1_pglF	contig00002	89.286	28	3	0	574	601	57313	57286	0.11	34.6
NEIS0402_1_pglF	contig00002	88.000	25	3	0	582	606	23112	23088	2.4	30.2
NEIS0402_1_pglF	contig00002	68.750	80	19	5	1018	1091	39694	39773	2.4	30.2
NEIS0402_1_pglF	contig00002	74.000	50	10	2	330	379	88664	88618	2.4	30.2
NEIS0402_1_pglF	contig00002	69.231	52	15	1	546	596	14515	14566	6.6	28.7
NEIS0402_1_pglF	contig00002	82.143	28	5	0	570	597	16905	16932	6.6	28.7
NEIS0402_1_pglF	contig00002	100.000	18	0	0	582	599	43293	43276	6.6	28.7
NEIS0402_1_pglF	contig00002	78.947	38	6	2	585	620	68220	68257	6.6	28.7
NEIS0402_1_pglF	contig00002	95.000	20	1	0	582	601	87568	87587	6.6	28.7
NEIS0402_1_pglF	contig00002	88.889	27	1	1	579	603	90257	90231	6.6	28.7
NEIS0402_1_pglF	contig00002	90.909	22	2	0	585	606	92948	92927	6.6	28.7
NEIS0402_1_pglF	contig00079	75.610	41	10	0	1101	1141	1238	1198	0.31	33.2
NEIS0402_1_pglF	contig00030	76.744	43	9	1	1375	1416	14550	14592	0.31	33.2
NEIS0402_1_pglF	contig00030	76.316	38	8	1	42	79	2736	2772	6.6	28.7
NEIS0402_1_pglF	contig00030	84.615	26	4	0	1176	1201	18999	19024	6.6	28.7
NEIS0402_1_pglF	contig00028	71.429	49	14	0	362	410	24716	24668	0.31	33.2
NEIS0402_1_pglF	contig00028	91.304	23	2	0	584	606	23155	23133	2.4	30.2
NEIS0402_1_pglF	contig00028	82.143	28	5	0	1359	1386	2951	2924	6.6	28.7
NEIS0402_1_pglF	contig00028	70.833	48	13	1	884	930	25388	25435	6.6	28.7
NEIS0402_1_pglF	contig00004	92.000	25	2	0	578	602	3306	3282	0.31	33.2
NEIS0402_1_pglF	contig00004	79.412	34	7	0	530	563	13718	13751	0.86	31.7
NEIS0402_1_pglF	contig00004	76.316	38	9	0	570	607	59882	59919	0.86	31.7
NEIS0402_1_pglF	contig00004	69.492	59	16	2	869	926	67300	67357	2.4	30.2
NEIS0402_1_pglF	contig00004	91.304	23	2	0	296	318	84254	84276	2.4	30.2
NEIS0402_1_pglF	contig00004	87.500	24	3	0	574	597	53385	53362	6.6	28.7
NEIS0402_1_pglF	contig00004	95.000	20	1	0	577	596	54840	54859	6.6	28.7
NEIS0402_1_pglF	contig00004	76.471	34	8	0	585	618	78661	78628	6.6	28.7
NEIS0402_1_pglF	contig00001	92.000	25	2	0	582	606	89252	89228	0.31	33.2
NEIS0402_1_pglF	contig00001	88.000	25	3	0	1341	1365	27733	27709	2.4	30.2
NEIS0402_1_pglF	contig00001	75.676	37	9	0	998	1034	70553	70517	2.4	30.2
NEIS0402_1_pglF	contig00001	75.676	37	9	0	565	601	116803	116767	2.4	30.2
NEIS0402_1_pglF	contig00001	87.500	24	3	0	574	597	565	588	6.6	28.7
NEIS0402_1_pglF	contig00001	68.852	61	15	1	540	600	81567	81623	6.6	28.7
NEIS0402_1_pglF	contig00001	95.000	20	1	0	318	337	115143	115162	6.6	28.7
NEIS0402_1_pglF	contig00052	74.000	50	11	2	895	944	4325	4278	0.86	31.7
NEIS0402_1_pglF	contig00045	65.263	95	28	4	556	649	8563	8473	0.86	31.7
NEIS0402_1_pglF	contig00016	91.667	24	2	0	583	606	30849	30872	0.86	31.7
NEIS0402_1_pglF	contig00016	78.378	37	7	1	875	910	2403	2439	2.4	30.2
NEIS0402_1_pglF	contig00016	70.213	47	14	0	34	80	26813	26767	2.4	30.2
NEIS0402_1_pglF	contig00016	95.000	20	1	0	582	601	3565	3584	6.6	28.7
NEIS0402_1_pglF	contig00010	83.333	30	5	0	1030	1059	35278	35307	0.86	31.7
NEIS0402_1_pglF	contig00010	72.222	54	13	2	180	232	62563	62511	0.86	31.7
NEIS0402_1_pglF	contig00010	91.304	23	2	0	574	596	2189	2211	2.4	30.2
NEIS0402_1_pglF	contig00010	78.788	33	7	0	583	615	7451	7419	2.4	30.2
NEIS0402_1_pglF	contig00010	95.000	20	1	0	577	596	8964	8983	6.6	28.7
NEIS0402_1_pglF	contig00010	80.000	30	6	0	874	903	15291	15320	6.6	28.7
NEIS0402_1_pglF	contig00010	84.615	26	4	0	580	605	24031	24006	6.6	28.7
NEIS0402_1_pglF	contig00007	72.000	50	13	1	26	75	45434	45482	0.86	31.7
NEIS0402_1_pglF	contig00007	91.304	23	2	0	132	154	3783	3805	2.4	30.2
NEIS0402_1_pglF	contig00007	86.207	29	3	1	1227	1254	50192	50220	2.4	30.2
NEIS0402_1_pglF	contig00007	100.000	19	0	0	578	596	63368	63350	2.4	30.2
NEIS0402_1_pglF	contig00007	70.455	44	13	0	875	918	4651	4608	6.6	28.7
NEIS0402_1_pglF	contig00007	83.333	30	4	1	579	607	6185	6156	6.6	28.7
NEIS0402_1_pglF	contig00007	100.000	18	0	0	582	599	36207	36190	6.6	28.7
NEIS0402_1_pglF	contig00007	95.000	20	1	0	582	601	56239	56220	6.6	28.7
NEIS0402_1_pglF	contig00090	95.238	21	1	0	199	219	418	398	2.4	30.2
NEIS0402_1_pglF	contig00088	76.000	50	8	3	581	629	777	823	2.4	30.2
NEIS0402_1_pglF	contig00058	85.185	27	4	0	581	607	416	442	2.4	30.2
NEIS0402_1_pglF	contig00058	68.627	51	16	0	579	629	535	585	2.4	30.2
NEIS0402_1_pglF	contig00058	66.667	54	18	0	585	638	569	516	6.6	28.7
NEIS0402_1_pglF	contig00050	91.304	23	2	0	321	343	7990	8012	2.4	30.2
NEIS0402_1_pglF	contig00046	78.000	50	5	3	584	628	1031	1079	2.4	30.2
NEIS0402_1_pglF	contig00046	86.207	29	3	1	574	602	6456	6483	2.4	30.2
NEIS0402_1_pglF	contig00046	74.359	39	10	0	1324	1362	8165	8203	2.4	30.2
NEIS0402_1_pglF	contig00037	80.000	35	6	1	1031	1064	17834	17868	2.4	30.2
NEIS0402_1_pglF	contig00037	84.615	26	4	0	317	342	5631	5656	6.6	28.7
NEIS0402_1_pglF	contig00036	75.676	37	9	0	570	606	13929	13965	2.4	30.2
NEIS0402_1_pglF	contig00034	91.304	23	2	0	296	318	14423	14401	2.4	30.2
NEIS0402_1_pglF	contig00034	90.909	22	2	0	297	318	21352	21331	6.6	28.7
NEIS0402_1_pglF	contig00031	78.788	33	7	0	580	612	11321	11289	2.4	30.2
NEIS0402_1_pglF	contig00029	63.636	77	27	1	933	1009	6992	7067	2.4	30.2
NEIS0402_1_pglF	contig00029	78.788	33	7	0	195	227	17184	17216	2.4	30.2
NEIS0402_1_pglF	contig00029	83.333	30	4	1	582	610	8268	8297	6.6	28.7
NEIS0402_1_pglF	contig00029	79.412	34	6	1	926	958	23009	23042	6.6	28.7
NEIS0402_1_pglF	contig00027	73.171	41	11	0	1216	1256	20753	20793	2.4	30.2
NEIS0402_1_pglF	contig00027	68.657	67	17	3	884	948	21466	21530	6.6	28.7
NEIS0402_1_pglF	contig00024	88.000	25	3	0	583	607	27448	27472	2.4	30.2
NEIS0402_1_pglF	contig00024	87.500	24	3	0	321	344	32757	32780	6.6	28.7
NEIS0402_1_pglF	contig00015	73.333	45	11	1	552	596	40624	40667	2.4	30.2
NEIS0402_1_pglF	contig00015	95.000	20	1	0	755	774	10509	10490	6.6	28.7
NEIS0402_1_pglF	contig00014	100.000	19	0	0	579	597	44275	44293	2.4	30.2
NEIS0402_1_pglF	contig00014	71.429	56	11	1	551	606	22204	22154	6.6	28.7
NEIS0402_1_pglF	contig00006	85.185	27	4	0	1079	1105	16177	16203	2.4	30.2
NEIS0402_1_pglF	contig00006	80.000	30	6	0	1105	1134	48676	48647	6.6	28.7
NEIS0402_1_pglF	contig00006	95.000	20	1	0	329	348	57838	57857	6.6	28.7
NEIS0402_1_pglF	contig00047	87.500	24	3	0	584	607	10088	10111	6.6	28.7
NEIS0402_1_pglF	contig00038	77.500	40	7	2	571	610	1132	1169	6.6	28.7
NEIS0402_1_pglF	contig00035	95.000	20	1	0	578	597	7660	7641	6.6	28.7
NEIS0402_1_pglF	contig00018	68.000	50	16	0	1007	1056	19469	19518	6.6	28.7
NEIS0402_1_pglF	contig00022	75.000	36	9	0	44	79	268	303	6.6	28.7
NEIS0402_1_pglF	contig00021	87.500	24	3	0	574	597	3307	3284	6.6	28.7
NEIS0402_1_pglF	contig00009	72.917	48	11	2	515	560	36144	36097	6.6	28.7
NEIS0401_1_pglG	contig00005	99.625	1067	2	1	1	1065	16927	15861	0.0	1556
NEIS0401_1_pglG	contig00005	71.429	42	12	0	389	430	9112	9071	4.9	28.7
NEIS0401_1_pglG	contig00012	81.081	37	7	0	46	82	23009	23045	0.030	36.1
NEIS0401_1_pglG	contig00004	75.610	41	10	0	386	426	63568	63528	0.23	33.2
NEIS0401_1_pglG	contig00040	68.966	58	17	1	48	105	9870	9814	0.63	31.7
NEIS0401_1_pglG	contig00014	77.778	36	8	0	869	904	760	725	0.63	31.7
NEIS0401_1_pglG	contig00014	88.462	26	3	0	642	667	47623	47648	0.63	31.7
NEIS0401_1_pglG	contig00007	88.462	26	3	0	227	252	44649	44674	0.63	31.7
NEIS0401_1_pglG	contig00039	88.000	25	3	0	344	368	11874	11850	1.8	30.2
NEIS0401_1_pglG	contig00023	88.889	27	2	1	47	72	36466	36440	1.8	30.2
NEIS0401_1_pglG	contig00013	67.273	55	18	0	712	766	47130	47076	1.8	30.2
NEIS0401_1_pglG	contig00010	77.143	35	8	0	276	310	16098	16132	1.8	30.2
NEIS0401_1_pglG	contig00010	95.238	21	1	0	159	179	59863	59883	1.8	30.2
NEIS0401_1_pglG	contig00010	73.684	38	10	0	202	239	31938	31901	4.9	28.7
NEIS0401_1_pglG	contig00009	75.676	37	9	0	445	481	30572	30608	1.8	30.2
NEIS0401_1_pglG	contig00003	85.185	27	4	0	912	938	85105	85131	1.8	30.2
NEIS0401_1_pglG	contig00003	87.500	24	3	0	218	241	62451	62474	4.9	28.7
NEIS0401_1_pglG	contig00003	84.615	26	4	0	898	923	82687	82712	4.9	28.7
NEIS0401_1_pglG	contig00049	95.000	20	1	0	908	927	9344	9325	4.9	28.7
NEIS0401_1_pglG	contig00036	82.143	28	5	0	930	957	7840	7813	4.9	28.7
NEIS0401_1_pglG	contig00016	84.615	26	4	0	986	1011	8809	8784	4.9	28.7
NEIS0401_1_pglG	contig00006	78.125	32	7	0	707	738	42223	42254	4.9	28.7
NEIS0401_1_pglG	contig00006	79.412	34	6	1	270	302	56706	56739	4.9	28.7
NEIS0401_1_pglG	contig00002	64.706	68	23	1	267	334	70618	70684	4.9	28.7
NEIS0401_1_pglG	contig00001	82.143	28	5	0	382	409	122845	122818	4.9	28.7
NEIS0401_1_pglG	contig00001	73.684	38	10	0	232	269	146125	146162	4.9	28.7
NEIS0400_1_pglH	contig00005	93.350	1173	72	3	1	1167	15847	14675	0.0	1485
NEIS0400_1_pglH	contig00005	68.627	51	16	0	140	190	15658	15708	1.9	30.2
NEIS0400_1_pglH	contig00032	82.500	40	5	2	35	72	13282	13243	0.090	34.6
NEIS0400_1_pglH	contig00032	65.574	61	21	0	594	654	2913	2853	1.9	30.2
NEIS0400_1_pglH	contig00032	66.667	54	18	0	858	911	10516	10463	5.4	28.7
NEIS0400_1_pglH	contig00012	67.059	85	24	3	668	748	30466	30550	0.090	34.6
NEIS0400_1_pglH	contig00012	71.667	60	13	3	522	579	51657	51714	1.9	30.2
NEIS0400_1_pglH	contig00012	75.000	36	9	0	159	194	43217	43252	5.4	28.7
NEIS0400_1_pglH	contig00056	70.833	48	14	0	174	221	3897	3850	0.70	31.7
NEIS0400_1_pglH	contig00056	91.304	23	2	0	176	198	4096	4074	1.9	30.2
NEIS0400_1_pglH	contig00034	79.412	34	7	0	261	294	7604	7637	0.70	31.7
NEIS0400_1_pglH	contig00023	73.810	42	11	0	96	137	15709	15668	0.70	31.7
NEIS0400_1_pglH	contig00008	91.667	24	2	0	601	624	13075	13052	0.70	31.7
NEIS0400_1_pglH	contig00008	85.185	27	4	0	349	375	8135	8109	1.9	30.2
NEIS0400_1_pglH	contig00035	76.471	51	8	4	141	188	10608	10657	1.9	30.2
NEIS0400_1_pglH	contig00020	95.238	21	1	0	46	66	26105	26125	1.9	30.2
NEIS0400_1_pglH	contig00019	83.871	31	4	1	166	196	8275	8246	1.9	30.2
NEIS0400_1_pglH	contig00017	70.213	47	14	0	148	194	8839	8793	1.9	30.2
NEIS0400_1_pglH	contig00017	81.250	32	5	1	86	117	42722	42752	5.4	28.7
NEIS0400_1_pglH	contig00011	95.238	21	1	0	35	55	36232	36212	1.9	30.2
NEIS0400_1_pglH	contig00011	77.143	35	8	0	1010	1044	41114	41080	1.9	30.2
NEIS0400_1_pglH	contig00011	81.250	32	5	1	271	301	4182	4213	5.4	28.7
NEIS0400_1_pglH	contig00009	70.175	57	14	1	1035	1088	46749	46805	1.9	30.2
NEIS0400_1_pglH	contig00009	69.565	46	14	0	761	806	15063	15018	5.4	28.7
NEIS0400_1_pglH	contig00002	75.676	37	9	0	174	210	86490	86454	1.9	30.2
NEIS0400_1_pglH	contig00002	70.455	44	13	0	221	264	70638	70595	5.4	28.7
NEIS0400_1_pglH	contig00002	73.810	42	10	1	35	75	92921	92962	5.4	28.7
NEIS0400_1_pglH	contig00002	84.615	26	4	0	136	161	98772	98797	5.4	28.7
NEIS0400_1_pglH	contig00001	80.645	31	6	0	126	156	76938	76968	1.9	30.2
NEIS0400_1_pglH	contig00078	79.412	34	6	1	531	563	410	377	5.4	28.7
NEIS0400_1_pglH	contig00073	77.778	36	7	1	785	820	2373	2339	5.4	28.7
NEIS0400_1_pglH	contig00049	82.143	28	5	0	781	808	6806	6779	5.4	28.7
NEIS0400_1_pglH	contig00039	82.143	28	5	0	1018	1045	2621	2648	5.4	28.7
NEIS0400_1_pglH	contig00028	72.500	40	11	0	702	741	19921	19882	5.4	28.7
NEIS0400_1_pglH	contig00021	83.333	30	4	1	35	63	13316	13345	5.4	28.7
NEIS0400_1_pglH	contig00015	68.333	60	17	2	692	750	1561	1503	5.4	28.7
NEIS0400_1_pglH	contig00010	87.500	24	3	0	685	708	39492	39469	5.4	28.7
NEIS0400_1_pglH	contig00010	100.000	18	0	0	174	191	49673	49656	5.4	28.7
NEIS0400_1_pglH	contig00006	75.000	36	9	0	728	763	15046	15081	5.4	28.7
NEIS0400_1_pglH	contig00006	87.500	24	3	0	816	839	30636	30613	5.4	28.7
NEIS0400_1_pglH	contig00006	80.000	30	6	0	164	193	58476	58505	5.4	28.7
NEIS0400_1_pglH	contig00004	78.125	32	7	0	35	66	45976	45945	5.4	28.7
NEIS0400_1_pglH	contig00004	78.125	32	7	0	17	48	68955	68924	5.4	28.7
NEIS0380_1_pglI	contig00046	99.840	1875	3	0	1	1875	7928	9802	0.0	2752
NEIS0380_1_pglI	contig00012	61.242	467	175	6	2	465	7927	7464	5.22e-33	139
NEIS0380_1_pglI	contig00012	57.214	201	83	2	868	1065	7034	6834	0.019	37.6
NEIS0380_1_pglI	contig00012	75.439	57	9	4	1175	1230	970	1022	1.1	31.7
NEIS0380_1_pglI	contig00012	84.615	26	4	0	326	351	8318	8293	8.7	28.7
NEIS0380_1_pglI	contig00044	72.973	74	14	3	895	963	7162	7234	0.007	39.0
NEIS0380_1_pglI	contig00005	76.923	39	9	0	238	276	17028	16990	0.41	33.2
NEIS0380_1_pglI	contig00005	73.684	38	10	0	766	803	36698	36735	8.7	28.7
NEIS0380_1_pglI	contig00005	82.143	28	5	0	218	245	64016	64043	8.7	28.7
NEIS0380_1_pglI	contig00056	63.043	92	31	1	653	744	840	752	1.1	31.7
NEIS0380_1_pglI	contig00052	88.462	26	3	0	598	623	5634	5609	1.1	31.7
NEIS0380_1_pglI	contig00027	77.778	36	8	0	134	169	22492	22527	1.1	31.7
NEIS0380_1_pglI	contig00027	78.947	38	6	2	1730	1766	11693	11729	8.7	28.7
NEIS0380_1_pglI	contig00019	83.333	30	5	0	714	743	35198	35169	1.1	31.7
NEIS0380_1_pglI	contig00048	75.610	41	9	1	1688	1727	1786	1746	3.1	30.2
NEIS0380_1_pglI	contig00037	77.143	35	8	0	847	881	11478	11444	3.1	30.2
NEIS0380_1_pglI	contig00035	77.778	45	7	3	1200	1243	3672	3630	3.1	30.2
NEIS0380_1_pglI	contig00033	92.593	27	0	2	267	292	10336	10311	3.1	30.2
NEIS0380_1_pglI	contig00033	100.000	19	0	0	667	685	12120	12102	3.1	30.2
NEIS0380_1_pglI	contig00033	90.909	22	2	0	212	233	830	809	8.7	28.7
NEIS0380_1_pglI	contig00031	91.304	23	2	0	1747	1769	18388	18410	3.1	30.2
NEIS0380_1_pglI	contig00025	73.171	41	11	0	1214	1254	1583	1543	3.1	30.2
NEIS0380_1_pglI	contig00024	85.185	27	4	0	707	733	9383	9357	3.1	30.2
NEIS0380_1_pglI	contig00024	80.556	36	5	2	1436	1470	28350	28384	8.7	28.7
NEIS0380_1_pglI	contig00016	88.000	25	3	0	1489	1513	21536	21560	3.1	30.2
NEIS0380_1_pglI	contig00014	76.087	46	8	2	635	680	27751	27709	3.1	30.2
NEIS0380_1_pglI	contig00014	79.412	34	6	1	730	763	31065	31033	8.7	28.7
NEIS0380_1_pglI	contig00009	88.000	25	3	0	660	684	13338	13314	3.1	30.2
NEIS0380_1_pglI	contig00009	74.468	47	9	1	501	547	58093	58136	3.1	30.2
NEIS0380_1_pglI	contig00009	87.500	24	3	0	1535	1558	20082	20105	8.7	28.7
NEIS0380_1_pglI	contig00003	79.487	39	6	2	1388	1425	22156	22193	3.1	30.2
NEIS0380_1_pglI	contig00003	77.778	36	7	1	33	67	49746	49711	8.7	28.7
NEIS0380_1_pglI	contig00066	87.500	24	3	0	1217	1240	3005	3028	8.7	28.7
NEIS0380_1_pglI	contig00053	90.909	22	2	0	1119	1140	7414	7435	8.7	28.7
NEIS0380_1_pglI	contig00039	87.500	24	3	0	1730	1753	15660	15683	8.7	28.7
NEIS0380_1_pglI	contig00039	76.471	34	8	0	684	717	17470	17503	8.7	28.7
NEIS0380_1_pglI	contig00036	71.429	42	12	0	672	713	5400	5359	8.7	28.7
NEIS0380_1_pglI	contig00034	68.000	75	19	4	473	543	20419	20492	8.7	28.7
NEIS0380_1_pglI	contig00032	95.000	20	1	0	1617	1636	9388	9369	8.7	28.7
NEIS0380_1_pglI	contig00023	83.333	30	4	1	35	64	14728	14756	8.7	28.7
NEIS0380_1_pglI	contig00022	95.000	20	1	0	1621	1640	2382	2401	8.7	28.7
NEIS0380_1_pglI	contig00022	75.000	36	9	0	1493	1528	12391	12426	8.7	28.7
NEIS0380_1_pglI	contig00021	73.810	42	10	1	1688	1729	26959	26919	8.7	28.7
NEIS0380_1_pglI	contig00013	95.000	20	1	0	290	309	16922	16941	8.7	28.7
NEIS0380_1_pglI	contig00010	90.909	22	2	0	252	273	40452	40431	8.7	28.7
NEIS0380_1_pglI	contig00008	67.241	58	18	1	884	941	4843	4787	8.7	28.7
NEIS0380_1_pglI	contig00008	100.000	18	0	0	510	527	8251	8234	8.7	28.7
NEIS0380_1_pglI	contig00008	70.000	50	14	1	227	275	54375	54326	8.7	28.7
NEIS0380_1_pglI	contig00006	87.500	24	3	0	1269	1292	73973	73950	8.7	28.7
NEIS0380_1_pglI	contig00004	88.462	26	2	1	624	649	69525	69501	8.7	28.7
NEIS0380_1_pglI	contig00002	75.000	36	9	0	1360	1395	96973	96938	8.7	28.7
NEIS0380_1_pglI	contig00001	95.000	20	1	0	473	492	88186	88167	8.7	28.7
NEIS0380_1_pglI	contig00001	73.469	49	10	2	583	631	88738	88693	8.7	28.7
NEIS0539_1_pglL	contig00036	96.364	1815	66	0	1	1815	15235	13421	0.0	2478
NEIS0539_1_pglL	contig00036	77.143	35	8	0	126	160	19485	19519	3.0	30.2
NEIS0539_1_pglL	contig00007	74.545	55	13	1	1267	1321	25922	25975	0.007	39.0
NEIS0539_1_pglL	contig00007	69.118	68	19	2	104	169	44210	44277	0.14	34.6
NEIS0539_1_pglL	contig00007	81.818	33	5	1	1763	1795	11642	11673	3.0	30.2
NEIS0539_1_pglL	contig00007	68.750	48	15	0	415	462	20421	20374	8.4	28.7
NEIS0539_1_pglL	contig00007	100.000	18	0	0	1277	1294	36193	36176	8.4	28.7
NEIS0539_1_pglL	contig00007	75.000	48	9	3	1247	1294	50232	50188	8.4	28.7
NEIS0539_1_pglL	contig00007	70.455	44	13	0	851	894	54925	54968	8.4	28.7
NEIS0539_1_pglL	contig00016	73.214	56	13	2	1237	1292	3550	3603	0.14	34.6
NEIS0539_1_pglL	contig00016	91.304	23	2	0	1763	1785	20426	20404	3.0	30.2
NEIS0539_1_pglL	contig00016	65.823	79	23	3	814	891	23545	23470	8.4	28.7
NEIS0539_1_pglL	contig00040	77.778	54	7	4	1276	1326	5121	5070	0.40	33.2
NEIS0539_1_pglL	contig00012	76.087	46	9	1	907	952	17444	17401	0.40	33.2
NEIS0539_1_pglL	contig00012	83.333	36	4	1	1278	1313	24203	24170	0.40	33.2
NEIS0539_1_pglL	contig00012	95.000	20	1	0	1278	1297	12119	12100	8.4	28.7
NEIS0539_1_pglL	contig00012	95.000	20	1	0	1294	1313	25351	25332	8.4	28.7
NEIS0539_1_pglL	contig00012	82.143	28	5	0	1281	1308	35197	35170	8.4	28.7
NEIS0539_1_pglL	contig00004	75.610	41	10	0	1268	1308	59921	59881	0.40	33.2
NEIS0539_1_pglL	contig00004	91.667	24	2	0	823	846	15423	15400	1.1	31.7
NEIS0539_1_pglL	contig00004	100.000	19	0	0	691	709	65990	65972	3.0	30.2
NEIS0539_1_pglL	contig00004	81.250	32	5	1	861	891	2041	2010	8.4	28.7
NEIS0539_1_pglL	contig00004	73.684	38	10	0	88	125	43075	43038	8.4	28.7
NEIS0539_1_pglL	contig00004	87.500	24	3	0	1281	1304	48157	48134	8.4	28.7
NEIS0539_1_pglL	contig00004	82.143	28	5	0	687	714	79754	79727	8.4	28.7
NEIS0539_1_pglL	contig00003	88.889	27	3	0	971	997	90586	90560	0.40	33.2
NEIS0539_1_pglL	contig00003	75.676	37	9	0	1581	1617	97232	97196	3.0	30.2
NEIS0539_1_pglL	contig00003	75.000	36	9	0	1287	1322	10854	10889	8.4	28.7
NEIS0539_1_pglL	contig00003	87.500	24	3	0	154	177	33169	33146	8.4	28.7
NEIS0539_1_pglL	contig00003	82.143	28	5	0	1753	1780	38927	38954	8.4	28.7
NEIS0539_1_pglL	contig00003	81.250	32	5	1	1277	1307	86212	86181	8.4	28.7
NEIS0539_1_pglL	contig00046	89.286	28	2	1	1278	1304	6481	6454	1.1	31.7
NEIS0539_1_pglL	contig00024	78.947	38	7	1	817	853	7047	7010	1.1	31.7
NEIS0539_1_pglL	contig00024	95.238	21	1	0	1272	1292	25598	25618	3.0	30.2
NEIS0539_1_pglL	contig00024	95.238	21	1	0	1275	1295	27467	27447	3.0	30.2
NEIS0539_1_pglL	contig00024	95.000	20	1	0	1279	1298	21405	21386	8.4	28.7
NEIS0539_1_pglL	contig00024	87.500	24	3	0	740	763	33866	33889	8.4	28.7
NEIS0539_1_pglL	contig00021	81.250	32	6	0	1277	1308	3281	3312	1.1	31.7
NEIS0539_1_pglL	contig00021	92.308	26	1	1	1272	1296	18831	18856	1.1	31.7
NEIS0539_1_pglL	contig00021	92.000	25	1	1	1275	1298	37723	37747	3.0	30.2
NEIS0539_1_pglL	contig00021	75.000	36	9	0	627	662	18380	18415	8.4	28.7
NEIS0539_1_pglL	contig00019	77.083	48	7	2	592	635	3144	3097	1.1	31.7
NEIS0539_1_pglL	contig00019	100.000	19	0	0	1277	1295	4962	4980	3.0	30.2
NEIS0539_1_pglL	contig00017	77.778	36	8	0	1101	1136	19433	19398	1.1	31.7
NEIS0539_1_pglL	contig00017	73.585	53	11	2	1709	1761	37340	37389	1.1	31.7
NEIS0539_1_pglL	contig00017	77.143	35	8	0	1279	1313	13850	13884	3.0	30.2
NEIS0539_1_pglL	contig00017	79.412	34	6	1	1277	1310	26244	26276	8.4	28.7
NEIS0539_1_pglL	contig00017	72.340	47	11	1	656	700	27072	27118	8.4	28.7
NEIS0539_1_pglL	contig00015	86.667	30	3	1	1274	1303	32807	32835	1.1	31.7
NEIS0539_1_pglL	contig00015	87.500	24	3	0	1276	1299	14252	14229	8.4	28.7
NEIS0539_1_pglL	contig00015	84.375	32	3	2	1278	1308	32800	32770	8.4	28.7
NEIS0539_1_pglL	contig00009	83.333	30	5	0	929	958	60023	59994	1.1	31.7
NEIS0539_1_pglL	contig00009	72.340	47	11	1	758	802	25995	26041	8.4	28.7
NEIS0539_1_pglL	contig00008	62.105	95	34	1	1323	1415	63268	63362	1.1	31.7
NEIS0539_1_pglL	contig00008	90.909	22	2	0	1275	1296	22361	22340	8.4	28.7
NEIS0539_1_pglL	contig00005	72.917	48	12	1	740	787	74389	74435	1.1	31.7
NEIS0539_1_pglL	contig00005	75.676	37	9	0	1271	1307	17741	17777	3.0	30.2
NEIS0539_1_pglL	contig00005	79.412	34	6	1	1109	1141	28572	28539	8.4	28.7
NEIS0539_1_pglL	contig00002	72.222	54	13	2	501	553	77375	77323	1.1	31.7
NEIS0539_1_pglL	contig00002	77.143	35	8	0	1279	1313	18819	18785	3.0	30.2
NEIS0539_1_pglL	contig00002	82.143	28	5	0	24	51	794	767	8.4	28.7
NEIS0539_1_pglL	contig00002	82.143	28	5	0	17	44	40028	40055	8.4	28.7
NEIS0539_1_pglL	contig00002	78.125	32	7	0	1034	1065	46436	46405	8.4	28.7
NEIS0539_1_pglL	contig00002	85.714	28	3	1	1278	1305	57288	57314	8.4	28.7
NEIS0539_1_pglL	contig00002	83.333	30	4	1	1268	1296	90476	90447	8.4	28.7
NEIS0539_1_pglL	contig00001	77.778	36	8	0	1745	1780	106517	106482	1.1	31.7
NEIS0539_1_pglL	contig00001	88.889	27	2	1	1268	1294	89226	89251	3.0	30.2
NEIS0539_1_pglL	contig00001	84.615	26	4	0	1278	1303	590	565	8.4	28.7
NEIS0539_1_pglL	contig00001	81.250	32	5	1	1268	1298	86316	86285	8.4	28.7
NEIS0539_1_pglL	contig00001	75.000	36	9	0	1276	1311	114694	114729	8.4	28.7
NEIS0539_1_pglL	contig00064	75.556	45	9	2	105	148	196	239	3.0	30.2
NEIS0539_1_pglL	contig00051	91.304	23	2	0	1279	1301	6918	6896	3.0	30.2
NEIS0539_1_pglL	contig00049	72.093	43	12	0	1301	1343	6823	6781	3.0	30.2
NEIS0539_1_pglL	contig00047	86.207	29	3	1	1265	1293	10115	10088	3.0	30.2
NEIS0539_1_pglL	contig00043	91.304	23	2	0	1277	1299	9835	9857	3.0	30.2
NEIS0539_1_pglL	contig00035	81.081	37	5	2	86	122	15236	15270	3.0	30.2
NEIS0539_1_pglL	contig00034	78.788	33	7	0	312	344	17015	16983	3.0	30.2
NEIS0539_1_pglL	contig00033	88.000	25	3	0	306	330	15140	15164	3.0	30.2
NEIS0539_1_pglL	contig00032	79.070	43	6	3	904	945	10160	10120	3.0	30.2
NEIS0539_1_pglL	contig00022	77.143	35	8	0	1271	1305	38034	38000	3.0	30.2
NEIS0539_1_pglL	contig00014	85.185	27	4	0	1273	1299	44300	44274	3.0	30.2
NEIS0539_1_pglL	contig00014	82.143	28	5	0	220	247	14317	14344	8.4	28.7
NEIS0539_1_pglL	contig00014	76.471	34	8	0	127	160	28721	28688	8.4	28.7
NEIS0539_1_pglL	contig00011	77.143	35	8	0	1287	1321	12581	12547	3.0	30.2
NEIS0539_1_pglL	contig00011	78.788	33	7	0	827	859	49393	49361	3.0	30.2
NEIS0539_1_pglL	contig00010	80.556	36	5	1	1261	1296	6920	6953	3.0	30.2
NEIS0539_1_pglL	contig00010	100.000	19	0	0	1277	1295	36924	36942	3.0	30.2
NEIS0539_1_pglL	contig00010	88.889	27	2	1	1277	1302	44310	44284	3.0	30.2
NEIS0539_1_pglL	contig00010	87.500	24	3	0	1274	1297	9648	9671	8.4	28.7
NEIS0539_1_pglL	contig00010	71.429	42	12	0	1603	1644	15787	15828	8.4	28.7
NEIS0539_1_pglL	contig00010	100.000	18	0	0	1281	1298	30690	30673	8.4	28.7
NEIS0539_1_pglL	contig00090	84.615	26	4	0	134	159	432	407	8.4	28.7
NEIS0539_1_pglL	contig00063	90.909	22	2	0	1278	1299	4242	4263	8.4	28.7
NEIS0539_1_pglL	contig00058	100.000	18	0	0	1277	1294	435	418	8.4	28.7
NEIS0539_1_pglL	contig00058	80.000	30	6	0	917	946	3922	3951	8.4	28.7
NEIS0539_1_pglL	contig00045	84.615	26	4	0	1031	1056	4734	4709	8.4	28.7
NEIS0539_1_pglL	contig00044	84.615	26	4	0	565	590	8097	8122	8.4	28.7
NEIS0539_1_pglL	contig00038	100.000	18	0	0	139	156	7860	7843	8.4	28.7
NEIS0539_1_pglL	contig00037	68.750	48	15	0	1277	1324	8019	8066	8.4	28.7
NEIS0539_1_pglL	contig00031	84.615	26	4	0	230	255	9310	9285	8.4	28.7
NEIS0539_1_pglL	contig00029	76.316	38	8	1	1277	1314	16782	16818	8.4	28.7
NEIS0539_1_pglL	contig00028	100.000	18	0	0	1277	1294	6759	6742	8.4	28.7
NEIS0539_1_pglL	contig00026	78.125	32	7	0	1277	1308	13597	13566	8.4	28.7
NEIS0539_1_pglL	contig00026	100.000	18	0	0	1277	1294	13593	13610	8.4	28.7
NEIS0539_1_pglL	contig00025	95.000	20	1	0	1277	1296	8593	8612	8.4	28.7
NEIS0539_1_pglL	contig00023	84.615	26	4	0	1509	1534	35946	35921	8.4	28.7
NEIS0539_1_pglL	contig00013	87.500	24	3	0	1326	1349	14797	14774	8.4	28.7
NEIS0539_1_pglL	contig00013	78.125	32	7	0	1265	1296	50072	50103	8.4	28.7
NEIS0539_1_pglL	contig00006	75.000	36	9	0	735	770	28208	28173	8.4	28.7
NEIS0539_1_pglL	contig00006	95.000	20	1	0	1074	1093	52373	52354	8.4	28.7
NEIS2846_1_pglN2	contig00003	78.760	1210	244	7	1	1209	57687	56490	0.0	997
NEIS2846_1_pglN2	contig00003	90.909	22	2	0	985	1006	20463	20484	5.6	28.7
NEIS2846_1_pglN2	contig00003	75.000	36	9	0	1029	1064	25351	25316	5.6	28.7
NEIS2846_1_pglN2	contig00003	87.500	24	3	0	185	208	49489	49466	5.6	28.7
NEIS2846_1_pglN2	contig00051	67.143	70	21	2	943	1011	7555	7487	0.72	31.7
NEIS2846_1_pglN2	contig00030	88.462	26	3	0	599	624	13524	13499	0.72	31.7
NEIS2846_1_pglN2	contig00030	87.500	24	3	0	993	1016	2808	2785	5.6	28.7
NEIS2846_1_pglN2	contig00004	75.000	40	10	0	717	756	20586	20547	0.72	31.7
NEIS2846_1_pglN2	contig00046	81.818	33	5	1	1021	1052	10778	10810	2.0	30.2
NEIS2846_1_pglN2	contig00043	72.093	43	12	0	711	753	5803	5845	2.0	30.2
NEIS2846_1_pglN2	contig00022	78.788	33	7	0	49	81	38035	38003	2.0	30.2
NEIS2846_1_pglN2	contig00013	73.171	41	11	0	833	873	29561	29601	2.0	30.2
NEIS2846_1_pglN2	contig00009	75.610	41	9	1	433	472	30048	30008	2.0	30.2
NEIS2846_1_pglN2	contig00001	90.323	31	0	3	329	358	86657	86685	2.0	30.2
NEIS2846_1_pglN2	contig00001	100.000	18	0	0	994	1011	91125	91142	5.6	28.7
NEIS2846_1_pglN2	contig00001	87.500	24	3	0	752	775	112776	112753	5.6	28.7
NEIS2846_1_pglN2	contig00036	95.000	20	1	0	992	1011	18311	18292	5.6	28.7
NEIS2846_1_pglN2	contig00025	87.500	24	3	0	64	87	5301	5278	5.6	28.7
NEIS2846_1_pglN2	contig00018	82.143	28	5	0	604	631	14977	15004	5.6	28.7
NEIS2846_1_pglN2	contig00020	90.909	22	2	0	775	796	8663	8642	5.6	28.7
NEIS2846_1_pglN2	contig00008	82.143	28	5	0	378	405	5927	5900	5.6	28.7
NEIS2841_1_pglN	contig00003	61.097	1167	420	20	2	1153	57674	56527	7.78e-83	303
NEIS2841_1_pglN	contig00003	89.286	28	1	1	772	799	31681	31706	1.9	30.2
NEIS2841_1_pglN	contig00003	80.000	30	6	0	744	773	14282	14311	5.4	28.7
NEIS2841_1_pglN	contig00003	90.909	22	2	0	184	205	39659	39638	5.4	28.7
NEIS2841_1_pglN	contig00003	100.000	18	0	0	179	196	42545	42528	5.4	28.7
NEIS2841_1_pglN	contig00003	79.412	34	6	1	859	891	72568	72601	5.4	28.7
NEIS2841_1_pglN	contig00006	86.486	37	4	1	605	641	23695	23660	0.004	39.0
NEIS2841_1_pglN	contig00006	64.286	70	25	0	834	903	54597	54528	0.70	31.7
NEIS2841_1_pglN	contig00006	90.909	22	2	0	739	760	2471	2450	5.4	28.7
NEIS2841_1_pglN	contig00038	84.848	33	5	0	351	383	7851	7883	0.033	36.1
NEIS2841_1_pglN	contig00038	85.714	28	4	0	1124	1151	13104	13077	0.70	31.7
NEIS2841_1_pglN	contig00047	77.273	44	9	1	154	197	7161	7203	0.090	34.6
NEIS2841_1_pglN	contig00004	92.308	26	2	0	598	623	78415	78440	0.090	34.6
NEIS2841_1_pglN	contig00004	87.500	24	3	0	350	373	83424	83447	5.4	28.7
NEIS2841_1_pglN	contig00002	82.353	34	6	0	761	794	38996	39029	0.090	34.6
NEIS2841_1_pglN	contig00002	80.000	40	6	2	768	805	98777	98816	0.70	31.7
NEIS2841_1_pglN	contig00002	75.676	37	9	0	590	626	87606	87570	1.9	30.2
NEIS2841_1_pglN	contig00002	70.455	44	13	0	800	843	14874	14831	5.4	28.7
NEIS2841_1_pglN	contig00002	82.143	28	5	0	672	699	16738	16711	5.4	28.7
NEIS2841_1_pglN	contig00001	73.214	56	13	2	72	127	96570	96517	0.090	34.6
NEIS2841_1_pglN	contig00001	88.889	27	2	1	781	806	97145	97171	1.9	30.2
NEIS2841_1_pglN	contig00001	67.213	61	19	1	644	704	109970	109911	1.9	30.2
NEIS2841_1_pglN	contig00031	75.556	45	10	1	903	946	9812	9768	0.25	33.2
NEIS2841_1_pglN	contig00031	91.304	23	2	0	1124	1146	20385	20363	1.9	30.2
NEIS2841_1_pglN	contig00031	87.500	24	3	0	611	634	2207	2230	5.4	28.7
NEIS2841_1_pglN	contig00031	77.778	36	7	1	773	807	12436	12471	5.4	28.7
NEIS2841_1_pglN	contig00031	84.615	26	4	0	821	846	19938	19963	5.4	28.7
NEIS2841_1_pglN	contig00024	83.871	31	5	0	482	512	31128	31158	0.25	33.2
NEIS2841_1_pglN	contig00017	65.753	73	24	1	727	799	29096	29025	0.25	33.2
NEIS2841_1_pglN	contig00017	75.000	44	10	1	611	653	2132	2089	0.70	31.7
NEIS2841_1_pglN	contig00017	85.714	28	4	0	598	625	17145	17172	0.70	31.7
NEIS2841_1_pglN	contig00017	71.429	49	13	1	496	544	27733	27686	1.9	30.2
NEIS2841_1_pglN	contig00017	87.500	24	3	0	184	207	3390	3413	5.4	28.7
NEIS2841_1_pglN	contig00045	77.778	36	8	0	811	846	6972	6937	0.70	31.7
NEIS2841_1_pglN	contig00045	72.549	51	12	1	717	765	7159	7209	0.70	31.7
NEIS2841_1_pglN	contig00043	71.739	46	13	0	1092	1137	8401	8446	0.70	31.7
NEIS2841_1_pglN	contig00026	88.462	26	3	0	1089	1114	1180	1205	0.70	31.7
NEIS2841_1_pglN	contig00026	77.778	36	7	1	46	80	14235	14200	5.4	28.7
NEIS2841_1_pglN	contig00023	77.273	44	8	2	1051	1094	35988	35947	0.70	31.7
NEIS2841_1_pglN	contig00023	77.778	36	7	1	1102	1137	32130	32164	5.4	28.7
NEIS2841_1_pglN	contig00019	80.556	36	6	1	600	635	7958	7992	0.70	31.7
NEIS2841_1_pglN	contig00019	90.909	22	2	0	180	201	21868	21889	5.4	28.7
NEIS2841_1_pglN	contig00019	76.190	42	8	2	782	822	40818	40778	5.4	28.7
NEIS2841_1_pglN	contig00014	71.154	52	14	1	1025	1076	3688	3638	0.70	31.7
NEIS2841_1_pglN	contig00014	72.500	40	11	0	613	652	13184	13223	5.4	28.7
NEIS2841_1_pglN	contig00014	90.909	22	2	0	108	129	15139	15118	5.4	28.7
NEIS2841_1_pglN	contig00014	100.000	18	0	0	900	917	23685	23702	5.4	28.7
NEIS2841_1_pglN	contig00014	87.500	24	3	0	35	58	24085	24108	5.4	28.7
NEIS2841_1_pglN	contig00014	84.615	26	4	0	1122	1147	28727	28752	5.4	28.7
NEIS2841_1_pglN	contig00014	90.909	22	2	0	176	197	42271	42250	5.4	28.7
NEIS2841_1_pglN	contig00011	81.250	32	6	0	497	528	37192	37161	0.70	31.7
NEIS2841_1_pglN	contig00011	76.471	34	8	0	1029	1062	20887	20854	5.4	28.7
NEIS2841_1_pglN	contig00008	100.000	20	0	0	1120	1139	16199	16180	0.70	31.7
NEIS2841_1_pglN	contig00008	83.333	30	5	0	783	812	48585	48614	0.70	31.7
NEIS2841_1_pglN	contig00008	68.627	51	16	0	818	868	25432	25382	1.9	30.2
NEIS2841_1_pglN	contig00007	89.286	28	2	1	597	623	24765	24738	0.70	31.7
NEIS2841_1_pglN	contig00007	100.000	19	0	0	608	626	69485	69503	1.9	30.2
NEIS2841_1_pglN	contig00007	100.000	18	0	0	614	631	1252	1235	5.4	28.7
NEIS2841_1_pglN	contig00007	84.615	26	4	0	350	375	3526	3501	5.4	28.7
NEIS2841_1_pglN	contig00007	76.190	42	8	2	919	959	47338	47378	5.4	28.7
NEIS2841_1_pglN	contig00007	76.316	38	8	1	900	937	61331	61367	5.4	28.7
NEIS2841_1_pglN	contig00005	73.585	53	11	2	695	747	52741	52790	0.70	31.7
NEIS2841_1_pglN	contig00005	81.250	32	5	1	734	765	50232	50202	5.4	28.7
NEIS2841_1_pglN	contig00005	73.684	38	10	0	786	823	69036	68999	5.4	28.7
NEIS2841_1_pglN	contig00051	72.093	43	12	0	596	638	1864	1822	1.9	30.2
NEIS2841_1_pglN	contig00051	95.238	21	1	0	786	806	4420	4400	1.9	30.2
NEIS2841_1_pglN	contig00051	88.000	25	3	0	938	962	5641	5617	1.9	30.2
NEIS2841_1_pglN	contig00037	85.185	27	4	0	669	695	17382	17408	1.9	30.2
NEIS2841_1_pglN	contig00037	85.714	28	3	1	597	624	13074	13048	5.4	28.7
NEIS2841_1_pglN	contig00036	81.081	37	5	2	274	309	15359	15324	1.9	30.2
NEIS2841_1_pglN	contig00030	80.645	31	6	0	203	233	14717	14687	1.9	30.2
NEIS2841_1_pglN	contig00020	80.645	31	6	0	493	523	26338	26308	1.9	30.2
NEIS2841_1_pglN	contig00020	71.642	67	13	4	178	242	33052	33114	1.9	30.2
NEIS2841_1_pglN	contig00016	85.185	27	4	0	813	839	38508	38534	1.9	30.2
NEIS2841_1_pglN	contig00015	78.788	33	7	0	782	814	17064	17032	1.9	30.2
NEIS2841_1_pglN	contig00065	84.615	26	4	0	741	766	383	358	5.4	28.7
NEIS2841_1_pglN	contig00065	82.143	28	5	0	740	767	387	360	5.4	28.7
NEIS2841_1_pglN	contig00053	100.000	18	0	0	178	195	1386	1403	5.4	28.7
NEIS2841_1_pglN	contig00046	71.739	46	12	1	894	939	5805	5849	5.4	28.7
NEIS2841_1_pglN	contig00040	76.471	34	8	0	379	412	7879	7846	5.4	28.7
NEIS2841_1_pglN	contig00035	65.152	66	22	1	611	675	10606	10671	5.4	28.7
NEIS2841_1_pglN	contig00033	87.500	24	3	0	1042	1065	7422	7445	5.4	28.7
NEIS2841_1_pglN	contig00029	72.500	40	11	0	798	837	8671	8710	5.4	28.7
NEIS2841_1_pglN	contig00028	80.000	30	6	0	343	372	4949	4978	5.4	28.7
NEIS2841_1_pglN	contig00028	87.500	24	3	0	736	759	7747	7770	5.4	28.7
NEIS2841_1_pglN	contig00018	80.000	30	6	0	166	195	31809	31780	5.4	28.7
NEIS2841_1_pglN	contig00018	82.143	28	5	0	499	526	35624	35597	5.4	28.7
NEIS2841_1_pglN	contig00021	80.000	30	6	0	325	354	25167	25196	5.4	28.7
NEIS2841_1_pglN	contig00021	76.316	38	8	1	1107	1144	33166	33130	5.4	28.7
NEIS2841_1_pglN	contig00009	67.308	52	17	0	146	197	1399	1450	5.4	28.7
NEIS2841_1_pglN	contig00009	81.250	32	5	1	1114	1145	28578	28548	5.4	28.7
