NEIS0213_1_pglA	Chromosome	96.110	1131	43	1	1	1131	39594	40723	0.0	1534
NEIS0213_1_pglA	Chromosome	78.378	37	8	0	300	336	1563994	1564030	0.25	33.2
NEIS0213_1_pglA	Chromosome	68.852	61	17	1	860	920	1291099	1291157	0.69	31.7
NEIS0213_1_pglA	Chromosome	85.714	28	4	0	657	684	2121328	2121301	0.69	31.7
NEIS0213_1_pglA	Chromosome	70.213	47	14	0	53	99	165338	165384	1.9	30.2
NEIS0213_1_pglA	Chromosome	75.610	41	9	1	1001	1041	214527	214566	1.9	30.2
NEIS0213_1_pglA	Chromosome	91.304	23	2	0	400	422	232303	232281	1.9	30.2
NEIS0213_1_pglA	Chromosome	78.788	33	7	0	927	959	355978	355946	1.9	30.2
NEIS0213_1_pglA	Chromosome	73.171	41	11	0	1067	1107	711449	711409	1.9	30.2
NEIS0213_1_pglA	Chromosome	82.759	29	5	0	518	546	730983	731011	1.9	30.2
NEIS0213_1_pglA	Chromosome	85.185	27	4	0	3	29	922705	922679	1.9	30.2
NEIS0213_1_pglA	Chromosome	74.359	39	10	0	962	1000	1028744	1028782	1.9	30.2
NEIS0213_1_pglA	Chromosome	82.759	29	5	0	1081	1109	1160040	1160068	1.9	30.2
NEIS0213_1_pglA	Chromosome	69.388	49	15	0	617	665	2006987	2006939	1.9	30.2
NEIS0213_1_pglA	Chromosome	84.615	26	4	0	602	627	166644	166669	5.3	28.7
NEIS0213_1_pglA	Chromosome	90.909	22	2	0	357	378	208082	208103	5.3	28.7
NEIS0213_1_pglA	Chromosome	82.143	28	5	0	655	682	552318	552291	5.3	28.7
NEIS0213_1_pglA	Chromosome	80.000	30	6	0	1	30	631109	631080	5.3	28.7
NEIS0213_1_pglA	Chromosome	77.500	40	7	2	650	688	1324160	1324122	5.3	28.7
NEIS0213_1_pglA	Chromosome	78.125	32	7	0	534	565	1502794	1502825	5.3	28.7
NEIS0213_1_pglA	Chromosome	76.471	34	8	0	702	735	1529020	1528987	5.3	28.7
NEIS0213_1_pglA	Chromosome	90.909	22	2	0	61	82	1671091	1671070	5.3	28.7
NEIS0213_1_pglA	Chromosome	78.125	32	7	0	304	335	1888071	1888040	5.3	28.7
NEIS0213_1_pglA	Chromosome	78.125	32	7	0	386	417	1960770	1960739	5.3	28.7
NEIS0213_1_pglA	Chromosome	78.125	32	7	0	759	790	2021244	2021275	5.3	28.7
NEIS0213_1_pglA	Chromosome	90.909	22	2	0	700	721	2103232	2103253	5.3	28.7
NEIS2839_1_pglB2a	Chromosome	81.879	596	108	0	1	596	628863	628268	1.22e-160	561
NEIS2839_1_pglB2a	Chromosome	67.647	68	22	0	211	278	1274540	1274473	0.006	37.6
NEIS2839_1_pglB2a	Chromosome	73.016	63	13	3	183	245	1341425	1341367	0.047	34.6
NEIS2839_1_pglB2a	Chromosome	91.667	24	2	0	550	573	293970	293993	0.36	31.7
NEIS2839_1_pglB2a	Chromosome	79.412	34	7	0	507	540	764829	764796	0.36	31.7
NEIS2839_1_pglB2a	Chromosome	95.455	22	1	0	350	371	1099148	1099169	0.36	31.7
NEIS2839_1_pglB2a	Chromosome	88.462	26	3	0	141	166	1650571	1650596	0.36	31.7
NEIS2839_1_pglB2a	Chromosome	75.676	37	9	0	176	212	1031498	1031462	1.0	30.2
NEIS2839_1_pglB2a	Chromosome	74.359	39	10	0	350	388	2033321	2033359	1.0	30.2
NEIS2839_1_pglB2a	Chromosome	80.000	30	6	0	583	612	672682	672653	2.8	28.7
NEIS2839_1_pglB2a	Chromosome	82.143	28	5	0	197	224	796294	796267	2.8	28.7
NEIS2839_1_pglB2a	Chromosome	95.000	20	1	0	198	217	1372672	1372653	2.8	28.7
NEIS2839_1_pglB2a	Chromosome	72.500	40	11	0	423	462	1433150	1433189	2.8	28.7
NEIS2839_1_pglB2a	Chromosome	87.500	24	3	0	395	418	1983099	1983122	2.8	28.7
NEIS2839_1_pglB2a	Chromosome	81.250	32	5	1	204	234	2101869	2101900	2.8	28.7
NEIS2839_1_pglB2a	Chromosome	76.471	34	8	0	398	431	2124253	2124286	2.8	28.7
NEIS2839_1_pglB2a	Chromosome	75.758	33	8	0	523	555	57050	57082	7.7	27.3
NEIS2839_1_pglB2a	Chromosome	66.667	51	17	0	172	222	632592	632542	7.7	27.3
NEIS2839_1_pglB2a	Chromosome	94.737	19	1	0	94	112	719466	719448	7.7	27.3
NEIS2839_1_pglB2a	Chromosome	77.419	31	7	0	335	365	1022574	1022544	7.7	27.3
NEIS2839_1_pglB2a	Chromosome	86.957	23	3	0	62	84	1301360	1301338	7.7	27.3
NEIS2840_1_pglB2b	Chromosome	92.857	28	2	0	76	103	1329572	1329599	0.010	37.6
NEIS2840_1_pglB2b	Chromosome	83.784	37	5	1	68	104	816995	816960	0.028	36.1
NEIS2840_1_pglB2b	Chromosome	82.353	34	6	0	930	963	234827	234794	0.077	34.6
NEIS2840_1_pglB2b	Chromosome	67.857	84	23	4	73	155	423556	423476	0.077	34.6
NEIS2840_1_pglB2b	Chromosome	83.784	37	4	2	599	633	71723	71759	0.21	33.2
NEIS2840_1_pglB2b	Chromosome	75.610	41	10	0	631	671	148046	148006	0.21	33.2
NEIS2840_1_pglB2b	Chromosome	73.214	56	12	2	257	310	359144	359198	0.21	33.2
NEIS2840_1_pglB2b	Chromosome	84.848	33	4	1	64	96	1090574	1090605	0.21	33.2
NEIS2840_1_pglB2b	Chromosome	79.487	39	7	1	60	97	1882735	1882773	0.21	33.2
NEIS2840_1_pglB2b	Chromosome	81.818	33	6	0	820	852	1906607	1906639	0.21	33.2
NEIS2840_1_pglB2b	Chromosome	77.551	49	8	3	603	650	1990830	1990876	0.21	33.2
NEIS2840_1_pglB2b	Chromosome	91.667	24	2	0	80	103	49872	49849	0.59	31.7
NEIS2840_1_pglB2b	Chromosome	72.414	58	13	3	37	94	50706	50652	0.59	31.7
NEIS2840_1_pglB2b	Chromosome	95.455	22	1	0	75	96	336246	336225	0.59	31.7
NEIS2840_1_pglB2b	Chromosome	82.353	34	5	1	604	637	365041	365009	0.59	31.7
NEIS2840_1_pglB2b	Chromosome	84.375	32	4	1	77	107	375508	375539	0.59	31.7
NEIS2840_1_pglB2b	Chromosome	84.375	32	4	1	71	101	567989	567958	0.59	31.7
NEIS2840_1_pglB2b	Chromosome	89.286	28	2	1	596	623	877320	877346	0.59	31.7
NEIS2840_1_pglB2b	Chromosome	72.727	44	12	0	77	120	1136948	1136905	0.59	31.7
NEIS2840_1_pglB2b	Chromosome	70.000	50	15	0	45	94	1371957	1372006	0.59	31.7
NEIS2840_1_pglB2b	Chromosome	83.333	30	5	0	655	684	1464325	1464354	0.59	31.7
NEIS2840_1_pglB2b	Chromosome	67.742	62	19	1	560	620	1472344	1472405	0.59	31.7
NEIS2840_1_pglB2b	Chromosome	80.000	40	5	1	73	109	1708363	1708402	0.59	31.7
NEIS2840_1_pglB2b	Chromosome	81.250	32	6	0	263	294	1711535	1711504	0.59	31.7
NEIS2840_1_pglB2b	Chromosome	91.667	24	2	0	599	622	2103900	2103877	0.59	31.7
NEIS2840_1_pglB2b	Chromosome	68.254	63	18	2	81	142	66717	66656	1.6	30.2
NEIS2840_1_pglB2b	Chromosome	85.185	27	4	0	70	96	82636	82610	1.6	30.2
NEIS2840_1_pglB2b	Chromosome	91.304	23	2	0	78	100	86195	86173	1.6	30.2
NEIS2840_1_pglB2b	Chromosome	85.185	27	4	0	79	105	194335	194361	1.6	30.2
NEIS2840_1_pglB2b	Chromosome	82.759	29	5	0	600	628	316603	316575	1.6	30.2
NEIS2840_1_pglB2b	Chromosome	78.378	37	7	1	345	380	423833	423797	1.6	30.2
NEIS2840_1_pglB2b	Chromosome	88.000	25	3	0	888	912	549063	549087	1.6	30.2
NEIS2840_1_pglB2b	Chromosome	75.610	41	9	1	82	122	649909	649948	1.6	30.2
NEIS2840_1_pglB2b	Chromosome	78.947	38	6	1	589	626	681547	681582	1.6	30.2
NEIS2840_1_pglB2b	Chromosome	78.947	38	6	1	589	626	684819	684854	1.6	30.2
NEIS2840_1_pglB2b	Chromosome	78.947	38	6	1	589	626	690957	690992	1.6	30.2
NEIS2840_1_pglB2b	Chromosome	77.143	35	8	0	257	291	724215	724249	1.6	30.2
NEIS2840_1_pglB2b	Chromosome	85.185	27	4	0	80	106	866038	866064	1.6	30.2
NEIS2840_1_pglB2b	Chromosome	75.610	41	9	1	257	297	967900	967861	1.6	30.2
NEIS2840_1_pglB2b	Chromosome	67.925	53	17	0	635	687	1156881	1156933	1.6	30.2
NEIS2840_1_pglB2b	Chromosome	100.000	19	0	0	58	76	1338210	1338192	1.6	30.2
NEIS2840_1_pglB2b	Chromosome	88.000	25	3	0	594	618	1770140	1770164	1.6	30.2
NEIS2840_1_pglB2b	Chromosome	78.378	37	7	1	70	105	1907302	1907266	1.6	30.2
NEIS2840_1_pglB2b	Chromosome	86.207	29	3	1	592	620	1977831	1977858	1.6	30.2
NEIS2840_1_pglB2b	Chromosome	100.000	19	0	0	83	101	2089019	2089037	1.6	30.2
NEIS2840_1_pglB2b	Chromosome	83.871	31	4	1	601	631	2162073	2162102	1.6	30.2
NEIS2840_1_pglB2b	Chromosome	84.615	26	4	0	424	449	39849	39874	4.5	28.7
NEIS2840_1_pglB2b	Chromosome	83.333	30	4	1	601	630	64800	64772	4.5	28.7
NEIS2840_1_pglB2b	Chromosome	73.684	38	10	0	73	110	68147	68184	4.5	28.7
NEIS2840_1_pglB2b	Chromosome	84.615	26	4	0	73	98	337351	337326	4.5	28.7
NEIS2840_1_pglB2b	Chromosome	91.667	24	1	1	80	103	358092	358114	4.5	28.7
NEIS2840_1_pglB2b	Chromosome	79.412	34	6	1	682	715	442533	442501	4.5	28.7
NEIS2840_1_pglB2b	Chromosome	79.412	34	6	1	682	715	514230	514198	4.5	28.7
NEIS2840_1_pglB2b	Chromosome	95.000	20	1	0	267	286	521140	521159	4.5	28.7
NEIS2840_1_pglB2b	Chromosome	87.500	24	3	0	82	105	607736	607713	4.5	28.7
NEIS2840_1_pglB2b	Chromosome	76.471	34	8	0	71	104	621894	621861	4.5	28.7
NEIS2840_1_pglB2b	Chromosome	75.000	36	9	0	75	110	656441	656406	4.5	28.7
NEIS2840_1_pglB2b	Chromosome	81.818	33	4	1	589	621	688169	688199	4.5	28.7
NEIS2840_1_pglB2b	Chromosome	90.909	22	2	0	79	100	734249	734228	4.5	28.7
NEIS2840_1_pglB2b	Chromosome	79.412	34	6	1	682	715	735996	735964	4.5	28.7
NEIS2840_1_pglB2b	Chromosome	84.615	26	4	0	895	920	739825	739800	4.5	28.7
NEIS2840_1_pglB2b	Chromosome	84.615	26	4	0	4	29	779002	778977	4.5	28.7
NEIS2840_1_pglB2b	Chromosome	84.615	26	4	0	450	475	784162	784137	4.5	28.7
NEIS2840_1_pglB2b	Chromosome	100.000	18	0	0	605	622	864307	864324	4.5	28.7
NEIS2840_1_pglB2b	Chromosome	76.316	38	8	1	338	374	920584	920547	4.5	28.7
NEIS2840_1_pglB2b	Chromosome	100.000	18	0	0	603	620	930528	930545	4.5	28.7
NEIS2840_1_pglB2b	Chromosome	69.014	71	17	4	336	405	965682	965616	4.5	28.7
NEIS2840_1_pglB2b	Chromosome	87.500	24	3	0	598	621	1018826	1018849	4.5	28.7
NEIS2840_1_pglB2b	Chromosome	87.500	24	3	0	600	623	1021720	1021697	4.5	28.7
NEIS2840_1_pglB2b	Chromosome	84.615	26	4	0	768	793	1118789	1118764	4.5	28.7
NEIS2840_1_pglB2b	Chromosome	90.909	22	2	0	598	619	1182719	1182698	4.5	28.7
NEIS2840_1_pglB2b	Chromosome	79.412	34	6	1	765	798	1228604	1228636	4.5	28.7
NEIS2840_1_pglB2b	Chromosome	100.000	18	0	0	605	622	1261719	1261736	4.5	28.7
NEIS2840_1_pglB2b	Chromosome	68.852	61	16	2	558	616	1269655	1269714	4.5	28.7
NEIS2840_1_pglB2b	Chromosome	95.000	20	1	0	598	617	1395795	1395814	4.5	28.7
NEIS2840_1_pglB2b	Chromosome	90.909	22	2	0	787	808	1413428	1413407	4.5	28.7
NEIS2840_1_pglB2b	Chromosome	91.667	24	1	1	598	620	1477739	1477716	4.5	28.7
NEIS2840_1_pglB2b	Chromosome	80.000	30	6	0	602	631	1497329	1497300	4.5	28.7
NEIS2840_1_pglB2b	Chromosome	76.471	34	8	0	82	115	1534604	1534571	4.5	28.7
NEIS2840_1_pglB2b	Chromosome	82.143	28	5	0	68	95	1621095	1621068	4.5	28.7
NEIS2840_1_pglB2b	Chromosome	100.000	18	0	0	81	98	1666906	1666923	4.5	28.7
NEIS2840_1_pglB2b	Chromosome	90.909	22	2	0	605	626	1711443	1711422	4.5	28.7
NEIS2840_1_pglB2b	Chromosome	90.909	22	2	0	82	103	1738944	1738923	4.5	28.7
NEIS2840_1_pglB2b	Chromosome	73.684	38	10	0	64	101	1766222	1766259	4.5	28.7
NEIS2840_1_pglB2b	Chromosome	75.000	36	9	0	339	374	1778218	1778183	4.5	28.7
NEIS2840_1_pglB2b	Chromosome	84.615	26	4	0	70	95	1866021	1866046	4.5	28.7
NEIS2840_1_pglB2b	Chromosome	76.190	42	7	1	881	922	1875209	1875247	4.5	28.7
NEIS2840_1_pglB2b	Chromosome	76.471	34	8	0	124	157	1977921	1977954	4.5	28.7
NEIS2840_1_pglB2b	Chromosome	84.615	26	4	0	70	95	2010859	2010834	4.5	28.7
NEIS2840_1_pglB2b	Chromosome	90.909	22	2	0	773	794	2093637	2093616	4.5	28.7
NEIS2840_1_pglB2b	Chromosome	79.412	34	6	1	591	623	2102863	2102830	4.5	28.7
NEIS2838_1_pglB2	Chromosome	83.054	596	101	0	1	596	628863	628268	2.05e-166	582
NEIS2838_1_pglB2	Chromosome	92.857	28	2	0	679	706	1329572	1329599	0.016	37.6
NEIS2838_1_pglB2	Chromosome	82.222	45	5	3	235	279	597778	597819	0.046	36.1
NEIS2838_1_pglB2	Chromosome	83.784	37	5	1	671	707	816995	816960	0.046	36.1
NEIS2838_1_pglB2	Chromosome	74.603	63	12	4	183	245	1341425	1341367	0.046	36.1
NEIS2838_1_pglB2	Chromosome	82.353	34	6	0	1533	1566	234827	234794	0.13	34.6
NEIS2838_1_pglB2	Chromosome	67.857	84	23	4	676	758	423556	423476	0.13	34.6
NEIS2838_1_pglB2	Chromosome	83.784	37	4	2	1202	1236	71723	71759	0.35	33.2
NEIS2838_1_pglB2	Chromosome	75.610	41	10	0	1234	1274	148046	148006	0.35	33.2
NEIS2838_1_pglB2	Chromosome	73.214	56	12	2	860	913	359144	359198	0.35	33.2
NEIS2838_1_pglB2	Chromosome	84.848	33	4	1	667	699	1090574	1090605	0.35	33.2
NEIS2838_1_pglB2	Chromosome	76.923	39	9	0	250	288	1162168	1162130	0.35	33.2
NEIS2838_1_pglB2	Chromosome	79.487	39	7	1	663	700	1882735	1882773	0.35	33.2
NEIS2838_1_pglB2	Chromosome	81.818	33	6	0	1423	1455	1906607	1906639	0.35	33.2
NEIS2838_1_pglB2	Chromosome	77.551	49	8	3	1206	1253	1990830	1990876	0.35	33.2
NEIS2838_1_pglB2	Chromosome	91.667	24	2	0	683	706	49872	49849	0.97	31.7
NEIS2838_1_pglB2	Chromosome	72.414	58	13	3	640	697	50706	50652	0.97	31.7
NEIS2838_1_pglB2	Chromosome	95.455	22	1	0	678	699	336246	336225	0.97	31.7
NEIS2838_1_pglB2	Chromosome	82.353	34	5	1	1207	1240	365041	365009	0.97	31.7
NEIS2838_1_pglB2	Chromosome	84.375	32	4	1	680	710	375508	375539	0.97	31.7
NEIS2838_1_pglB2	Chromosome	84.375	32	4	1	674	704	567989	567958	0.97	31.7
NEIS2838_1_pglB2	Chromosome	89.286	28	2	1	1199	1226	877320	877346	0.97	31.7
NEIS2838_1_pglB2	Chromosome	95.455	22	1	0	350	371	1099148	1099169	0.97	31.7
NEIS2838_1_pglB2	Chromosome	78.947	38	7	1	222	259	1101358	1101394	0.97	31.7
NEIS2838_1_pglB2	Chromosome	72.727	44	12	0	680	723	1136948	1136905	0.97	31.7
NEIS2838_1_pglB2	Chromosome	70.000	50	15	0	648	697	1371957	1372006	0.97	31.7
NEIS2838_1_pglB2	Chromosome	83.333	30	5	0	1258	1287	1464325	1464354	0.97	31.7
NEIS2838_1_pglB2	Chromosome	67.742	62	19	1	1163	1223	1472344	1472405	0.97	31.7
NEIS2838_1_pglB2	Chromosome	88.462	26	3	0	141	166	1650571	1650596	0.97	31.7
NEIS2838_1_pglB2	Chromosome	80.000	40	5	1	676	712	1708363	1708402	0.97	31.7
NEIS2838_1_pglB2	Chromosome	81.250	32	6	0	866	897	1711535	1711504	0.97	31.7
NEIS2838_1_pglB2	Chromosome	91.667	24	2	0	1202	1225	2103900	2103877	0.97	31.7
NEIS2838_1_pglB2	Chromosome	68.254	63	18	2	684	745	66717	66656	2.7	30.2
NEIS2838_1_pglB2	Chromosome	85.185	27	4	0	673	699	82636	82610	2.7	30.2
NEIS2838_1_pglB2	Chromosome	91.304	23	2	0	681	703	86195	86173	2.7	30.2
NEIS2838_1_pglB2	Chromosome	85.185	27	4	0	682	708	194335	194361	2.7	30.2
NEIS2838_1_pglB2	Chromosome	82.759	29	5	0	1203	1231	316603	316575	2.7	30.2
NEIS2838_1_pglB2	Chromosome	69.412	85	17	5	204	282	336234	336153	2.7	30.2
NEIS2838_1_pglB2	Chromosome	78.378	37	7	1	948	983	423833	423797	2.7	30.2
NEIS2838_1_pglB2	Chromosome	88.000	25	3	0	1491	1515	549063	549087	2.7	30.2
NEIS2838_1_pglB2	Chromosome	75.610	41	9	1	685	725	649909	649948	2.7	30.2
NEIS2838_1_pglB2	Chromosome	78.947	38	6	1	1192	1229	681547	681582	2.7	30.2
NEIS2838_1_pglB2	Chromosome	78.947	38	6	1	1192	1229	684819	684854	2.7	30.2
NEIS2838_1_pglB2	Chromosome	78.947	38	6	1	1192	1229	690957	690992	2.7	30.2
NEIS2838_1_pglB2	Chromosome	77.143	35	8	0	860	894	724215	724249	2.7	30.2
NEIS2838_1_pglB2	Chromosome	78.788	33	7	0	600	632	779009	778977	2.7	30.2
NEIS2838_1_pglB2	Chromosome	85.185	27	4	0	683	709	866038	866064	2.7	30.2
NEIS2838_1_pglB2	Chromosome	75.610	41	9	1	860	900	967900	967861	2.7	30.2
NEIS2838_1_pglB2	Chromosome	75.676	37	9	0	176	212	1031498	1031462	2.7	30.2
NEIS2838_1_pglB2	Chromosome	67.925	53	17	0	1238	1290	1156881	1156933	2.7	30.2
NEIS2838_1_pglB2	Chromosome	100.000	19	0	0	661	679	1338210	1338192	2.7	30.2
NEIS2838_1_pglB2	Chromosome	82.759	29	5	0	249	277	1376947	1376919	2.7	30.2
NEIS2838_1_pglB2	Chromosome	74.468	47	10	2	261	306	1463074	1463119	2.7	30.2
NEIS2838_1_pglB2	Chromosome	74.359	39	10	0	600	638	1667789	1667751	2.7	30.2
NEIS2838_1_pglB2	Chromosome	88.000	25	3	0	1197	1221	1770140	1770164	2.7	30.2
NEIS2838_1_pglB2	Chromosome	78.378	37	7	1	673	708	1907302	1907266	2.7	30.2
NEIS2838_1_pglB2	Chromosome	86.207	29	3	1	1195	1223	1977831	1977858	2.7	30.2
NEIS2838_1_pglB2	Chromosome	74.359	39	10	0	350	388	2033321	2033359	2.7	30.2
NEIS2838_1_pglB2	Chromosome	100.000	19	0	0	686	704	2089019	2089037	2.7	30.2
NEIS2838_1_pglB2	Chromosome	83.871	31	4	1	1204	1234	2162073	2162102	2.7	30.2
NEIS2838_1_pglB2	Chromosome	84.615	26	4	0	1027	1052	39849	39874	7.5	28.7
NEIS2838_1_pglB2	Chromosome	83.333	30	4	1	1204	1233	64800	64772	7.5	28.7
NEIS2838_1_pglB2	Chromosome	73.684	38	10	0	676	713	68147	68184	7.5	28.7
NEIS2838_1_pglB2	Chromosome	84.615	26	4	0	676	701	337351	337326	7.5	28.7
NEIS2838_1_pglB2	Chromosome	91.667	24	1	1	683	706	358092	358114	7.5	28.7
NEIS2838_1_pglB2	Chromosome	88.462	26	2	1	444	468	372489	372514	7.5	28.7
NEIS2838_1_pglB2	Chromosome	79.412	34	6	1	1285	1318	442533	442501	7.5	28.7
NEIS2838_1_pglB2	Chromosome	75.000	52	8	3	124	175	464387	464433	7.5	28.7
NEIS2838_1_pglB2	Chromosome	79.412	34	6	1	1285	1318	514230	514198	7.5	28.7
NEIS2838_1_pglB2	Chromosome	95.000	20	1	0	870	889	521140	521159	7.5	28.7
NEIS2838_1_pglB2	Chromosome	82.143	28	5	0	262	289	592565	592538	7.5	28.7
NEIS2838_1_pglB2	Chromosome	87.500	24	3	0	685	708	607736	607713	7.5	28.7
NEIS2838_1_pglB2	Chromosome	76.471	34	8	0	674	707	621894	621861	7.5	28.7
NEIS2838_1_pglB2	Chromosome	75.000	36	9	0	678	713	656441	656406	7.5	28.7
NEIS2838_1_pglB2	Chromosome	81.818	33	4	1	1192	1224	688169	688199	7.5	28.7
NEIS2838_1_pglB2	Chromosome	90.909	22	2	0	682	703	734249	734228	7.5	28.7
NEIS2838_1_pglB2	Chromosome	79.412	34	6	1	1285	1318	735996	735964	7.5	28.7
NEIS2838_1_pglB2	Chromosome	84.615	26	4	0	1498	1523	739825	739800	7.5	28.7
NEIS2838_1_pglB2	Chromosome	84.615	26	4	0	518	543	776337	776362	7.5	28.7
NEIS2838_1_pglB2	Chromosome	84.615	26	4	0	1053	1078	784162	784137	7.5	28.7
NEIS2838_1_pglB2	Chromosome	82.143	28	5	0	197	224	796294	796267	7.5	28.7
NEIS2838_1_pglB2	Chromosome	100.000	18	0	0	1208	1225	864307	864324	7.5	28.7
NEIS2838_1_pglB2	Chromosome	76.316	38	8	1	941	977	920584	920547	7.5	28.7
NEIS2838_1_pglB2	Chromosome	100.000	18	0	0	1206	1223	930528	930545	7.5	28.7
NEIS2838_1_pglB2	Chromosome	82.143	28	5	0	495	522	933289	933262	7.5	28.7
NEIS2838_1_pglB2	Chromosome	69.014	71	17	4	939	1008	965682	965616	7.5	28.7
NEIS2838_1_pglB2	Chromosome	87.500	24	3	0	1201	1224	1018826	1018849	7.5	28.7
NEIS2838_1_pglB2	Chromosome	87.500	24	3	0	1203	1226	1021720	1021697	7.5	28.7
NEIS2838_1_pglB2	Chromosome	84.615	26	4	0	1371	1396	1118789	1118764	7.5	28.7
NEIS2838_1_pglB2	Chromosome	81.250	32	5	1	205	236	1181937	1181907	7.5	28.7
NEIS2838_1_pglB2	Chromosome	90.909	22	2	0	1201	1222	1182719	1182698	7.5	28.7
NEIS2838_1_pglB2	Chromosome	79.412	34	6	1	1368	1401	1228604	1228636	7.5	28.7
NEIS2838_1_pglB2	Chromosome	100.000	18	0	0	1208	1225	1261719	1261736	7.5	28.7
NEIS2838_1_pglB2	Chromosome	68.852	61	16	2	1161	1219	1269655	1269714	7.5	28.7
NEIS2838_1_pglB2	Chromosome	95.000	20	1	0	1201	1220	1395795	1395814	7.5	28.7
NEIS2838_1_pglB2	Chromosome	90.909	22	2	0	1390	1411	1413428	1413407	7.5	28.7
NEIS2838_1_pglB2	Chromosome	91.667	24	1	1	1201	1223	1477739	1477716	7.5	28.7
NEIS2838_1_pglB2	Chromosome	80.000	30	6	0	1205	1234	1497329	1497300	7.5	28.7
NEIS2838_1_pglB2	Chromosome	76.471	34	8	0	685	718	1534604	1534571	7.5	28.7
NEIS2838_1_pglB2	Chromosome	72.500	40	11	0	240	279	1591016	1590977	7.5	28.7
NEIS2838_1_pglB2	Chromosome	82.143	28	5	0	671	698	1621095	1621068	7.5	28.7
NEIS2838_1_pglB2	Chromosome	79.412	34	6	1	259	291	1644851	1644818	7.5	28.7
NEIS2838_1_pglB2	Chromosome	100.000	18	0	0	684	701	1666906	1666923	7.5	28.7
NEIS2838_1_pglB2	Chromosome	90.909	22	2	0	1208	1229	1711443	1711422	7.5	28.7
NEIS2838_1_pglB2	Chromosome	90.909	22	2	0	685	706	1738944	1738923	7.5	28.7
NEIS2838_1_pglB2	Chromosome	73.684	38	10	0	667	704	1766222	1766259	7.5	28.7
NEIS2838_1_pglB2	Chromosome	75.000	36	9	0	942	977	1778218	1778183	7.5	28.7
NEIS2838_1_pglB2	Chromosome	84.615	26	4	0	673	698	1866021	1866046	7.5	28.7
NEIS2838_1_pglB2	Chromosome	76.190	42	7	1	1484	1525	1875209	1875247	7.5	28.7
NEIS2838_1_pglB2	Chromosome	76.471	34	8	0	727	760	1977921	1977954	7.5	28.7
NEIS2838_1_pglB2	Chromosome	84.615	26	4	0	673	698	2010859	2010834	7.5	28.7
NEIS2838_1_pglB2	Chromosome	90.909	22	2	0	1376	1397	2093637	2093616	7.5	28.7
NEIS2838_1_pglB2	Chromosome	81.250	32	5	1	204	234	2101869	2101900	7.5	28.7
NEIS2838_1_pglB2	Chromosome	79.412	34	6	1	1194	1226	2102863	2102830	7.5	28.7
NEIS0399_1	Chromosome	86.748	1230	163	0	1	1230	628863	627634	0.0	1332
NEIS0399_1	Chromosome	77.551	49	11	0	634	682	1072790	1072742	6.00e-04	42.0
NEIS0399_1	Chromosome	81.081	37	7	0	642	678	34353	34317	0.036	36.1
NEIS0399_1	Chromosome	71.642	67	16	3	777	841	1177643	1177578	0.036	36.1
NEIS0399_1	Chromosome	70.423	71	17	2	673	742	1491852	1491919	0.036	36.1
NEIS0399_1	Chromosome	65.546	119	33	6	721	836	1704657	1704544	0.036	36.1
NEIS0399_1	Chromosome	71.154	52	15	0	631	682	826664	826613	0.098	34.6
NEIS0399_1	Chromosome	70.588	51	15	0	758	808	465615	465565	0.27	33.2
NEIS0399_1	Chromosome	64.000	75	27	0	776	850	827173	827099	0.27	33.2
NEIS0399_1	Chromosome	64.000	75	27	0	950	1024	832303	832229	0.27	33.2
NEIS0399_1	Chromosome	75.000	52	10	2	917	968	1677973	1677925	0.27	33.2
NEIS0399_1	Chromosome	79.412	34	7	0	618	651	345679	345712	0.76	31.7
NEIS0399_1	Chromosome	67.857	56	18	0	665	720	460839	460784	0.76	31.7
NEIS0399_1	Chromosome	73.077	52	12	2	201	250	557319	557268	0.76	31.7
NEIS0399_1	Chromosome	81.250	32	6	0	634	665	603889	603920	0.76	31.7
NEIS0399_1	Chromosome	73.810	42	11	0	599	640	667775	667734	0.76	31.7
NEIS0399_1	Chromosome	75.000	40	10	0	714	753	722564	722525	0.76	31.7
NEIS0399_1	Chromosome	76.190	42	9	1	777	818	1279930	1279890	0.76	31.7
NEIS0399_1	Chromosome	91.667	24	2	0	189	212	1280173	1280150	0.76	31.7
NEIS0399_1	Chromosome	89.286	28	2	1	201	227	1582282	1582309	0.76	31.7
NEIS0399_1	Chromosome	81.250	32	6	0	812	843	1633050	1633019	0.76	31.7
NEIS0399_1	Chromosome	80.000	40	6	2	609	647	1891833	1891871	0.76	31.7
NEIS0399_1	Chromosome	80.556	36	6	1	192	227	1993661	1993695	0.76	31.7
NEIS0399_1	Chromosome	83.333	30	5	0	201	230	2101866	2101895	0.76	31.7
NEIS0399_1	Chromosome	77.778	36	8	0	201	236	2108153	2108188	0.76	31.7
NEIS0399_1	Chromosome	91.667	24	2	0	778	801	2153534	2153557	0.76	31.7
NEIS0399_1	Chromosome	95.238	21	1	0	245	265	21449	21429	2.1	30.2
NEIS0399_1	Chromosome	91.304	23	2	0	822	844	61311	61333	2.1	30.2
NEIS0399_1	Chromosome	78.049	41	7	2	924	963	62234	62273	2.1	30.2
NEIS0399_1	Chromosome	77.273	44	7	2	615	655	325315	325272	2.1	30.2
NEIS0399_1	Chromosome	88.000	25	3	0	961	985	332399	332375	2.1	30.2
NEIS0399_1	Chromosome	70.909	55	13	1	779	833	344706	344757	2.1	30.2
NEIS0399_1	Chromosome	72.340	47	12	1	178	224	363966	364011	2.1	30.2
NEIS0399_1	Chromosome	80.645	31	6	0	690	720	468040	468010	2.1	30.2
NEIS0399_1	Chromosome	78.788	33	7	0	623	655	504961	504993	2.1	30.2
NEIS0399_1	Chromosome	91.304	23	2	0	191	213	521109	521087	2.1	30.2
NEIS0399_1	Chromosome	74.359	39	10	0	789	827	592528	592490	2.1	30.2
NEIS0399_1	Chromosome	76.923	39	8	1	330	367	593889	593851	2.1	30.2
NEIS0399_1	Chromosome	100.000	19	0	0	804	822	660573	660555	2.1	30.2
NEIS0399_1	Chromosome	72.093	43	12	0	170	212	730342	730300	2.1	30.2
NEIS0399_1	Chromosome	88.889	27	2	1	198	224	930363	930388	2.1	30.2
NEIS0399_1	Chromosome	74.419	43	10	1	630	672	945896	945855	2.1	30.2
NEIS0399_1	Chromosome	60.674	89	35	0	191	279	1156842	1156930	2.1	30.2
NEIS0399_1	Chromosome	80.000	35	6	1	786	820	1242509	1242476	2.1	30.2
NEIS0399_1	Chromosome	95.238	21	1	0	201	221	1290942	1290922	2.1	30.2
NEIS0399_1	Chromosome	73.171	41	11	0	616	656	1351232	1351272	2.1	30.2
NEIS0399_1	Chromosome	82.759	29	5	0	773	801	1365176	1365204	2.1	30.2
NEIS0399_1	Chromosome	85.185	27	4	0	10	36	1473641	1473667	2.1	30.2
NEIS0399_1	Chromosome	88.000	25	3	0	634	658	1709744	1709720	2.1	30.2
NEIS0399_1	Chromosome	88.889	27	2	1	810	835	1740957	1740983	2.1	30.2
NEIS0399_1	Chromosome	75.676	37	9	0	792	828	1825255	1825291	2.1	30.2
NEIS0399_1	Chromosome	75.610	41	9	1	803	842	1948546	1948506	2.1	30.2
NEIS0399_1	Chromosome	71.111	45	13	0	635	679	2172821	2172865	2.1	30.2
NEIS0399_1	Chromosome	76.471	34	8	0	650	683	37049	37082	5.8	28.7
NEIS0399_1	Chromosome	78.125	32	7	0	1051	1082	93471	93502	5.8	28.7
NEIS0399_1	Chromosome	81.818	33	4	1	825	857	170353	170323	5.8	28.7
NEIS0399_1	Chromosome	80.000	30	6	0	600	629	328304	328275	5.8	28.7
NEIS0399_1	Chromosome	60.227	88	35	0	1113	1200	480837	480750	5.8	28.7
NEIS0399_1	Chromosome	76.471	34	8	0	671	704	488648	488681	5.8	28.7
NEIS0399_1	Chromosome	72.500	40	11	0	1160	1199	624268	624229	5.8	28.7
NEIS0399_1	Chromosome	95.000	20	1	0	875	894	677952	677971	5.8	28.7
NEIS0399_1	Chromosome	95.000	20	1	0	8	27	708293	708274	5.8	28.7
NEIS0399_1	Chromosome	87.500	24	3	0	587	610	838663	838640	5.8	28.7
NEIS0399_1	Chromosome	87.500	24	3	0	613	636	848054	848031	5.8	28.7
NEIS0399_1	Chromosome	70.000	50	14	1	172	221	921788	921740	5.8	28.7
NEIS0399_1	Chromosome	75.000	40	9	1	1083	1121	922147	922186	5.8	28.7
NEIS0399_1	Chromosome	82.143	28	5	0	495	522	933289	933262	5.8	28.7
NEIS0399_1	Chromosome	67.308	52	17	0	922	973	963204	963255	5.8	28.7
NEIS0399_1	Chromosome	82.143	28	5	0	832	859	965396	965369	5.8	28.7
NEIS0399_1	Chromosome	87.500	24	3	0	693	716	1095610	1095633	5.8	28.7
NEIS0399_1	Chromosome	76.471	34	8	0	508	541	1223008	1222975	5.8	28.7
NEIS0399_1	Chromosome	75.000	36	9	0	812	847	1263850	1263815	5.8	28.7
NEIS0399_1	Chromosome	61.386	101	36	2	214	311	1274537	1274437	5.8	28.7
NEIS0399_1	Chromosome	90.909	22	2	0	24	45	1316017	1316038	5.8	28.7
NEIS0399_1	Chromosome	90.909	22	2	0	801	822	1355567	1355546	5.8	28.7
NEIS0399_1	Chromosome	82.353	34	4	2	1084	1117	1406973	1406942	5.8	28.7
NEIS0399_1	Chromosome	78.125	32	7	0	671	702	1680090	1680121	5.8	28.7
NEIS0399_1	Chromosome	81.081	37	4	2	823	859	1916227	1916194	5.8	28.7
NEIS0399_1	Chromosome	84.615	26	4	0	902	927	1968089	1968064	5.8	28.7
NEIS0399_1	Chromosome	84.615	26	4	0	871	896	1990583	1990608	5.8	28.7
NEIS0399_1	Chromosome	68.750	48	15	0	688	735	1996311	1996264	5.8	28.7
NEIS0399_1	Chromosome	81.250	32	5	1	773	803	2113255	2113224	5.8	28.7
NEIS0399_1	Chromosome	87.500	24	3	0	639	662	2159687	2159710	5.8	28.7
NEIS0399_1	Chromosome	67.857	56	17	1	786	840	2161633	2161578	5.8	28.7
NEIS0379_1_pglC	Chromosome	98.352	1092	18	0	1	1092	597298	598389	0.0	1556
NEIS0379_1_pglC	Chromosome	70.103	97	29	0	22	118	1353771	1353675	2.54e-09	59.6
NEIS0379_1_pglC	Chromosome	64.957	117	41	0	15	131	318994	319110	1.50e-07	53.8
NEIS0379_1_pglC	Chromosome	84.211	38	6	0	24	61	924612	924649	0.001	40.5
NEIS0379_1_pglC	Chromosome	65.714	70	24	0	497	566	235377	235446	0.086	34.6
NEIS0379_1_pglC	Chromosome	76.087	46	10	1	196	240	1746599	1746554	0.086	34.6
NEIS0379_1_pglC	Chromosome	95.833	24	1	0	995	1018	1881880	1881857	0.086	34.6
NEIS0379_1_pglC	Chromosome	74.510	51	10	1	703	753	5586	5539	0.24	33.2
NEIS0379_1_pglC	Chromosome	76.923	39	9	0	22	60	1029576	1029538	0.24	33.2
NEIS0379_1_pglC	Chromosome	65.556	90	27	3	690	775	2148380	2148469	0.24	33.2
NEIS0379_1_pglC	Chromosome	81.818	33	6	0	763	795	2159220	2159252	0.24	33.2
NEIS0379_1_pglC	Chromosome	64.384	73	26	0	865	937	2164062	2164134	0.24	33.2
NEIS0379_1_pglC	Chromosome	95.455	22	1	0	208	229	381234	381255	0.66	31.7
NEIS0379_1_pglC	Chromosome	68.519	54	17	0	331	384	639570	639517	0.66	31.7
NEIS0379_1_pglC	Chromosome	76.316	38	9	0	19	56	831519	831482	0.66	31.7
NEIS0379_1_pglC	Chromosome	77.778	36	8	0	237	272	941410	941375	0.66	31.7
NEIS0379_1_pglC	Chromosome	79.412	34	7	0	700	733	952059	952026	0.66	31.7
NEIS0379_1_pglC	Chromosome	79.412	34	7	0	993	1026	1112235	1112268	0.66	31.7
NEIS0379_1_pglC	Chromosome	64.220	109	33	5	460	565	1682926	1683031	0.66	31.7
NEIS0379_1_pglC	Chromosome	79.487	39	6	2	168	205	95345	95382	1.8	30.2
NEIS0379_1_pglC	Chromosome	80.645	31	6	0	211	241	263820	263850	1.8	30.2
NEIS0379_1_pglC	Chromosome	75.676	37	9	0	626	662	455526	455490	1.8	30.2
NEIS0379_1_pglC	Chromosome	71.429	49	13	1	101	148	525252	525204	1.8	30.2
NEIS0379_1_pglC	Chromosome	73.171	41	11	0	721	761	562947	562907	1.8	30.2
NEIS0379_1_pglC	Chromosome	91.304	23	2	0	842	864	1084726	1084748	1.8	30.2
NEIS0379_1_pglC	Chromosome	69.811	53	15	1	227	278	1120260	1120208	1.8	30.2
NEIS0379_1_pglC	Chromosome	69.841	63	16	3	170	229	1156482	1156544	1.8	30.2
NEIS0379_1_pglC	Chromosome	75.676	37	9	0	725	761	1356870	1356834	1.8	30.2
NEIS0379_1_pglC	Chromosome	91.304	23	2	0	1002	1024	1360735	1360757	1.8	30.2
NEIS0379_1_pglC	Chromosome	74.359	39	10	0	495	533	1589127	1589165	1.8	30.2
NEIS0379_1_pglC	Chromosome	91.304	23	2	0	613	635	1616608	1616586	1.8	30.2
NEIS0379_1_pglC	Chromosome	88.000	25	3	0	354	378	1648281	1648305	1.8	30.2
NEIS0379_1_pglC	Chromosome	73.333	45	11	1	468	512	1690379	1690336	1.8	30.2
NEIS0379_1_pglC	Chromosome	69.388	49	15	0	339	387	1701429	1701381	1.8	30.2
NEIS0379_1_pglC	Chromosome	85.185	27	4	0	732	758	1718819	1718845	1.8	30.2
NEIS0379_1_pglC	Chromosome	82.857	35	4	2	587	619	1728734	1728768	1.8	30.2
NEIS0379_1_pglC	Chromosome	76.744	43	7	1	349	391	1761629	1761668	1.8	30.2
NEIS0379_1_pglC	Chromosome	82.759	29	5	0	110	138	1824019	1824047	1.8	30.2
NEIS0379_1_pglC	Chromosome	78.788	33	7	0	870	902	1876470	1876438	1.8	30.2
NEIS0379_1_pglC	Chromosome	74.359	39	10	0	990	1028	1981476	1981514	1.8	30.2
NEIS0379_1_pglC	Chromosome	88.000	25	3	0	353	377	2085066	2085042	1.8	30.2
NEIS0379_1_pglC	Chromosome	74.359	39	10	0	365	403	2099495	2099533	1.8	30.2
NEIS0379_1_pglC	Chromosome	78.125	32	7	0	527	558	5669	5638	5.1	28.7
NEIS0379_1_pglC	Chromosome	67.308	52	17	0	402	453	164697	164748	5.1	28.7
NEIS0379_1_pglC	Chromosome	75.556	45	8	2	327	371	265003	265044	5.1	28.7
NEIS0379_1_pglC	Chromosome	95.000	20	1	0	621	640	267792	267811	5.1	28.7
NEIS0379_1_pglC	Chromosome	76.471	34	8	0	741	774	318649	318682	5.1	28.7
NEIS0379_1_pglC	Chromosome	90.909	22	2	0	154	175	325665	325644	5.1	28.7
NEIS0379_1_pglC	Chromosome	72.000	50	12	2	682	730	335918	335870	5.1	28.7
NEIS0379_1_pglC	Chromosome	78.125	32	7	0	39	70	519581	519550	5.1	28.7
NEIS0379_1_pglC	Chromosome	82.143	28	5	0	918	945	557174	557201	5.1	28.7
NEIS0379_1_pglC	Chromosome	66.667	54	18	0	968	1021	645534	645481	5.1	28.7
NEIS0379_1_pglC	Chromosome	78.125	32	7	0	232	263	662082	662113	5.1	28.7
NEIS0379_1_pglC	Chromosome	72.500	40	11	0	6	45	796785	796746	5.1	28.7
NEIS0379_1_pglC	Chromosome	67.692	65	18	2	645	706	859612	859676	5.1	28.7
NEIS0379_1_pglC	Chromosome	82.143	28	5	0	846	873	992318	992291	5.1	28.7
NEIS0379_1_pglC	Chromosome	87.500	24	3	0	726	749	1182887	1182864	5.1	28.7
NEIS0379_1_pglC	Chromosome	65.517	58	20	0	941	998	1229222	1229279	5.1	28.7
NEIS0379_1_pglC	Chromosome	73.810	42	10	1	983	1023	1257431	1257472	5.1	28.7
NEIS0379_1_pglC	Chromosome	84.615	26	4	0	910	935	1272571	1272546	5.1	28.7
NEIS0379_1_pglC	Chromosome	71.429	42	12	0	664	705	1348300	1348341	5.1	28.7
NEIS0379_1_pglC	Chromosome	78.125	32	7	0	107	138	1439701	1439732	5.1	28.7
NEIS0379_1_pglC	Chromosome	90.909	22	2	0	364	385	1500285	1500306	5.1	28.7
NEIS0379_1_pglC	Chromosome	87.500	24	3	0	161	184	1649772	1649795	5.1	28.7
NEIS0379_1_pglC	Chromosome	80.556	36	4	1	928	963	1650715	1650683	5.1	28.7
NEIS0379_1_pglC	Chromosome	73.810	42	10	1	1023	1063	1896163	1896122	5.1	28.7
NEIS0379_1_pglC	Chromosome	84.615	26	4	0	606	631	1917758	1917733	5.1	28.7
NEIS0379_1_pglC	Chromosome	81.250	32	5	1	566	597	2169501	2169531	5.1	28.7
NEIS0397_1_pglC	Chromosome	92.602	1176	87	0	1	1176	627544	626369	0.0	1476
NEIS0397_1_pglC	Chromosome	71.154	52	15	0	638	689	340653	340602	0.093	34.6
NEIS0397_1_pglC	Chromosome	83.871	31	5	0	128	158	283553	283583	0.26	33.2
NEIS0397_1_pglC	Chromosome	89.655	29	2	1	786	813	725564	725536	0.26	33.2
NEIS0397_1_pglC	Chromosome	72.340	47	13	0	908	954	782764	782718	0.26	33.2
NEIS0397_1_pglC	Chromosome	68.852	61	18	1	302	361	1807078	1807018	0.26	33.2
NEIS0397_1_pglC	Chromosome	76.596	47	8	2	1110	1153	491188	491234	0.72	31.7
NEIS0397_1_pglC	Chromosome	81.250	32	6	0	1135	1166	737851	737820	0.72	31.7
NEIS0397_1_pglC	Chromosome	68.519	54	17	0	118	171	845530	845583	0.72	31.7
NEIS0397_1_pglC	Chromosome	88.462	26	3	0	198	223	1136800	1136825	0.72	31.7
NEIS0397_1_pglC	Chromosome	77.778	36	8	0	134	169	1249094	1249059	0.72	31.7
NEIS0397_1_pglC	Chromosome	72.727	44	12	0	783	826	1443991	1443948	0.72	31.7
NEIS0397_1_pglC	Chromosome	69.643	56	16	1	911	965	1556987	1557042	0.72	31.7
NEIS0397_1_pglC	Chromosome	82.759	29	5	0	684	712	71009	70981	2.0	30.2
NEIS0397_1_pglC	Chromosome	91.304	23	2	0	1052	1074	379986	379964	2.0	30.2
NEIS0397_1_pglC	Chromosome	78.788	33	7	0	282	314	504687	504655	2.0	30.2
NEIS0397_1_pglC	Chromosome	85.185	27	4	0	1138	1164	782786	782760	2.0	30.2
NEIS0397_1_pglC	Chromosome	80.000	35	6	1	312	345	1009754	1009788	2.0	30.2
NEIS0397_1_pglC	Chromosome	85.185	27	4	0	63	89	1277611	1277585	2.0	30.2
NEIS0397_1_pglC	Chromosome	78.788	33	7	0	507	539	1753289	1753257	2.0	30.2
NEIS0397_1_pglC	Chromosome	65.574	61	21	0	118	178	1757728	1757668	2.0	30.2
NEIS0397_1_pglC	Chromosome	90.909	22	2	0	411	432	33813	33792	5.5	28.7
NEIS0397_1_pglC	Chromosome	71.429	42	12	0	382	423	90607	90566	5.5	28.7
NEIS0397_1_pglC	Chromosome	79.412	34	6	1	389	421	123949	123916	5.5	28.7
NEIS0397_1_pglC	Chromosome	75.000	36	9	0	41	76	209109	209144	5.5	28.7
NEIS0397_1_pglC	Chromosome	80.000	30	6	0	132	161	284177	284206	5.5	28.7
NEIS0397_1_pglC	Chromosome	68.750	48	15	0	365	412	288499	288546	5.5	28.7
NEIS0397_1_pglC	Chromosome	87.500	24	3	0	35	58	708257	708234	5.5	28.7
NEIS0397_1_pglC	Chromosome	90.909	22	2	0	423	444	790554	790533	5.5	28.7
NEIS0397_1_pglC	Chromosome	82.143	28	5	0	263	290	875492	875465	5.5	28.7
NEIS0397_1_pglC	Chromosome	84.615	26	4	0	940	965	978265	978240	5.5	28.7
NEIS0397_1_pglC	Chromosome	83.333	30	4	1	264	293	1449816	1449844	5.5	28.7
NEIS0397_1_pglC	Chromosome	62.162	74	28	0	870	943	1466154	1466227	5.5	28.7
NEIS0397_1_pglC	Chromosome	72.500	40	11	0	397	436	1534606	1534645	5.5	28.7
NEIS0397_1_pglC	Chromosome	100.000	18	0	0	1109	1126	1565560	1565577	5.5	28.7
NEIS0397_1_pglC	Chromosome	68.966	58	16	2	761	817	1570053	1569997	5.5	28.7
NEIS0397_1_pglC	Chromosome	75.000	36	9	0	879	914	1579895	1579860	5.5	28.7
NEIS0397_1_pglC	Chromosome	90.909	22	2	0	41	62	1589858	1589879	5.5	28.7
NEIS0397_1_pglC	Chromosome	100.000	18	0	0	1105	1122	1724902	1724919	5.5	28.7
NEIS0397_1_pglC	Chromosome	79.412	34	6	1	1143	1176	1791106	1791074	5.5	28.7
NEIS0397_1_pglC	Chromosome	82.143	28	5	0	1045	1072	1994505	1994478	5.5	28.7
NEIS0397_1_pglC	Chromosome	68.750	48	15	0	51	98	2067938	2067985	5.5	28.7
NEIS0396_1_pglD	Chromosome	98.168	1911	35	0	1	1911	626321	624411	0.0	2711
NEIS0396_1_pglD	Chromosome	67.568	74	23	1	835	908	517209	517137	0.020	37.6
NEIS0396_1_pglD	Chromosome	79.487	39	8	0	886	924	1782123	1782161	0.055	36.1
NEIS0396_1_pglD	Chromosome	83.333	36	5	1	1664	1698	81870	81905	0.15	34.6
NEIS0396_1_pglD	Chromosome	88.889	27	3	0	575	601	145808	145782	0.43	33.2
NEIS0396_1_pglD	Chromosome	89.655	29	2	1	1264	1292	700525	700552	0.43	33.2
NEIS0396_1_pglD	Chromosome	70.588	51	15	0	543	593	832059	832009	0.43	33.2
NEIS0396_1_pglD	Chromosome	81.818	33	6	0	1601	1633	1308001	1307969	0.43	33.2
NEIS0396_1_pglD	Chromosome	70.175	57	16	1	694	750	1882532	1882477	0.43	33.2
NEIS0396_1_pglD	Chromosome	92.000	25	2	0	1887	1911	2078930	2078906	0.43	33.2
NEIS0396_1_pglD	Chromosome	69.231	52	16	0	1093	1144	316939	316888	1.2	31.7
NEIS0396_1_pglD	Chromosome	88.462	26	3	0	992	1017	365420	365445	1.2	31.7
NEIS0396_1_pglD	Chromosome	95.455	22	1	0	233	254	546732	546711	1.2	31.7
NEIS0396_1_pglD	Chromosome	72.727	44	12	0	1449	1492	865491	865534	1.2	31.7
NEIS0396_1_pglD	Chromosome	91.667	24	2	0	1888	1911	1223417	1223394	1.2	31.7
NEIS0396_1_pglD	Chromosome	79.545	44	6	3	938	978	1456512	1456469	1.2	31.7
NEIS0396_1_pglD	Chromosome	85.714	28	4	0	730	757	2036886	2036913	1.2	31.7
NEIS0396_1_pglD	Chromosome	75.000	40	10	0	828	867	2083217	2083256	1.2	31.7
NEIS0396_1_pglD	Chromosome	71.667	60	14	3	835	891	2149633	2149692	1.2	31.7
NEIS0396_1_pglD	Chromosome	67.925	53	17	0	1682	1734	63200	63252	3.3	30.2
NEIS0396_1_pglD	Chromosome	72.093	43	12	0	510	552	180773	180731	3.3	30.2
NEIS0396_1_pglD	Chromosome	74.359	39	10	0	575	613	213631	213669	3.3	30.2
NEIS0396_1_pglD	Chromosome	72.093	43	12	0	1582	1624	217602	217560	3.3	30.2
NEIS0396_1_pglD	Chromosome	82.759	29	5	0	810	838	283863	283835	3.3	30.2
NEIS0396_1_pglD	Chromosome	85.185	27	4	0	1885	1911	332215	332189	3.3	30.2
NEIS0396_1_pglD	Chromosome	86.667	30	2	1	1286	1315	332339	332312	3.3	30.2
NEIS0396_1_pglD	Chromosome	82.759	29	5	0	248	276	381502	381474	3.3	30.2
NEIS0396_1_pglD	Chromosome	74.359	39	10	0	575	613	444758	444720	3.3	30.2
NEIS0396_1_pglD	Chromosome	69.388	49	15	0	1657	1705	666156	666204	3.3	30.2
NEIS0396_1_pglD	Chromosome	71.698	53	13	2	1606	1657	749798	749747	3.3	30.2
NEIS0396_1_pglD	Chromosome	66.667	69	21	2	1149	1216	768515	768582	3.3	30.2
NEIS0396_1_pglD	Chromosome	75.676	37	9	0	804	840	783060	783024	3.3	30.2
NEIS0396_1_pglD	Chromosome	68.852	61	17	2	808	868	791908	791850	3.3	30.2
NEIS0396_1_pglD	Chromosome	75.676	37	9	0	237	273	800141	800105	3.3	30.2
NEIS0396_1_pglD	Chromosome	91.304	23	2	0	1889	1911	898140	898162	3.3	30.2
NEIS0396_1_pglD	Chromosome	88.889	27	2	1	1886	1911	904415	904389	3.3	30.2
NEIS0396_1_pglD	Chromosome	73.171	41	11	0	1871	1911	1076520	1076560	3.3	30.2
NEIS0396_1_pglD	Chromosome	75.676	37	9	0	1128	1164	1114275	1114311	3.3	30.2
NEIS0396_1_pglD	Chromosome	85.185	27	4	0	1304	1330	1159765	1159791	3.3	30.2
NEIS0396_1_pglD	Chromosome	88.000	25	3	0	886	910	1202755	1202779	3.3	30.2
NEIS0396_1_pglD	Chromosome	67.273	55	18	0	1648	1702	1284627	1284681	3.3	30.2
NEIS0396_1_pglD	Chromosome	73.469	49	11	2	1507	1554	1448052	1448005	3.3	30.2
NEIS0396_1_pglD	Chromosome	85.185	27	4	0	1302	1328	1460123	1460097	3.3	30.2
NEIS0396_1_pglD	Chromosome	67.273	55	18	0	918	972	1608421	1608367	3.3	30.2
NEIS0396_1_pglD	Chromosome	85.185	27	4	0	734	760	1647083	1647109	3.3	30.2
NEIS0396_1_pglD	Chromosome	80.645	31	6	0	1039	1069	1699415	1699385	3.3	30.2
NEIS0396_1_pglD	Chromosome	81.818	33	5	1	601	632	1707211	1707179	3.3	30.2
NEIS0396_1_pglD	Chromosome	95.238	21	1	0	782	802	1716649	1716629	3.3	30.2
NEIS0396_1_pglD	Chromosome	77.143	35	8	0	1748	1782	1872550	1872516	3.3	30.2
NEIS0396_1_pglD	Chromosome	91.304	23	2	0	1889	1911	1900305	1900327	3.3	30.2
NEIS0396_1_pglD	Chromosome	70.492	61	15	3	1801	1858	1990924	1990984	3.3	30.2
NEIS0396_1_pglD	Chromosome	85.185	27	4	0	884	910	2121314	2121340	3.3	30.2
NEIS0396_1_pglD	Chromosome	82.759	29	5	0	975	1003	2180227	2180255	3.3	30.2
NEIS0396_1_pglD	Chromosome	82.143	28	5	0	531	558	60843	60870	9.1	28.7
NEIS0396_1_pglD	Chromosome	70.833	48	13	1	984	1031	86347	86393	9.1	28.7
NEIS0396_1_pglD	Chromosome	76.471	34	8	0	950	983	94726	94759	9.1	28.7
NEIS0396_1_pglD	Chromosome	90.909	22	2	0	1023	1044	269462	269441	9.1	28.7
NEIS0396_1_pglD	Chromosome	84.615	26	4	0	900	925	413704	413679	9.1	28.7
NEIS0396_1_pglD	Chromosome	75.000	36	9	0	824	859	419695	419660	9.1	28.7
NEIS0396_1_pglD	Chromosome	87.500	24	3	0	1888	1911	430952	430929	9.1	28.7
NEIS0396_1_pglD	Chromosome	69.565	46	14	0	823	868	525967	525922	9.1	28.7
NEIS0396_1_pglD	Chromosome	90.909	22	2	0	1889	1910	566552	566531	9.1	28.7
NEIS0396_1_pglD	Chromosome	76.471	34	8	0	569	602	632178	632211	9.1	28.7
NEIS0396_1_pglD	Chromosome	77.778	36	7	1	970	1004	653779	653744	9.1	28.7
NEIS0396_1_pglD	Chromosome	72.500	40	11	0	1674	1713	714027	713988	9.1	28.7
NEIS0396_1_pglD	Chromosome	75.000	36	9	0	1090	1125	747743	747708	9.1	28.7
NEIS0396_1_pglD	Chromosome	91.667	24	1	1	312	334	873622	873645	9.1	28.7
NEIS0396_1_pglD	Chromosome	75.000	40	9	1	839	878	920009	920047	9.1	28.7
NEIS0396_1_pglD	Chromosome	95.000	20	1	0	1892	1911	937672	937653	9.1	28.7
NEIS0396_1_pglD	Chromosome	74.468	47	9	2	1266	1312	986652	986609	9.1	28.7
NEIS0396_1_pglD	Chromosome	90.909	22	2	0	1617	1638	986922	986901	9.1	28.7
NEIS0396_1_pglD	Chromosome	76.316	38	8	1	1874	1911	1206923	1206959	9.1	28.7
NEIS0396_1_pglD	Chromosome	87.500	24	3	0	837	860	1254097	1254074	9.1	28.7
NEIS0396_1_pglD	Chromosome	72.500	40	11	0	543	582	1256733	1256772	9.1	28.7
NEIS0396_1_pglD	Chromosome	80.000	30	6	0	1882	1911	1260412	1260441	9.1	28.7
NEIS0396_1_pglD	Chromosome	79.412	34	6	1	1612	1645	1273151	1273119	9.1	28.7
NEIS0396_1_pglD	Chromosome	75.556	45	8	2	907	948	1292762	1292718	9.1	28.7
NEIS0396_1_pglD	Chromosome	77.778	36	7	1	949	984	1353198	1353164	9.1	28.7
NEIS0396_1_pglD	Chromosome	77.500	40	6	1	1548	1584	1361339	1361378	9.1	28.7
NEIS0396_1_pglD	Chromosome	82.143	28	5	0	266	293	1368128	1368101	9.1	28.7
NEIS0396_1_pglD	Chromosome	82.143	28	5	0	667	694	1425198	1425225	9.1	28.7
NEIS0396_1_pglD	Chromosome	84.615	26	4	0	930	955	1482974	1482949	9.1	28.7
NEIS0396_1_pglD	Chromosome	87.500	24	3	0	1256	1279	1528316	1528293	9.1	28.7
NEIS0396_1_pglD	Chromosome	75.000	36	9	0	1698	1733	1539031	1538996	9.1	28.7
NEIS0396_1_pglD	Chromosome	90.909	22	2	0	1450	1471	1614934	1614955	9.1	28.7
NEIS0396_1_pglD	Chromosome	95.000	20	1	0	1892	1911	1737487	1737506	9.1	28.7
NEIS0396_1_pglD	Chromosome	77.778	36	7	1	1066	1101	1874385	1874351	9.1	28.7
NEIS0396_1_pglD	Chromosome	72.500	40	11	0	841	880	1928795	1928834	9.1	28.7
NEIS0396_1_pglD	Chromosome	90.909	22	2	0	1534	1555	1962368	1962347	9.1	28.7
NEIS0396_1_pglD	Chromosome	77.778	36	7	1	444	479	1991483	1991449	9.1	28.7
NEIS0396_1_pglD	Chromosome	87.500	24	3	0	617	640	2066530	2066553	9.1	28.7
NEIS0396_1_pglD	Chromosome	71.429	42	12	0	806	847	2066818	2066859	9.1	28.7
NEIS0396_1_pglD	Chromosome	82.143	28	5	0	1178	1205	2114414	2114387	9.1	28.7
NEIS0396_1_pglD	Chromosome	95.000	20	1	0	900	919	2153748	2153767	9.1	28.7
NEIS0396_1_pglD	Chromosome	78.125	32	7	0	716	747	2155911	2155880	9.1	28.7
NEIS0396_1_pglD	Chromosome	72.727	44	11	1	211	254	2179425	2179467	9.1	28.7
NEIS0396_1_pglD	Chromosome	79.412	34	6	1	725	757	2180259	2180292	9.1	28.7
NEIS0568_1_pglE	Chromosome	93.544	821	53	0	170	990	822662	823482	0.0	1054
NEIS0568_1_pglE	Chromosome	93.627	204	13	0	4	207	822433	822636	6.11e-71	264
NEIS0568_1_pglE	Chromosome	76.596	47	9	2	463	509	816955	816999	0.22	33.2
NEIS0568_1_pglE	Chromosome	88.000	25	3	0	432	456	327652	327628	1.7	30.2
NEIS0568_1_pglE	Chromosome	80.645	31	6	0	853	883	638484	638454	1.7	30.2
NEIS0568_1_pglE	Chromosome	91.304	23	2	0	352	374	1182498	1182520	1.7	30.2
NEIS0568_1_pglE	Chromosome	88.462	26	2	1	512	536	18731	18756	4.6	28.7
NEIS0568_1_pglE	Chromosome	69.811	53	14	1	708	760	1882781	1882831	4.6	28.7
NEIS0402_1_pglF	Chromosome	97.829	1428	25	1	1	1428	632527	631106	0.0	2002
NEIS0402_1_pglF	Chromosome	68.000	75	23	1	19	92	288378	288452	0.005	39.0
NEIS0402_1_pglF	Chromosome	74.194	62	13	3	546	605	478224	478284	0.015	37.6
NEIS0402_1_pglF	Chromosome	77.273	44	10	0	572	615	746940	746983	0.015	37.6
NEIS0402_1_pglF	Chromosome	96.000	25	1	0	578	602	1361527	1361551	0.041	36.1
NEIS0402_1_pglF	Chromosome	76.087	46	10	1	849	893	1655500	1655455	0.11	34.6
NEIS0402_1_pglF	Chromosome	75.610	41	10	0	1101	1141	140192	140232	0.32	33.2
NEIS0402_1_pglF	Chromosome	76.923	39	9	0	569	607	337313	337351	0.32	33.2
NEIS0402_1_pglF	Chromosome	69.333	75	18	3	186	259	965017	964947	0.32	33.2
NEIS0402_1_pglF	Chromosome	67.213	61	20	0	1268	1328	1459001	1459061	0.32	33.2
NEIS0402_1_pglF	Chromosome	83.871	31	5	0	571	601	1564563	1564593	0.32	33.2
NEIS0402_1_pglF	Chromosome	73.333	45	12	0	579	623	1565736	1565692	0.32	33.2
NEIS0402_1_pglF	Chromosome	76.744	43	9	1	693	735	1815531	1815572	0.32	33.2
NEIS0402_1_pglF	Chromosome	76.744	43	9	1	1375	1416	1833518	1833560	0.32	33.2
NEIS0402_1_pglF	Chromosome	67.123	73	22	2	493	564	2151789	2151860	0.32	33.2
NEIS0402_1_pglF	Chromosome	70.833	48	14	0	1091	1138	985	938	0.88	31.7
NEIS0402_1_pglF	Chromosome	86.667	30	3	1	578	606	93998	93969	0.88	31.7
NEIS0402_1_pglF	Chromosome	74.000	50	11	2	895	944	208743	208790	0.88	31.7
NEIS0402_1_pglF	Chromosome	88.462	26	3	0	581	606	487029	487004	0.88	31.7
NEIS0402_1_pglF	Chromosome	91.667	24	2	0	574	597	525496	525473	0.88	31.7
NEIS0402_1_pglF	Chromosome	91.667	24	2	0	582	605	656418	656441	0.88	31.7
NEIS0402_1_pglF	Chromosome	86.667	30	3	1	568	596	902306	902277	0.88	31.7
NEIS0402_1_pglF	Chromosome	86.667	30	3	1	188	217	1014423	1014395	0.88	31.7
NEIS0402_1_pglF	Chromosome	76.316	38	9	0	570	607	1164080	1164117	0.88	31.7
NEIS0402_1_pglF	Chromosome	79.412	34	7	0	530	563	1351113	1351080	0.88	31.7
NEIS0402_1_pglF	Chromosome	75.000	44	10	1	910	952	1482437	1482480	0.88	31.7
NEIS0402_1_pglF	Chromosome	69.565	69	17	3	1041	1106	1504014	1503947	0.88	31.7
NEIS0402_1_pglF	Chromosome	88.462	26	3	0	574	599	1527824	1527849	0.88	31.7
NEIS0402_1_pglF	Chromosome	68.519	54	17	0	585	638	1565702	1565755	0.88	31.7
NEIS0402_1_pglF	Chromosome	65.263	95	28	4	556	649	1757009	1757099	0.88	31.7
NEIS0402_1_pglF	Chromosome	88.462	26	3	0	577	602	2082242	2082267	0.88	31.7
NEIS0402_1_pglF	Chromosome	95.455	22	1	0	576	597	2166772	2166793	0.88	31.7
NEIS0402_1_pglF	Chromosome	75.676	37	9	0	299	335	26583	26619	2.4	30.2
NEIS0402_1_pglF	Chromosome	77.143	35	8	0	41	75	77554	77588	2.4	30.2
NEIS0402_1_pglF	Chromosome	86.207	29	3	1	1227	1254	82613	82641	2.4	30.2
NEIS0402_1_pglF	Chromosome	69.388	49	15	0	362	410	194967	194919	2.4	30.2
NEIS0402_1_pglF	Chromosome	80.000	35	6	1	579	613	197561	197594	2.4	30.2
NEIS0402_1_pglF	Chromosome	70.588	51	14	1	172	221	236936	236986	2.4	30.2
NEIS0402_1_pglF	Chromosome	86.207	29	3	1	1253	1281	277752	277725	2.4	30.2
NEIS0402_1_pglF	Chromosome	78.788	33	7	0	583	615	359628	359660	2.4	30.2
NEIS0402_1_pglF	Chromosome	91.304	23	2	0	574	596	365050	365028	2.4	30.2
NEIS0402_1_pglF	Chromosome	78.788	33	7	0	195	227	457170	457138	2.4	30.2
NEIS0402_1_pglF	Chromosome	77.143	35	8	0	1081	1115	728271	728237	2.4	30.2
NEIS0402_1_pglF	Chromosome	75.676	37	9	0	570	606	792839	792875	2.4	30.2
NEIS0402_1_pglF	Chromosome	74.359	39	10	0	585	623	848897	848935	2.4	30.2
NEIS0402_1_pglF	Chromosome	74.359	39	10	0	568	606	849789	849751	2.4	30.2
NEIS0402_1_pglF	Chromosome	83.871	31	4	1	582	612	889423	889394	2.4	30.2
NEIS0402_1_pglF	Chromosome	95.238	21	1	0	582	602	1044262	1044282	2.4	30.2
NEIS0402_1_pglF	Chromosome	81.818	33	5	1	949	981	1076825	1076856	2.4	30.2
NEIS0402_1_pglF	Chromosome	95.238	21	1	0	582	602	1155431	1155411	2.4	30.2
NEIS0402_1_pglF	Chromosome	65.000	80	25	2	891	970	1185278	1185202	2.4	30.2
NEIS0402_1_pglF	Chromosome	88.000	25	3	0	582	606	1275727	1275751	2.4	30.2
NEIS0402_1_pglF	Chromosome	88.000	25	3	0	583	607	1384716	1384740	2.4	30.2
NEIS0402_1_pglF	Chromosome	95.238	21	1	0	577	597	1482879	1482899	2.4	30.2
NEIS0402_1_pglF	Chromosome	88.000	25	3	0	325	349	1753756	1753732	2.4	30.2
NEIS0402_1_pglF	Chromosome	100.000	19	0	0	579	597	1994365	1994347	2.4	30.2
NEIS0402_1_pglF	Chromosome	76.923	39	8	1	552	590	2124194	2124231	2.4	30.2
NEIS0402_1_pglF	Chromosome	95.238	21	1	0	297	317	2143084	2143104	2.4	30.2
NEIS0402_1_pglF	Chromosome	95.238	21	1	0	579	599	2155743	2155723	2.4	30.2
NEIS0402_1_pglF	Chromosome	70.000	60	15	2	113	172	2168036	2168092	2.4	30.2
NEIS0402_1_pglF	Chromosome	82.857	35	4	2	892	925	2183897	2183864	2.4	30.2
NEIS0402_1_pglF	Chromosome	83.333	30	4	1	579	607	31349	31320	6.7	28.7
NEIS0402_1_pglF	Chromosome	100.000	18	0	0	582	599	67381	67398	6.7	28.7
NEIS0402_1_pglF	Chromosome	95.000	20	1	0	582	601	86756	86737	6.7	28.7
NEIS0402_1_pglF	Chromosome	82.143	28	5	0	1359	1386	156497	156470	6.7	28.7
NEIS0402_1_pglF	Chromosome	83.333	30	4	1	579	607	262064	262035	6.7	28.7
NEIS0402_1_pglF	Chromosome	84.615	26	4	0	1034	1059	335048	335023	6.7	28.7
NEIS0402_1_pglF	Chromosome	84.615	26	4	0	580	605	343723	343748	6.7	28.7
NEIS0402_1_pglF	Chromosome	80.000	30	6	0	874	903	351650	351621	6.7	28.7
NEIS0402_1_pglF	Chromosome	95.000	20	1	0	577	596	358115	358096	6.7	28.7
NEIS0402_1_pglF	Chromosome	69.231	65	16	3	571	634	375012	375073	6.7	28.7
NEIS0402_1_pglF	Chromosome	68.750	48	15	0	89	136	379357	379404	6.7	28.7
NEIS0402_1_pglF	Chromosome	71.739	46	12	1	576	621	430902	430946	6.7	28.7
NEIS0402_1_pglF	Chromosome	82.143	28	5	0	570	597	480626	480653	6.7	28.7
NEIS0402_1_pglF	Chromosome	67.308	52	17	0	857	908	486064	486115	6.7	28.7
NEIS0402_1_pglF	Chromosome	85.714	28	3	1	840	866	503609	503636	6.7	28.7
NEIS0402_1_pglF	Chromosome	80.000	30	6	0	571	600	524377	524348	6.7	28.7
NEIS0402_1_pglF	Chromosome	80.000	30	6	0	576	605	535296	535267	6.7	28.7
NEIS0402_1_pglF	Chromosome	78.947	38	6	2	585	620	537416	537453	6.7	28.7
NEIS0402_1_pglF	Chromosome	76.471	34	8	0	566	599	548266	548299	6.7	28.7
NEIS0402_1_pglF	Chromosome	95.000	20	1	0	582	601	556715	556734	6.7	28.7
NEIS0402_1_pglF	Chromosome	76.471	34	8	0	317	350	625720	625753	6.7	28.7
NEIS0402_1_pglF	Chromosome	78.125	32	7	0	585	616	651252	651221	6.7	28.7
NEIS0402_1_pglF	Chromosome	83.871	31	3	1	582	610	659915	659945	6.7	28.7
NEIS0402_1_pglF	Chromosome	78.947	38	6	2	324	359	702947	702910	6.7	28.7
NEIS0402_1_pglF	Chromosome	90.909	22	2	0	198	219	722050	722071	6.7	28.7
NEIS0402_1_pglF	Chromosome	87.500	24	3	0	839	862	760953	760976	6.7	28.7
NEIS0402_1_pglF	Chromosome	95.000	20	1	0	582	601	820903	820922	6.7	28.7
NEIS0402_1_pglF	Chromosome	71.429	42	12	0	39	80	844724	844683	6.7	28.7
NEIS0402_1_pglF	Chromosome	88.462	26	2	1	290	315	957254	957278	6.7	28.7
NEIS0402_1_pglF	Chromosome	72.500	40	11	0	79	118	978298	978259	6.7	28.7
NEIS0402_1_pglF	Chromosome	78.125	32	7	0	1104	1135	1085698	1085729	6.7	28.7
NEIS0402_1_pglF	Chromosome	87.500	24	3	0	574	597	1312613	1312590	6.7	28.7
NEIS0402_1_pglF	Chromosome	90.909	22	2	0	582	603	1371057	1371078	6.7	28.7
NEIS0402_1_pglF	Chromosome	87.500	24	3	0	321	344	1391143	1391166	6.7	28.7
NEIS0402_1_pglF	Chromosome	75.000	36	9	0	44	79	1436446	1436481	6.7	28.7
NEIS0402_1_pglF	Chromosome	84.615	26	4	0	329	354	1492830	1492805	6.7	28.7
NEIS0402_1_pglF	Chromosome	68.519	54	16	1	579	632	1604286	1604338	6.7	28.7
NEIS0402_1_pglF	Chromosome	71.739	46	12	1	144	189	1620335	1620379	6.7	28.7
NEIS0402_1_pglF	Chromosome	80.556	36	5	2	565	599	1626571	1626605	6.7	28.7
NEIS0402_1_pglF	Chromosome	82.143	28	5	0	1325	1352	1651897	1651924	6.7	28.7
NEIS0402_1_pglF	Chromosome	66.176	68	21	2	552	618	1702445	1702379	6.7	28.7
NEIS0402_1_pglF	Chromosome	86.667	30	2	2	297	325	1727802	1727830	6.7	28.7
NEIS0402_1_pglF	Chromosome	83.333	30	4	1	568	596	1731409	1731438	6.7	28.7
NEIS0402_1_pglF	Chromosome	95.000	20	1	0	755	774	1734010	1734029	6.7	28.7
NEIS0402_1_pglF	Chromosome	82.143	28	5	0	1286	1313	1774330	1774357	6.7	28.7
NEIS0402_1_pglF	Chromosome	84.615	26	4	0	1176	1201	1837843	1837868	6.7	28.7
NEIS0402_1_pglF	Chromosome	77.500	40	6	1	566	602	1863669	1863630	6.7	28.7
NEIS0402_1_pglF	Chromosome	71.429	42	12	0	574	615	2089621	2089662	6.7	28.7
NEIS0402_1_pglF	Chromosome	87.500	24	3	0	574	597	2092635	2092612	6.7	28.7
NEIS0402_1_pglF	Chromosome	87.500	24	3	0	578	601	2181462	2181439	6.7	28.7
NEIS0401_1_pglG	Chromosome	87.700	1065	129	1	1	1063	631109	630045	0.0	1179
NEIS0401_1_pglG	Chromosome	81.081	37	7	0	46	82	2171731	2171767	0.030	36.1
NEIS0401_1_pglG	Chromosome	88.462	26	3	0	227	252	76754	76779	0.65	31.7
NEIS0401_1_pglG	Chromosome	81.250	32	6	0	38	69	169057	169088	0.65	31.7
NEIS0401_1_pglG	Chromosome	88.462	26	3	0	642	667	1991053	1991028	0.65	31.7
NEIS0401_1_pglG	Chromosome	68.627	51	16	0	124	174	312296	312346	1.8	30.2
NEIS0401_1_pglG	Chromosome	74.359	39	10	0	201	239	338387	338425	1.8	30.2
NEIS0401_1_pglG	Chromosome	85.185	27	4	0	407	433	351962	351988	1.8	30.2
NEIS0401_1_pglG	Chromosome	82.759	29	5	0	352	380	883501	883473	1.8	30.2
NEIS0401_1_pglG	Chromosome	75.676	37	9	0	911	947	1017670	1017706	1.8	30.2
NEIS0401_1_pglG	Chromosome	88.889	27	2	1	47	72	1398080	1398106	1.8	30.2
NEIS0401_1_pglG	Chromosome	63.636	99	31	3	636	733	1812726	1812820	1.8	30.2
NEIS0401_1_pglG	Chromosome	75.000	36	9	0	353	388	39009	39044	5.0	28.7
NEIS0401_1_pglG	Chromosome	73.684	38	10	0	423	460	272330	272293	5.0	28.7
NEIS0401_1_pglG	Chromosome	75.000	44	9	2	153	195	543881	543839	5.0	28.7
NEIS0401_1_pglG	Chromosome	82.143	28	5	0	511	538	572847	572820	5.0	28.7
NEIS0401_1_pglG	Chromosome	71.429	42	12	0	389	430	623344	623303	5.0	28.7
NEIS0401_1_pglG	Chromosome	90.909	22	2	0	717	738	780005	780026	5.0	28.7
NEIS0401_1_pglG	Chromosome	82.143	28	5	0	930	957	786745	786718	5.0	28.7
NEIS0401_1_pglG	Chromosome	84.615	26	4	0	986	1011	826414	826389	5.0	28.7
NEIS0401_1_pglG	Chromosome	87.500	24	3	0	218	241	1029974	1029997	5.0	28.7
NEIS0401_1_pglG	Chromosome	84.615	26	4	0	898	923	1054927	1054952	5.0	28.7
NEIS0401_1_pglG	Chromosome	64.516	62	22	0	377	438	1138613	1138674	5.0	28.7
NEIS0401_1_pglG	Chromosome	90.909	22	2	0	717	738	1544987	1545008	5.0	28.7
NEIS0401_1_pglG	Chromosome	84.615	26	4	0	911	936	1568774	1568749	5.0	28.7
NEIS0401_1_pglG	Chromosome	79.412	34	6	1	270	302	1658767	1658734	5.0	28.7
NEIS0401_1_pglG	Chromosome	78.125	32	7	0	707	738	1672911	1672880	5.0	28.7
NEIS0401_1_pglG	Chromosome	95.000	20	1	0	358	377	1786837	1786818	5.0	28.7
NEIS0401_1_pglG	Chromosome	100.000	18	0	0	367	384	2043713	2043696	5.0	28.7
NEIS0400_1_pglH	Chromosome	86.116	1174	155	5	1	1167	630028	628856	0.0	1230
NEIS0400_1_pglH	Chromosome	67.532	77	23	1	576	650	1253416	1253340	0.012	37.6
NEIS0400_1_pglH	Chromosome	83.871	31	5	0	175	205	173266	173296	0.26	33.2
NEIS0400_1_pglH	Chromosome	73.214	56	12	3	35	89	243292	243345	0.71	31.7
NEIS0400_1_pglH	Chromosome	76.923	52	8	4	140	188	1323675	1323725	0.71	31.7
NEIS0400_1_pglH	Chromosome	70.833	48	14	0	174	221	1751619	1751666	0.71	31.7
NEIS0400_1_pglH	Chromosome	77.143	35	8	0	1010	1044	283999	283965	2.0	30.2
NEIS0400_1_pglH	Chromosome	80.000	35	6	1	1017	1050	319280	319246	2.0	30.2
NEIS0400_1_pglH	Chromosome	80.645	31	6	0	291	321	336555	336525	2.0	30.2
NEIS0400_1_pglH	Chromosome	68.627	51	16	0	140	190	629839	629889	2.0	30.2
NEIS0400_1_pglH	Chromosome	95.238	21	1	0	46	66	943407	943387	2.0	30.2
NEIS0400_1_pglH	Chromosome	72.340	47	12	1	420	466	950566	950611	2.0	30.2
NEIS0400_1_pglH	Chromosome	77.143	35	8	0	969	1003	1094602	1094636	2.0	30.2
NEIS0400_1_pglH	Chromosome	80.645	31	6	0	126	156	1292514	1292484	2.0	30.2
NEIS0400_1_pglH	Chromosome	73.171	41	11	0	96	136	1420538	1420578	2.0	30.2
NEIS0400_1_pglH	Chromosome	91.304	23	2	0	176	198	1751420	1751442	2.0	30.2
NEIS0400_1_pglH	Chromosome	87.500	24	3	0	171	194	9289	9266	5.5	28.7
NEIS0400_1_pglH	Chromosome	81.250	32	5	1	271	301	249816	249785	5.5	28.7
NEIS0400_1_pglH	Chromosome	68.519	54	16	1	255	307	321931	321984	5.5	28.7
NEIS0400_1_pglH	Chromosome	84.615	26	4	0	136	161	567942	567967	5.5	28.7
NEIS0400_1_pglH	Chromosome	64.516	62	22	0	708	769	700425	700486	5.5	28.7
NEIS0400_1_pglH	Chromosome	70.000	50	14	1	566	615	850862	850814	5.5	28.7
NEIS0400_1_pglH	Chromosome	78.125	32	7	0	746	777	859926	859895	5.5	28.7
NEIS0400_1_pglH	Chromosome	87.500	24	3	0	601	624	915388	915411	5.5	28.7
NEIS0400_1_pglH	Chromosome	82.143	28	5	0	2	29	982606	982579	5.5	28.7
NEIS0400_1_pglH	Chromosome	90.909	22	2	0	173	194	988834	988855	5.5	28.7
NEIS0400_1_pglH	Chromosome	78.125	32	7	0	501	532	1157302	1157333	5.5	28.7
NEIS0400_1_pglH	Chromosome	100.000	18	0	0	134	151	1167244	1167261	5.5	28.7
NEIS0400_1_pglH	Chromosome	68.000	50	16	0	758	807	1320541	1320492	5.5	28.7
NEIS0400_1_pglH	Chromosome	81.250	32	5	1	86	117	1520862	1520892	5.5	28.7
NEIS0400_1_pglH	Chromosome	75.000	40	9	1	683	722	1643541	1643503	5.5	28.7
NEIS0400_1_pglH	Chromosome	87.500	24	3	0	816	839	1684077	1684100	5.5	28.7
NEIS0400_1_pglH	Chromosome	95.000	20	1	0	843	862	1712727	1712708	5.5	28.7
NEIS0400_1_pglH	Chromosome	76.087	46	8	3	175	220	1793878	1793920	5.5	28.7
NEIS0400_1_pglH	Chromosome	69.565	46	14	0	761	806	1885900	1885855	5.5	28.7
NEIS0400_1_pglH	Chromosome	87.500	24	3	0	33	56	1906159	1906136	5.5	28.7
NEIS0400_1_pglH	Chromosome	84.615	26	4	0	938	963	1921279	1921304	5.5	28.7
NEIS0400_1_pglH	Chromosome	79.412	34	6	1	531	563	2067598	2067631	5.5	28.7
NEIS0380_1_pglI	Chromosome	96.704	1881	56	1	1	1875	598651	600531	0.0	2577
NEIS0380_1_pglI	Chromosome	62.554	462	167	6	7	465	2155670	2155212	7.14e-38	155
NEIS0380_1_pglI	Chromosome	74.324	74	13	3	895	963	147001	146929	0.001	42.0
NEIS0380_1_pglI	Chromosome	74.000	50	13	0	982	1031	2154665	2154616	0.020	37.6
NEIS0380_1_pglI	Chromosome	74.545	55	11	2	488	541	1790924	1790976	0.15	34.6
NEIS0380_1_pglI	Chromosome	83.784	37	4	2	653	688	554071	554106	0.42	33.2
NEIS0380_1_pglI	Chromosome	73.333	45	12	0	45	89	1188700	1188744	0.42	33.2
NEIS0380_1_pglI	Chromosome	80.000	35	7	0	1614	1648	1471905	1471939	0.42	33.2
NEIS0380_1_pglI	Chromosome	76.190	42	9	1	1430	1470	124752	124711	1.2	31.7
NEIS0380_1_pglI	Chromosome	88.462	26	3	0	598	623	207435	207460	1.2	31.7
NEIS0380_1_pglI	Chromosome	83.333	30	5	0	714	743	746824	746795	1.2	31.7
NEIS0380_1_pglI	Chromosome	76.316	38	9	0	801	838	957478	957515	1.2	31.7
NEIS0380_1_pglI	Chromosome	77.500	40	8	1	1642	1680	1321711	1321750	1.2	31.7
NEIS0380_1_pglI	Chromosome	63.043	92	31	1	653	744	1754992	1755080	1.2	31.7
NEIS0380_1_pglI	Chromosome	81.250	32	6	0	233	264	1937438	1937469	1.2	31.7
NEIS0380_1_pglI	Chromosome	80.645	31	6	0	851	881	264175	264205	3.2	30.2
NEIS0380_1_pglI	Chromosome	74.359	39	10	0	238	276	631210	631172	3.2	30.2
NEIS0380_1_pglI	Chromosome	72.093	43	12	0	672	714	784306	784264	3.2	30.2
NEIS0380_1_pglI	Chromosome	88.000	25	3	0	1489	1513	839129	839153	3.2	30.2
NEIS0380_1_pglI	Chromosome	73.171	41	11	0	583	623	845268	845228	3.2	30.2
NEIS0380_1_pglI	Chromosome	100.000	19	0	0	1176	1194	897711	897693	3.2	30.2
NEIS0380_1_pglI	Chromosome	75.676	37	9	0	1725	1761	1316283	1316319	3.2	30.2
NEIS0380_1_pglI	Chromosome	85.185	27	4	0	1584	1610	1321238	1321212	3.2	30.2
NEIS0380_1_pglI	Chromosome	85.185	27	4	0	707	733	1367924	1367898	3.2	30.2
NEIS0380_1_pglI	Chromosome	90.909	22	2	0	33	54	275118	275139	8.9	28.7
NEIS0380_1_pglI	Chromosome	75.000	36	9	0	1082	1117	416830	416865	8.9	28.7
NEIS0380_1_pglI	Chromosome	65.000	60	21	0	231	290	505988	505929	8.9	28.7
NEIS0380_1_pglI	Chromosome	87.500	24	3	0	1730	1753	762918	762941	8.9	28.7
NEIS0380_1_pglI	Chromosome	87.500	24	3	0	939	962	973556	973579	8.9	28.7
NEIS0380_1_pglI	Chromosome	77.778	36	7	1	33	67	1017153	1017118	8.9	28.7
NEIS0380_1_pglI	Chromosome	90.909	22	2	0	1560	1581	1207950	1207971	8.9	28.7
NEIS0380_1_pglI	Chromosome	76.190	42	8	2	1466	1506	1303324	1303284	8.9	28.7
NEIS0380_1_pglI	Chromosome	95.000	20	1	0	1621	1640	1438560	1438579	8.9	28.7
NEIS0380_1_pglI	Chromosome	75.000	36	9	0	1493	1528	1448717	1448752	8.9	28.7
NEIS0380_1_pglI	Chromosome	87.500	24	3	0	1269	1292	1640753	1640776	8.9	28.7
NEIS0380_1_pglI	Chromosome	80.556	36	5	2	1463	1497	1760673	1760707	8.9	28.7
NEIS0380_1_pglI	Chromosome	71.698	53	12	2	630	682	1789806	1789855	8.9	28.7
NEIS0380_1_pglI	Chromosome	84.615	26	4	0	1713	1738	1828901	1828876	8.9	28.7
NEIS0380_1_pglI	Chromosome	84.615	26	4	0	1688	1713	1859483	1859508	8.9	28.7
NEIS0380_1_pglI	Chromosome	84.615	26	4	0	1763	1788	1866902	1866877	8.9	28.7
NEIS0380_1_pglI	Chromosome	73.810	42	10	1	15	55	1882078	1882037	8.9	28.7
NEIS0380_1_pglI	Chromosome	87.500	24	3	0	1535	1558	1890937	1890960	8.9	28.7
NEIS0380_1_pglI	Chromosome	65.000	60	21	0	44	103	1908562	1908621	8.9	28.7
NEIS0380_1_pglI	Chromosome	83.871	31	3	1	68	98	1999896	1999924	8.9	28.7
NEIS0380_1_pglI	Chromosome	73.810	42	10	1	613	653	2058160	2058119	8.9	28.7
NEIS0380_1_pglI	Chromosome	71.429	42	12	0	29	70	2067805	2067846	8.9	28.7
NEIS0380_1_pglI	Chromosome	73.810	42	10	1	1688	1729	2116564	2116524	8.9	28.7
NEIS0380_1_pglI	Chromosome	87.500	24	3	0	1217	1240	2141112	2141089	8.9	28.7
NEIS0380_1_pglI	Chromosome	73.684	57	10	4	1175	1230	2148544	2148596	8.9	28.7
NEIS0380_1_pglI	Chromosome	84.615	26	4	0	326	351	2156067	2156042	8.9	28.7
NEIS0539_1_pglL	Chromosome	98.127	1815	34	0	1	1815	794145	792331	0.0	2573
NEIS0539_1_pglL	Chromosome	74.545	55	13	1	1267	1321	56973	57026	0.007	39.0
NEIS0539_1_pglL	Chromosome	71.014	69	18	2	1277	1343	332188	332120	0.007	39.0
NEIS0539_1_pglL	Chromosome	82.857	35	6	0	1271	1305	56190	56224	0.053	36.1
NEIS0539_1_pglL	Chromosome	69.118	68	19	2	104	169	76315	76382	0.15	34.6
NEIS0539_1_pglL	Chromosome	73.214	56	13	2	1237	1292	820888	820941	0.15	34.6
NEIS0539_1_pglL	Chromosome	86.667	30	4	0	929	958	1932586	1932557	0.15	34.6
NEIS0539_1_pglL	Chromosome	66.667	69	22	1	746	814	362016	362083	0.40	33.2
NEIS0539_1_pglL	Chromosome	81.081	37	6	1	1269	1305	380814	380779	0.40	33.2
NEIS0539_1_pglL	Chromosome	78.049	41	8	1	1270	1309	920379	920419	0.40	33.2
NEIS0539_1_pglL	Chromosome	75.610	41	10	0	1268	1308	1164119	1164079	0.40	33.2
NEIS0539_1_pglL	Chromosome	81.818	33	6	0	312	344	1573545	1573513	0.40	33.2
NEIS0539_1_pglL	Chromosome	72.727	44	12	0	851	894	85442	85485	1.1	31.7
NEIS0539_1_pglL	Chromosome	88.462	26	3	0	1280	1305	126143	126118	1.1	31.7
NEIS0539_1_pglL	Chromosome	72.222	54	13	2	501	553	545921	545869	1.1	31.7
NEIS0539_1_pglL	Chromosome	77.778	36	8	0	1287	1322	973267	973302	1.1	31.7
NEIS0539_1_pglL	Chromosome	80.556	36	6	1	1278	1313	1406561	1406527	1.1	31.7
NEIS0539_1_pglL	Chromosome	68.182	66	19	2	1232	1297	1821663	1821600	1.1	31.7
NEIS0539_1_pglL	Chromosome	81.250	32	6	0	1277	1308	2092609	2092640	1.1	31.7
NEIS0539_1_pglL	Chromosome	92.308	26	1	1	1272	1296	2108143	2108168	1.1	31.7
NEIS0539_1_pglL	Chromosome	81.818	33	5	1	1763	1795	39508	39539	3.1	30.2
NEIS0539_1_pglL	Chromosome	77.143	35	8	0	1287	1321	241269	241303	3.1	30.2
NEIS0539_1_pglL	Chromosome	100.000	19	0	0	1277	1295	244917	244935	3.1	30.2
NEIS0539_1_pglL	Chromosome	88.889	27	2	1	1277	1302	324697	324723	3.1	30.2
NEIS0539_1_pglL	Chromosome	88.000	25	3	0	1268	1292	337353	337329	3.1	30.2
NEIS0539_1_pglL	Chromosome	80.556	36	5	1	1261	1296	360159	360126	3.1	30.2
NEIS0539_1_pglL	Chromosome	83.871	31	4	1	1270	1299	382157	382187	3.1	30.2
NEIS0539_1_pglL	Chromosome	85.185	27	4	0	1271	1297	537437	537411	3.1	30.2
NEIS0539_1_pglL	Chromosome	86.207	29	3	1	1278	1305	597216	597188	3.1	30.2
NEIS0539_1_pglL	Chromosome	75.556	45	9	2	105	148	602199	602242	3.1	30.2
NEIS0539_1_pglL	Chromosome	75.676	37	9	0	1271	1307	631928	631964	3.1	30.2
NEIS0539_1_pglL	Chromosome	95.238	21	1	0	236	256	1226491	1226511	3.1	30.2
NEIS0539_1_pglL	Chromosome	81.081	37	5	2	86	122	1328117	1328151	3.1	30.2
NEIS0539_1_pglL	Chromosome	95.238	21	1	0	1275	1295	1384735	1384715	3.1	30.2
NEIS0539_1_pglL	Chromosome	85.185	27	4	0	1700	1726	1417018	1417044	3.1	30.2
NEIS0539_1_pglL	Chromosome	77.143	35	8	0	1271	1305	1474359	1474325	3.1	30.2
NEIS0539_1_pglL	Chromosome	82.759	29	5	0	1281	1309	1676407	1676379	3.1	30.2
NEIS0539_1_pglL	Chromosome	91.304	23	2	0	1279	1301	1863634	1863656	3.1	30.2
NEIS0539_1_pglL	Chromosome	85.185	27	4	0	1273	1299	1994340	1994366	3.1	30.2
NEIS0539_1_pglL	Chromosome	91.304	23	2	0	1082	1104	2107031	2107053	3.1	30.2
NEIS0539_1_pglL	Chromosome	77.143	35	8	0	1281	1315	2155726	2155760	3.1	30.2
NEIS0539_1_pglL	Chromosome	80.556	36	5	1	1278	1313	2172925	2172892	3.1	30.2
NEIS0539_1_pglL	Chromosome	100.000	18	0	0	1277	1294	67395	67412	8.6	28.7
NEIS0539_1_pglL	Chromosome	75.000	36	9	0	438	473	127836	127871	8.6	28.7
NEIS0539_1_pglL	Chromosome	84.615	26	4	0	565	590	146066	146041	8.6	28.7
NEIS0539_1_pglL	Chromosome	75.000	40	9	1	1305	1343	341974	342013	8.6	28.7
NEIS0539_1_pglL	Chromosome	71.429	42	12	0	1603	1644	351152	351111	8.6	28.7
NEIS0539_1_pglL	Chromosome	77.778	36	7	1	122	156	382450	382415	8.6	28.7
NEIS0539_1_pglL	Chromosome	75.000	36	9	0	1558	1593	405266	405231	8.6	28.7
NEIS0539_1_pglL	Chromosome	87.500	24	3	0	1277	1300	457572	457549	8.6	28.7
NEIS0539_1_pglL	Chromosome	82.143	28	5	0	17	44	506044	506071	8.6	28.7
NEIS0539_1_pglL	Chromosome	78.125	32	7	0	1034	1065	511920	511889	8.6	28.7
NEIS0539_1_pglL	Chromosome	84.615	26	4	0	29	54	538672	538697	8.6	28.7
NEIS0539_1_pglL	Chromosome	90.909	22	2	0	984	1005	547932	547953	8.6	28.7
NEIS0539_1_pglL	Chromosome	83.333	30	4	1	1268	1296	559635	559606	8.6	28.7
NEIS0539_1_pglL	Chromosome	100.000	18	0	0	1701	1718	615806	615789	8.6	28.7
NEIS0539_1_pglL	Chromosome	79.412	34	6	1	1109	1141	642466	642433	8.6	28.7
NEIS0539_1_pglL	Chromosome	95.000	20	1	0	1277	1296	659858	659839	8.6	28.7
NEIS0539_1_pglL	Chromosome	78.125	32	7	0	1659	1690	685790	685821	8.6	28.7
NEIS0539_1_pglL	Chromosome	100.000	18	0	0	1277	1294	721213	721230	8.6	28.7
NEIS0539_1_pglL	Chromosome	73.684	38	10	0	1283	1320	742778	742815	8.6	28.7
NEIS0539_1_pglL	Chromosome	100.000	18	0	0	1324	1341	869151	869134	8.6	28.7
NEIS0539_1_pglL	Chromosome	82.143	28	5	0	1753	1780	1006449	1006476	8.6	28.7
NEIS0539_1_pglL	Chromosome	100.000	18	0	0	1277	1294	1076561	1076578	8.6	28.7
NEIS0539_1_pglL	Chromosome	95.000	20	1	0	1277	1296	1089499	1089518	8.6	28.7
NEIS0539_1_pglL	Chromosome	73.684	38	10	0	134	171	1145122	1145085	8.6	28.7
NEIS0539_1_pglL	Chromosome	78.125	32	7	0	1329	1360	1160024	1159993	8.6	28.7
NEIS0539_1_pglL	Chromosome	84.615	26	4	0	1278	1303	1312588	1312613	8.6	28.7
NEIS0539_1_pglL	Chromosome	95.455	22	0	1	1279	1300	1340357	1340377	8.6	28.7
NEIS0539_1_pglL	Chromosome	87.500	24	3	0	823	846	1349303	1349326	8.6	28.7
NEIS0539_1_pglL	Chromosome	65.517	58	20	0	1238	1295	1360890	1360833	8.6	28.7
NEIS0539_1_pglL	Chromosome	81.250	32	5	1	861	891	1362798	1362829	8.6	28.7
NEIS0539_1_pglL	Chromosome	87.500	24	3	0	740	763	1392253	1392276	8.6	28.7
NEIS0539_1_pglL	Chromosome	70.000	50	14	1	1245	1293	1423296	1423345	8.6	28.7
NEIS0539_1_pglL	Chromosome	71.698	53	12	2	1709	1761	1516328	1516377	8.6	28.7
NEIS0539_1_pglL	Chromosome	87.500	24	3	0	1281	1304	1532790	1532813	8.6	28.7
NEIS0539_1_pglL	Chromosome	82.143	28	5	0	687	714	1582489	1582516	8.6	28.7
NEIS0539_1_pglL	Chromosome	84.375	32	3	2	1271	1302	1615596	1615567	8.6	28.7
NEIS0539_1_pglL	Chromosome	100.000	18	0	0	1277	1294	1626602	1626619	8.6	28.7
NEIS0539_1_pglL	Chromosome	87.500	24	3	0	1276	1299	1728976	1728999	8.6	28.7
NEIS0539_1_pglL	Chromosome	84.615	26	4	0	1031	1056	1760979	1761004	8.6	28.7
NEIS0539_1_pglL	Chromosome	83.333	30	4	1	1268	1296	1766228	1766257	8.6	28.7
NEIS0539_1_pglL	Chromosome	87.500	24	3	0	1326	1349	1948547	1948524	8.6	28.7
NEIS0539_1_pglL	Chromosome	82.143	28	5	0	220	247	2024968	2024941	8.6	28.7
NEIS0539_1_pglL	Chromosome	75.000	36	9	0	627	662	2107687	2107722	8.6	28.7
NEIS0539_1_pglL	Chromosome	95.000	20	1	0	1278	1297	2160021	2160002	8.6	28.7
NEIS0539_1_pglL	Chromosome	95.000	20	1	0	1294	1313	2173303	2173284	8.6	28.7
NEIS0539_1_pglL	Chromosome	82.143	28	5	0	1102	1129	2177483	2177510	8.6	28.7
NEIS0539_1_pglL	Chromosome	82.143	28	5	0	1281	1308	2183213	2183186	8.6	28.7
NEIS2846_1_pglN2	Chromosome	87.676	1209	143	5	1	1208	1025208	1024005	0.0	1326
NEIS2846_1_pglN2	Chromosome	81.818	33	6	0	49	81	869609	869641	0.27	33.2
NEIS2846_1_pglN2	Chromosome	78.261	46	7	3	973	1017	140745	140702	0.74	31.7
NEIS2846_1_pglN2	Chromosome	91.667	24	2	0	1118	1141	345882	345905	0.74	31.7
NEIS2846_1_pglN2	Chromosome	63.636	77	27	1	716	792	957591	957516	2.0	30.2
NEIS2846_1_pglN2	Chromosome	88.000	25	3	0	184	208	1016897	1016873	2.0	30.2
NEIS2846_1_pglN2	Chromosome	78.788	33	7	0	49	81	1474360	1474328	2.0	30.2
NEIS2846_1_pglN2	Chromosome	85.185	27	4	0	1140	1166	1497644	1497670	2.0	30.2
NEIS2846_1_pglN2	Chromosome	88.000	25	3	0	599	623	1832492	1832468	2.0	30.2
NEIS2846_1_pglN2	Chromosome	75.610	41	9	1	433	472	1900223	1900183	2.0	30.2
NEIS2846_1_pglN2	Chromosome	73.171	41	11	0	833	873	1963311	1963351	2.0	30.2
NEIS2846_1_pglN2	Chromosome	74.000	50	10	3	963	1012	429629	429675	5.7	28.7
NEIS2846_1_pglN2	Chromosome	90.909	22	2	0	150	171	861474	861453	5.7	28.7
NEIS2846_1_pglN2	Chromosome	82.143	28	5	0	378	405	922277	922304	5.7	28.7
NEIS2846_1_pglN2	Chromosome	100.000	18	0	0	331	348	930508	930491	5.7	28.7
NEIS2846_1_pglN2	Chromosome	75.000	36	9	0	1029	1064	987748	987713	5.7	28.7
NEIS2846_1_pglN2	Chromosome	74.000	50	10	3	104	151	1029236	1029188	5.7	28.7
NEIS2846_1_pglN2	Chromosome	87.500	24	3	0	64	87	1086390	1086367	5.7	28.7
NEIS2846_1_pglN2	Chromosome	87.500	24	3	0	1085	1108	1220594	1220571	5.7	28.7
NEIS2846_1_pglN2	Chromosome	87.500	24	3	0	752	775	1251907	1251930	5.7	28.7
NEIS2846_1_pglN2	Chromosome	82.143	28	5	0	384	411	1300477	1300450	5.7	28.7
NEIS2846_1_pglN2	Chromosome	80.000	30	6	0	387	416	1976018	1976047	5.7	28.7
NEIS2846_1_pglN2	Chromosome	78.125	32	7	0	191	222	2158747	2158778	5.7	28.7
NEIS2841_1_pglN	Chromosome	61.684	1164	413	22	2	1147	1025195	1024047	3.84e-88	321
NEIS2841_1_pglN	Chromosome	75.000	60	13	2	900	958	91864	91922	0.002	40.5
NEIS2841_1_pglN	Chromosome	82.051	39	7	0	274	312	794269	794231	0.004	39.0
NEIS2841_1_pglN	Chromosome	75.000	48	11	1	1018	1065	569367	569413	0.092	34.6
NEIS2841_1_pglN	Chromosome	82.353	34	6	0	1074	1107	1244245	1244278	0.092	34.6
NEIS2841_1_pglN	Chromosome	73.214	56	13	2	72	127	1268297	1268350	0.092	34.6
NEIS2841_1_pglN	Chromosome	63.107	103	35	2	726	825	1329676	1329778	0.092	34.6
NEIS2841_1_pglN	Chromosome	92.308	26	2	0	598	623	1583828	1583803	0.092	34.6
NEIS2841_1_pglN	Chromosome	89.286	28	3	0	185	212	1807941	1807968	0.092	34.6
NEIS2841_1_pglN	Chromosome	78.378	37	8	0	102	138	75978	75942	0.26	33.2
NEIS2841_1_pglN	Chromosome	72.727	55	13	2	1035	1088	210035	210088	0.26	33.2
NEIS2841_1_pglN	Chromosome	68.852	61	18	1	703	762	733990	734050	0.26	33.2
NEIS2841_1_pglN	Chromosome	73.846	65	11	4	178	240	936352	936292	0.26	33.2
NEIS2841_1_pglN	Chromosome	89.286	28	2	1	597	623	55663	55636	0.71	31.7
NEIS2841_1_pglN	Chromosome	89.286	28	2	1	597	624	262578	262604	0.71	31.7
NEIS2841_1_pglN	Chromosome	91.667	24	2	0	1123	1146	421404	421381	0.71	31.7
NEIS2841_1_pglN	Chromosome	72.727	44	12	0	800	843	478583	478540	0.71	31.7
NEIS2841_1_pglN	Chromosome	79.412	34	7	0	761	794	505012	505045	0.71	31.7
NEIS2841_1_pglN	Chromosome	80.000	40	6	2	768	805	567947	567986	0.71	31.7
NEIS2841_1_pglN	Chromosome	73.585	53	11	2	695	747	667743	667792	0.71	31.7
NEIS2841_1_pglN	Chromosome	85.714	28	4	0	813	840	856622	856649	0.71	31.7
NEIS2841_1_pglN	Chromosome	76.190	42	9	1	498	538	863274	863315	0.71	31.7
NEIS2841_1_pglN	Chromosome	80.556	36	6	1	139	173	1449906	1449941	0.71	31.7
NEIS2841_1_pglN	Chromosome	61.789	123	42	4	677	799	1516514	1516631	0.71	31.7
NEIS2841_1_pglN	Chromosome	80.556	36	6	1	46	80	1627244	1627209	0.71	31.7
NEIS2841_1_pglN	Chromosome	72.917	48	12	1	305	352	1680152	1680106	0.71	31.7
NEIS2841_1_pglN	Chromosome	74.468	47	10	1	574	618	1890773	1890727	0.71	31.7
NEIS2841_1_pglN	Chromosome	84.375	32	4	1	1114	1145	1898600	1898570	0.71	31.7
NEIS2841_1_pglN	Chromosome	71.154	52	14	1	1025	1076	2035699	2035749	0.71	31.7
NEIS2841_1_pglN	Chromosome	88.000	25	3	0	184	208	30184	30208	2.0	30.2
NEIS2841_1_pglN	Chromosome	100.000	19	0	0	179	197	100979	100997	2.0	30.2
NEIS2841_1_pglN	Chromosome	76.744	43	8	2	293	334	182460	182419	2.0	30.2
NEIS2841_1_pglN	Chromosome	74.419	43	10	1	923	964	218504	218462	2.0	30.2
NEIS2841_1_pglN	Chromosome	78.049	41	7	2	878	917	319080	319119	2.0	30.2
NEIS2841_1_pglN	Chromosome	75.676	37	9	0	590	626	556753	556717	2.0	30.2
NEIS2841_1_pglN	Chromosome	70.492	61	15	3	688	748	622473	622530	2.0	30.2
NEIS2841_1_pglN	Chromosome	95.652	23	0	1	1119	1141	676972	676993	2.0	30.2
NEIS2841_1_pglN	Chromosome	88.889	27	2	1	613	639	804439	804464	2.0	30.2
NEIS2841_1_pglN	Chromosome	80.645	31	6	0	493	523	943174	943204	2.0	30.2
NEIS2841_1_pglN	Chromosome	89.286	28	1	1	772	799	994211	994236	2.0	30.2
NEIS2841_1_pglN	Chromosome	74.359	39	10	0	477	515	1015493	1015531	2.0	30.2
NEIS2841_1_pglN	Chromosome	95.238	21	1	0	184	204	1168787	1168767	2.0	30.2
NEIS2841_1_pglN	Chromosome	69.811	53	15	1	92	144	1229314	1229263	2.0	30.2
NEIS2841_1_pglN	Chromosome	85.185	27	4	0	1111	1137	1235497	1235523	2.0	30.2
NEIS2841_1_pglN	Chromosome	70.000	70	16	4	351	418	1387686	1387752	2.0	30.2
NEIS2841_1_pglN	Chromosome	75.676	37	9	0	699	735	1437873	1437909	2.0	30.2
NEIS2841_1_pglN	Chromosome	68.421	57	17	1	739	795	1608763	1608818	2.0	30.2
NEIS2841_1_pglN	Chromosome	80.645	31	6	0	203	233	1833685	1833655	2.0	30.2
NEIS2841_1_pglN	Chromosome	86.207	29	3	1	598	625	1883429	1883457	2.0	30.2
NEIS2841_1_pglN	Chromosome	75.000	48	9	2	11	58	2015218	2015174	2.0	30.2
NEIS2841_1_pglN	Chromosome	100.000	18	0	0	614	631	21083	21066	5.5	28.7
NEIS2841_1_pglN	Chromosome	87.500	24	3	0	612	635	22432	22409	5.5	28.7
NEIS2841_1_pglN	Chromosome	85.714	28	3	1	610	636	24877	24850	5.5	28.7
NEIS2841_1_pglN	Chromosome	73.684	38	10	0	1099	1136	28914	28951	5.5	28.7
NEIS2841_1_pglN	Chromosome	76.190	42	8	2	919	959	79647	79687	5.5	28.7
NEIS2841_1_pglN	Chromosome	87.500	24	3	0	609	632	93971	93948	5.5	28.7
NEIS2841_1_pglN	Chromosome	76.471	34	8	0	379	412	127762	127729	5.5	28.7
NEIS2841_1_pglN	Chromosome	95.000	20	1	0	1121	1140	134934	134953	5.5	28.7
NEIS2841_1_pglN	Chromosome	90.909	22	2	0	174	195	155367	155346	5.5	28.7
NEIS2841_1_pglN	Chromosome	87.500	24	3	0	736	759	162618	162641	5.5	28.7
NEIS2841_1_pglN	Chromosome	100.000	18	0	0	613	630	175297	175314	5.5	28.7
NEIS2841_1_pglN	Chromosome	100.000	18	0	0	613	630	193473	193456	5.5	28.7
NEIS2841_1_pglN	Chromosome	87.500	24	3	0	600	623	206226	206249	5.5	28.7
NEIS2841_1_pglN	Chromosome	95.000	20	1	0	607	626	209139	209120	5.5	28.7
NEIS2841_1_pglN	Chromosome	78.125	32	7	0	497	528	215388	215419	5.5	28.7
NEIS2841_1_pglN	Chromosome	100.000	18	0	0	779	796	231095	231078	5.5	28.7
NEIS2841_1_pglN	Chromosome	95.000	20	1	0	176	195	235792	235773	5.5	28.7
NEIS2841_1_pglN	Chromosome	82.143	28	5	0	1124	1151	387682	387655	5.5	28.7
NEIS2841_1_pglN	Chromosome	77.778	36	7	1	773	807	415165	415200	5.5	28.7
NEIS2841_1_pglN	Chromosome	87.500	24	3	0	486	509	429477	429454	5.5	28.7
NEIS2841_1_pglN	Chromosome	72.500	40	11	0	798	837	446589	446628	5.5	28.7
NEIS2841_1_pglN	Chromosome	90.909	22	2	0	611	632	551376	551397	5.5	28.7
NEIS2841_1_pglN	Chromosome	84.375	32	3	2	1127	1157	659920	659950	5.5	28.7
NEIS2841_1_pglN	Chromosome	73.684	38	10	0	786	823	708073	708036	5.5	28.7
NEIS2841_1_pglN	Chromosome	69.565	46	14	0	1092	1137	807598	807643	5.5	28.7
NEIS2841_1_pglN	Chromosome	83.333	30	4	1	175	203	858214	858185	5.5	28.7
NEIS2841_1_pglN	Chromosome	88.462	26	2	1	287	312	892601	892625	5.5	28.7
NEIS2841_1_pglN	Chromosome	80.000	30	6	0	744	773	976690	976719	5.5	28.7
NEIS2841_1_pglN	Chromosome	100.000	18	0	0	179	196	1009961	1009944	5.5	28.7
NEIS2841_1_pglN	Chromosome	78.378	37	6	1	855	891	1044891	1044925	5.5	28.7
NEIS2841_1_pglN	Chromosome	84.615	26	4	0	172	197	1123342	1123367	5.5	28.7
NEIS2841_1_pglN	Chromosome	77.778	36	7	1	819	853	1166300	1166335	5.5	28.7
NEIS2841_1_pglN	Chromosome	77.778	36	7	1	979	1013	1236146	1236181	5.5	28.7
NEIS2841_1_pglN	Chromosome	90.909	22	2	0	1070	1091	1242825	1242846	5.5	28.7
NEIS2841_1_pglN	Chromosome	90.909	22	2	0	671	692	1250234	1250255	5.5	28.7
NEIS2841_1_pglN	Chromosome	66.129	62	20	1	178	239	1284996	1285056	5.5	28.7
NEIS2841_1_pglN	Chromosome	70.370	54	14	2	1095	1148	1288490	1288439	5.5	28.7
NEIS2841_1_pglN	Chromosome	82.143	28	5	0	1122	1149	1346154	1346127	5.5	28.7
NEIS2841_1_pglN	Chromosome	84.615	26	4	0	783	808	1401198	1401223	5.5	28.7
NEIS2841_1_pglN	Chromosome	76.923	39	7	1	160	198	1401803	1401767	5.5	28.7
NEIS2841_1_pglN	Chromosome	76.316	38	8	1	161	197	1401858	1401895	5.5	28.7
NEIS2841_1_pglN	Chromosome	70.455	44	13	0	1118	1161	1416411	1416454	5.5	28.7
NEIS2841_1_pglN	Chromosome	84.615	26	4	0	611	636	1478627	1478602	5.5	28.7
NEIS2841_1_pglN	Chromosome	82.143	28	5	0	598	625	1495400	1495427	5.5	28.7
NEIS2841_1_pglN	Chromosome	90.909	22	2	0	928	949	1555301	1555280	5.5	28.7
NEIS2841_1_pglN	Chromosome	87.500	24	3	0	350	373	1578817	1578794	5.5	28.7
NEIS2841_1_pglN	Chromosome	76.923	39	7	1	1127	1165	1588228	1588192	5.5	28.7
NEIS2841_1_pglN	Chromosome	84.615	26	4	0	1089	1114	1614264	1614289	5.5	28.7
NEIS2841_1_pglN	Chromosome	62.857	70	26	0	834	903	1660876	1660945	5.5	28.7
NEIS2841_1_pglN	Chromosome	76.316	38	8	1	1116	1153	1675247	1675211	5.5	28.7
NEIS2841_1_pglN	Chromosome	75.000	44	9	2	583	625	1751664	1751622	5.5	28.7
NEIS2841_1_pglN	Chromosome	87.500	24	3	0	613	636	1784513	1784536	5.5	28.7
NEIS2841_1_pglN	Chromosome	100.000	18	0	0	1122	1139	1807956	1807939	5.5	28.7
NEIS2841_1_pglN	Chromosome	83.333	30	4	1	609	637	1907292	1907263	5.5	28.7
NEIS2841_1_pglN	Chromosome	90.909	22	2	0	176	197	1996614	1996635	5.5	28.7
NEIS2841_1_pglN	Chromosome	84.615	26	4	0	1122	1147	2010553	2010528	5.5	28.7
NEIS2841_1_pglN	Chromosome	90.909	22	2	0	108	129	2024146	2024167	5.5	28.7
NEIS2841_1_pglN	Chromosome	72.500	40	11	0	613	652	2026101	2026062	5.5	28.7
NEIS2841_1_pglN	Chromosome	80.000	30	6	0	185	214	2082787	2082816	5.5	28.7
